<?xml version="1.0" encoding="UTF-8"?>
<testsuite xmlns:xsi="http://www.w3.org/2001/XMLSchema-instance" xsi:noNamespaceSchemaLocation="https://maven.apache.org/surefire/maven-surefire-plugin/xsd/surefire-test-report-3.0.xsd" version="3.0" name="List organization repositories" time="9.629" tests="8" errors="0" skipped="0" failures="0">
  <properties>
    <property name="java.specification.version" value="19"/>
    <property name="sun.cpu.isalist" value="amd64"/>
    <property name="sun.jnu.encoding" value="Cp1252"/>
    <property name="java.class.path" value="D:\Workspace\PK_API_Framework\PK_API_Framework\target\test-classes;D:\Workspace\PK_API_Framework\PK_API_Framework\target\classes;C:\Users\DELL\.m2\repository\io\rest-assured\rest-assured\5.3.0\rest-assured-5.3.0.jar;C:\Users\DELL\.m2\repository\org\apache\groovy\groovy\4.0.6\groovy-4.0.6.jar;C:\Users\DELL\.m2\repository\org\apache\groovy\groovy-xml\4.0.6\groovy-xml-4.0.6.jar;C:\Users\DELL\.m2\repository\org\apache\httpcomponents\httpclient\4.5.13\httpclient-4.5.13.jar;C:\Users\DELL\.m2\repository\org\apache\httpcomponents\httpcore\4.4.13\httpcore-4.4.13.jar;C:\Users\DELL\.m2\repository\commons-logging\commons-logging\1.2\commons-logging-1.2.jar;C:\Users\DELL\.m2\repository\commons-codec\commons-codec\1.11\commons-codec-1.11.jar;C:\Users\DELL\.m2\repository\org\apache\httpcomponents\httpmime\4.5.13\httpmime-4.5.13.jar;C:\Users\DELL\.m2\repository\org\hamcrest\hamcrest\2.1\hamcrest-2.1.jar;C:\Users\DELL\.m2\repository\org\ccil\cowan\tagsoup\tagsoup\1.2.1\tagsoup-1.2.1.jar;C:\Users\DELL\.m2\repository\io\rest-assured\json-path\5.3.0\json-path-5.3.0.jar;C:\Users\DELL\.m2\repository\org\apache\groovy\groovy-json\4.0.6\groovy-json-4.0.6.jar;C:\Users\DELL\.m2\repository\io\rest-assured\rest-assured-common\5.3.0\rest-assured-common-5.3.0.jar;C:\Users\DELL\.m2\repository\io\rest-assured\xml-path\5.3.0\xml-path-5.3.0.jar;C:\Users\DELL\.m2\repository\org\apache\commons\commons-lang3\3.11\commons-lang3-3.11.jar;C:\Users\DELL\.m2\repository\com\fasterxml\jackson\core\jackson-databind\2.15.0\jackson-databind-2.15.0.jar;C:\Users\DELL\.m2\repository\com\fasterxml\jackson\core\jackson-annotations\2.15.0\jackson-annotations-2.15.0.jar;C:\Users\DELL\.m2\repository\com\fasterxml\jackson\core\jackson-core\2.15.0\jackson-core-2.15.0.jar;C:\Users\DELL\.m2\repository\io\cucumber\cucumber-java\7.12.0\cucumber-java-7.12.0.jar;C:\Users\DELL\.m2\repository\io\cucumber\cucumber-core\7.12.0\cucumber-core-7.12.0.jar;C:\Users\DELL\.m2\repository\io\cucumber\cucumber-gherkin\7.12.0\cucumber-gherkin-7.12.0.jar;C:\Users\DELL\.m2\repository\io\cucumber\cucumber-gherkin-messages\7.12.0\cucumber-gherkin-messages-7.12.0.jar;C:\Users\DELL\.m2\repository\io\cucumber\gherkin\26.2.0\gherkin-26.2.0.jar;C:\Users\DELL\.m2\repository\io\cucumber\messages\22.0.0\messages-22.0.0.jar;C:\Users\DELL\.m2\repository\io\cucumber\tag-expressions\5.0.1\tag-expressions-5.0.1.jar;C:\Users\DELL\.m2\repository\io\cucumber\cucumber-expressions\16.1.2\cucumber-expressions-16.1.2.jar;C:\Users\DELL\.m2\repository\io\cucumber\datatable\7.12.0\datatable-7.12.0.jar;C:\Users\DELL\.m2\repository\io\cucumber\cucumber-plugin\7.12.0\cucumber-plugin-7.12.0.jar;C:\Users\DELL\.m2\repository\io\cucumber\docstring\7.12.0\docstring-7.12.0.jar;C:\Users\DELL\.m2\repository\io\cucumber\html-formatter\20.3.0\html-formatter-20.3.0.jar;C:\Users\DELL\.m2\repository\io\cucumber\junit-xml-formatter\0.2.0\junit-xml-formatter-0.2.0.jar;C:\Users\DELL\.m2\repository\io\cucumber\ci-environment\9.2.0\ci-environment-9.2.0.jar;C:\Users\DELL\.m2\repository\org\apiguardian\apiguardian-api\1.1.2\apiguardian-api-1.1.2.jar;C:\Users\DELL\.m2\repository\io\cucumber\cucumber-junit\7.12.0\cucumber-junit-7.12.0.jar;C:\Users\DELL\.m2\repository\junit\junit\4.13.2\junit-4.13.2.jar;C:\Users\DELL\.m2\repository\org\hamcrest\hamcrest-core\1.3\hamcrest-core-1.3.jar;C:\Users\DELL\.m2\repository\com\aventstack\extentreports\5.0.9\extentreports-5.0.9.jar;C:\Users\DELL\.m2\repository\io\reactivex\rxjava3\rxjava\3.0.4\rxjava-3.0.4.jar;C:\Users\DELL\.m2\repository\org\reactivestreams\reactive-streams\1.0.3\reactive-streams-1.0.3.jar;C:\Users\DELL\.m2\repository\org\freemarker\freemarker\2.3.30\freemarker-2.3.30.jar;C:\Users\DELL\.m2\repository\org\projectlombok\lombok\1.18.12\lombok-1.18.12.jar;C:\Users\DELL\.m2\repository\com\google\code\gson\gson\2.8.6\gson-2.8.6.jar;C:\Users\DELL\.m2\repository\tech\grasshopper\extentreports-cucumber7-adapter\1.12.0\extentreports-cucumber7-adapter-1.12.0.jar;C:\Users\DELL\.m2\repository\tech\grasshopper\extent-pdf-report\2.10.0\extent-pdf-report-2.10.0.jar;C:\Users\DELL\.m2\repository\tech\grasshopper\cucumber-pdf-report\2.12.0\cucumber-pdf-report-2.12.0.jar;C:\Users\DELL\.m2\repository\org\apache\pdfbox\pdfbox\2.0.26\pdfbox-2.0.26.jar;C:\Users\DELL\.m2\repository\org\apache\pdfbox\fontbox\2.0.26\fontbox-2.0.26.jar;C:\Users\DELL\.m2\repository\org\knowm\xchart\xchart\3.8.0\xchart-3.8.0.jar;C:\Users\DELL\.m2\repository\de\erichseifert\vectorgraphics2d\VectorGraphics2D\0.13\VectorGraphics2D-0.13.jar;C:\Users\DELL\.m2\repository\de\rototor\pdfbox\graphics2d\0.30\graphics2d-0.30.jar;C:\Users\DELL\.m2\repository\com\madgag\animated-gif-lib\1.4\animated-gif-lib-1.4.jar;C:\Users\DELL\.m2\repository\org\yaml\snakeyaml\1.28\snakeyaml-1.28.jar;C:\Users\DELL\.m2\repository\tech\grasshopper\table-layout\1.5.1\table-layout-1.5.1.jar;C:\Users\DELL\.m2\repository\tech\grasshopper\rest-assured-cucumber-pdf-report\1.4.1\rest-assured-cucumber-pdf-report-1.4.1.jar;C:\Users\DELL\.m2\repository\org\jsoup\jsoup\1.15.3\jsoup-1.15.3.jar;C:\Users\DELL\.m2\repository\com\aventstack\klov-reporter\5.0.9\klov-reporter-5.0.9.jar;C:\Users\DELL\.m2\repository\org\mongodb\mongodb-driver\3.6.4\mongodb-driver-3.6.4.jar;C:\Users\DELL\.m2\repository\org\mongodb\mongodb-driver-core\3.6.4\mongodb-driver-core-3.6.4.jar;C:\Users\DELL\.m2\repository\org\mongodb\bson\3.6.4\bson-3.6.4.jar;C:\Users\DELL\.m2\repository\tech\grasshopper\htmlextentreporter\1.0.1\htmlextentreporter-1.0.1.jar;C:\Users\DELL\.m2\repository\tech\grasshopper\extent-excel-report\1.3.0\extent-excel-report-1.3.0.jar;C:\Users\DELL\.m2\repository\org\apache\poi\poi\5.2.3\poi-5.2.3.jar;C:\Users\DELL\.m2\repository\org\apache\commons\commons-collections4\4.4\commons-collections4-4.4.jar;C:\Users\DELL\.m2\repository\org\apache\commons\commons-math3\3.6.1\commons-math3-3.6.1.jar;C:\Users\DELL\.m2\repository\commons-io\commons-io\2.11.0\commons-io-2.11.0.jar;C:\Users\DELL\.m2\repository\com\zaxxer\SparseBitSet\1.2\SparseBitSet-1.2.jar;C:\Users\DELL\.m2\repository\org\apache\logging\log4j\log4j-api\2.18.0\log4j-api-2.18.0.jar;C:\Users\DELL\.m2\repository\org\apache\poi\poi-ooxml\5.2.3\poi-ooxml-5.2.3.jar;C:\Users\DELL\.m2\repository\org\apache\poi\poi-ooxml-lite\5.2.3\poi-ooxml-lite-5.2.3.jar;C:\Users\DELL\.m2\repository\org\apache\xmlbeans\xmlbeans\5.1.1\xmlbeans-5.1.1.jar;C:\Users\DELL\.m2\repository\org\apache\commons\commons-compress\1.21\commons-compress-1.21.jar;C:\Users\DELL\.m2\repository\com\github\virtuald\curvesapi\1.07\curvesapi-1.07.jar;C:\Users\DELL\.m2\repository\io\cucumber\cucumber-picocontainer\7.12.0\cucumber-picocontainer-7.12.0.jar;C:\Users\DELL\.m2\repository\org\picocontainer\picocontainer\2.15\picocontainer-2.15.jar;"/>
    <property name="java.vm.vendor" value="Oracle Corporation"/>
    <property name="sun.arch.data.model" value="64"/>
    <property name="user.variant" value=""/>
    <property name="java.vendor.url" value="https://java.oracle.com/"/>
    <property name="user.timezone" value="Asia/Calcutta"/>
    <property name="os.name" value="Windows 10"/>
    <property name="java.vm.specification.version" value="19"/>
    <property name="sun.java.launcher" value="SUN_STANDARD"/>
    <property name="user.country" value="IN"/>
    <property name="sun.boot.library.path" value="C:\Program Files\Java\jdk-19\bin"/>
    <property name="sun.java.command" value="C:\Users\DELL\AppData\Local\Temp\surefire363127073948622617\surefirebooter-20230522224608415_3.jar C:\Users\DELL\AppData\Local\Temp\surefire363127073948622617 2023-05-22T22-46-06_491-jvmRun1 surefire-20230522224608415_1tmp surefire_0-20230522224608415_2tmp"/>
    <property name="jdk.debug" value="release"/>
    <property name="surefire.test.class.path" value="D:\Workspace\PK_API_Framework\PK_API_Framework\target\test-classes;D:\Workspace\PK_API_Framework\PK_API_Framework\target\classes;C:\Users\DELL\.m2\repository\io\rest-assured\rest-assured\5.3.0\rest-assured-5.3.0.jar;C:\Users\DELL\.m2\repository\org\apache\groovy\groovy\4.0.6\groovy-4.0.6.jar;C:\Users\DELL\.m2\repository\org\apache\groovy\groovy-xml\4.0.6\groovy-xml-4.0.6.jar;C:\Users\DELL\.m2\repository\org\apache\httpcomponents\httpclient\4.5.13\httpclient-4.5.13.jar;C:\Users\DELL\.m2\repository\org\apache\httpcomponents\httpcore\4.4.13\httpcore-4.4.13.jar;C:\Users\DELL\.m2\repository\commons-logging\commons-logging\1.2\commons-logging-1.2.jar;C:\Users\DELL\.m2\repository\commons-codec\commons-codec\1.11\commons-codec-1.11.jar;C:\Users\DELL\.m2\repository\org\apache\httpcomponents\httpmime\4.5.13\httpmime-4.5.13.jar;C:\Users\DELL\.m2\repository\org\hamcrest\hamcrest\2.1\hamcrest-2.1.jar;C:\Users\DELL\.m2\repository\org\ccil\cowan\tagsoup\tagsoup\1.2.1\tagsoup-1.2.1.jar;C:\Users\DELL\.m2\repository\io\rest-assured\json-path\5.3.0\json-path-5.3.0.jar;C:\Users\DELL\.m2\repository\org\apache\groovy\groovy-json\4.0.6\groovy-json-4.0.6.jar;C:\Users\DELL\.m2\repository\io\rest-assured\rest-assured-common\5.3.0\rest-assured-common-5.3.0.jar;C:\Users\DELL\.m2\repository\io\rest-assured\xml-path\5.3.0\xml-path-5.3.0.jar;C:\Users\DELL\.m2\repository\org\apache\commons\commons-lang3\3.11\commons-lang3-3.11.jar;C:\Users\DELL\.m2\repository\com\fasterxml\jackson\core\jackson-databind\2.15.0\jackson-databind-2.15.0.jar;C:\Users\DELL\.m2\repository\com\fasterxml\jackson\core\jackson-annotations\2.15.0\jackson-annotations-2.15.0.jar;C:\Users\DELL\.m2\repository\com\fasterxml\jackson\core\jackson-core\2.15.0\jackson-core-2.15.0.jar;C:\Users\DELL\.m2\repository\io\cucumber\cucumber-java\7.12.0\cucumber-java-7.12.0.jar;C:\Users\DELL\.m2\repository\io\cucumber\cucumber-core\7.12.0\cucumber-core-7.12.0.jar;C:\Users\DELL\.m2\repository\io\cucumber\cucumber-gherkin\7.12.0\cucumber-gherkin-7.12.0.jar;C:\Users\DELL\.m2\repository\io\cucumber\cucumber-gherkin-messages\7.12.0\cucumber-gherkin-messages-7.12.0.jar;C:\Users\DELL\.m2\repository\io\cucumber\gherkin\26.2.0\gherkin-26.2.0.jar;C:\Users\DELL\.m2\repository\io\cucumber\messages\22.0.0\messages-22.0.0.jar;C:\Users\DELL\.m2\repository\io\cucumber\tag-expressions\5.0.1\tag-expressions-5.0.1.jar;C:\Users\DELL\.m2\repository\io\cucumber\cucumber-expressions\16.1.2\cucumber-expressions-16.1.2.jar;C:\Users\DELL\.m2\repository\io\cucumber\datatable\7.12.0\datatable-7.12.0.jar;C:\Users\DELL\.m2\repository\io\cucumber\cucumber-plugin\7.12.0\cucumber-plugin-7.12.0.jar;C:\Users\DELL\.m2\repository\io\cucumber\docstring\7.12.0\docstring-7.12.0.jar;C:\Users\DELL\.m2\repository\io\cucumber\html-formatter\20.3.0\html-formatter-20.3.0.jar;C:\Users\DELL\.m2\repository\io\cucumber\junit-xml-formatter\0.2.0\junit-xml-formatter-0.2.0.jar;C:\Users\DELL\.m2\repository\io\cucumber\ci-environment\9.2.0\ci-environment-9.2.0.jar;C:\Users\DELL\.m2\repository\org\apiguardian\apiguardian-api\1.1.2\apiguardian-api-1.1.2.jar;C:\Users\DELL\.m2\repository\io\cucumber\cucumber-junit\7.12.0\cucumber-junit-7.12.0.jar;C:\Users\DELL\.m2\repository\junit\junit\4.13.2\junit-4.13.2.jar;C:\Users\DELL\.m2\repository\org\hamcrest\hamcrest-core\1.3\hamcrest-core-1.3.jar;C:\Users\DELL\.m2\repository\com\aventstack\extentreports\5.0.9\extentreports-5.0.9.jar;C:\Users\DELL\.m2\repository\io\reactivex\rxjava3\rxjava\3.0.4\rxjava-3.0.4.jar;C:\Users\DELL\.m2\repository\org\reactivestreams\reactive-streams\1.0.3\reactive-streams-1.0.3.jar;C:\Users\DELL\.m2\repository\org\freemarker\freemarker\2.3.30\freemarker-2.3.30.jar;C:\Users\DELL\.m2\repository\org\projectlombok\lombok\1.18.12\lombok-1.18.12.jar;C:\Users\DELL\.m2\repository\com\google\code\gson\gson\2.8.6\gson-2.8.6.jar;C:\Users\DELL\.m2\repository\tech\grasshopper\extentreports-cucumber7-adapter\1.12.0\extentreports-cucumber7-adapter-1.12.0.jar;C:\Users\DELL\.m2\repository\tech\grasshopper\extent-pdf-report\2.10.0\extent-pdf-report-2.10.0.jar;C:\Users\DELL\.m2\repository\tech\grasshopper\cucumber-pdf-report\2.12.0\cucumber-pdf-report-2.12.0.jar;C:\Users\DELL\.m2\repository\org\apache\pdfbox\pdfbox\2.0.26\pdfbox-2.0.26.jar;C:\Users\DELL\.m2\repository\org\apache\pdfbox\fontbox\2.0.26\fontbox-2.0.26.jar;C:\Users\DELL\.m2\repository\org\knowm\xchart\xchart\3.8.0\xchart-3.8.0.jar;C:\Users\DELL\.m2\repository\de\erichseifert\vectorgraphics2d\VectorGraphics2D\0.13\VectorGraphics2D-0.13.jar;C:\Users\DELL\.m2\repository\de\rototor\pdfbox\graphics2d\0.30\graphics2d-0.30.jar;C:\Users\DELL\.m2\repository\com\madgag\animated-gif-lib\1.4\animated-gif-lib-1.4.jar;C:\Users\DELL\.m2\repository\org\yaml\snakeyaml\1.28\snakeyaml-1.28.jar;C:\Users\DELL\.m2\repository\tech\grasshopper\table-layout\1.5.1\table-layout-1.5.1.jar;C:\Users\DELL\.m2\repository\tech\grasshopper\rest-assured-cucumber-pdf-report\1.4.1\rest-assured-cucumber-pdf-report-1.4.1.jar;C:\Users\DELL\.m2\repository\org\jsoup\jsoup\1.15.3\jsoup-1.15.3.jar;C:\Users\DELL\.m2\repository\com\aventstack\klov-reporter\5.0.9\klov-reporter-5.0.9.jar;C:\Users\DELL\.m2\repository\org\mongodb\mongodb-driver\3.6.4\mongodb-driver-3.6.4.jar;C:\Users\DELL\.m2\repository\org\mongodb\mongodb-driver-core\3.6.4\mongodb-driver-core-3.6.4.jar;C:\Users\DELL\.m2\repository\org\mongodb\bson\3.6.4\bson-3.6.4.jar;C:\Users\DELL\.m2\repository\tech\grasshopper\htmlextentreporter\1.0.1\htmlextentreporter-1.0.1.jar;C:\Users\DELL\.m2\repository\tech\grasshopper\extent-excel-report\1.3.0\extent-excel-report-1.3.0.jar;C:\Users\DELL\.m2\repository\org\apache\poi\poi\5.2.3\poi-5.2.3.jar;C:\Users\DELL\.m2\repository\org\apache\commons\commons-collections4\4.4\commons-collections4-4.4.jar;C:\Users\DELL\.m2\repository\org\apache\commons\commons-math3\3.6.1\commons-math3-3.6.1.jar;C:\Users\DELL\.m2\repository\commons-io\commons-io\2.11.0\commons-io-2.11.0.jar;C:\Users\DELL\.m2\repository\com\zaxxer\SparseBitSet\1.2\SparseBitSet-1.2.jar;C:\Users\DELL\.m2\repository\org\apache\logging\log4j\log4j-api\2.18.0\log4j-api-2.18.0.jar;C:\Users\DELL\.m2\repository\org\apache\poi\poi-ooxml\5.2.3\poi-ooxml-5.2.3.jar;C:\Users\DELL\.m2\repository\org\apache\poi\poi-ooxml-lite\5.2.3\poi-ooxml-lite-5.2.3.jar;C:\Users\DELL\.m2\repository\org\apache\xmlbeans\xmlbeans\5.1.1\xmlbeans-5.1.1.jar;C:\Users\DELL\.m2\repository\org\apache\commons\commons-compress\1.21\commons-compress-1.21.jar;C:\Users\DELL\.m2\repository\com\github\virtuald\curvesapi\1.07\curvesapi-1.07.jar;C:\Users\DELL\.m2\repository\io\cucumber\cucumber-picocontainer\7.12.0\cucumber-picocontainer-7.12.0.jar;C:\Users\DELL\.m2\repository\org\picocontainer\picocontainer\2.15\picocontainer-2.15.jar;"/>
    <property name="sun.cpu.endian" value="little"/>
    <property name="user.home" value="C:\Users\DELL"/>
    <property name="user.language" value="en"/>
    <property name="java.specification.vendor" value="Oracle Corporation"/>
    <property name="java.version.date" value="2022-09-20"/>
    <property name="java.home" value="C:\Program Files\Java\jdk-19"/>
    <property name="file.separator" value="\"/>
    <property name="basedir" value="D:\Workspace\PK_API_Framework\PK_API_Framework"/>
    <property name="style.color" value="always"/>
    <property name="java.vm.compressedOopsMode" value="32-bit"/>
    <property name="line.separator" value="&#10;"/>
    <property name="java.vm.specification.vendor" value="Oracle Corporation"/>
    <property name="java.specification.name" value="Java Platform API Specification"/>
    <property name="surefire.real.class.path" value="C:\Users\DELL\AppData\Local\Temp\surefire363127073948622617\surefirebooter-20230522224608415_3.jar"/>
    <property name="user.script" value=""/>
    <property name="sun.management.compiler" value="HotSpot 64-Bit Tiered Compilers"/>
    <property name="java.runtime.version" value="19+36-2238"/>
    <property name="user.name" value="DELL"/>
    <property name="stdout.encoding" value="Cp1252"/>
    <property name="path.separator" value=";"/>
    <property name="os.version" value="10.0"/>
    <property name="java.runtime.name" value="Java(TM) SE Runtime Environment"/>
    <property name="file.encoding" value="UTF-8"/>
    <property name="java.vm.name" value="Java HotSpot(TM) 64-Bit Server VM"/>
    <property name="localRepository" value="C:\Users\DELL\.m2\repository"/>
    <property name="java.vendor.url.bug" value="https://bugreport.java.com/bugreport/"/>
    <property name="java.io.tmpdir" value="C:\Users\DELL\AppData\Local\Temp\"/>
    <property name="java.version" value="19"/>
    <property name="user.dir" value="D:\Workspace\PK_API_Framework\PK_API_Framework"/>
    <property name="os.arch" value="amd64"/>
    <property name="java.vm.specification.name" value="Java Virtual Machine Specification"/>
    <property name="sun.os.patch.level" value=""/>
    <property name="native.encoding" value="Cp1252"/>
    <property name="java.library.path" value="C:\Program Files\Java\jdk-19\bin;C:\Windows\Sun\Java\bin;C:\Windows\system32;C:\Windows;C:/Program Files/Java/jdk-19/bin/server;C:/Program Files/Java/jdk-19/bin;C:\Program Files\Common Files\Oracle\Java\javapath;C:\Windows\system32;C:\Windows;C:\Windows\System32\Wbem;C:\Windows\System32\WindowsPowerShell\v1.0\;C:\Windows\System32\OpenSSH\;C:\Program Files\Git\cmd;C:\Users\DELL\AppData\Local\Microsoft\WindowsApps;C:\Program Files\Java\jdk-19\bin;;C:\Windows\System32;;."/>
    <property name="java.vm.info" value="mixed mode, sharing"/>
    <property name="stderr.encoding" value="Cp1252"/>
    <property name="java.vendor" value="Oracle Corporation"/>
    <property name="java.vm.version" value="19+36-2238"/>
    <property name="sun.io.unicode.encoding" value="UnicodeLittle"/>
    <property name="java.class.version" value="63.0"/>
  </properties>
  <testcase name="Valid org in path param" classname="List organization repositories" time="5.209">
    <system-out><![CDATA[=============== Execute perticular tags ==============
=============== Before any scenarios ==============
Executing Given
Executing When
Request method:	GET
Request URI:	https://api.github.com/orgs/orgpawanapivalidation/repos
Proxy:			<none>
Request params:	<none>
Query params:	<none>
Form params:	<none>
Path params:	org=orgpawanapivalidation
Headers:		Accept=*/*
Cookies:		<none>
Multiparts:		<none>
Body:			<none>
Executing Then
[
    {
        "id": 633680556,
        "node_id": "R_kgDOJcUyrA",
        "name": "repo_pk_restassured",
        "full_name": "orgpawanapivalidation/repo_pk_restassured",
        "private": false,
        "owner": {
            "login": "orgpawanapivalidation",
            "id": 132034478,
            "node_id": "O_kgDOB96vrg",
            "avatar_url": "https://avatars.githubusercontent.com/u/132034478?v=4",
            "gravatar_id": "",
            "url": "https://api.github.com/users/orgpawanapivalidation",
            "html_url": "https://github.com/orgpawanapivalidation",
            "followers_url": "https://api.github.com/users/orgpawanapivalidation/followers",
            "following_url": "https://api.github.com/users/orgpawanapivalidation/following{/other_user}",
            "gists_url": "https://api.github.com/users/orgpawanapivalidation/gists{/gist_id}",
            "starred_url": "https://api.github.com/users/orgpawanapivalidation/starred{/owner}{/repo}",
            "subscriptions_url": "https://api.github.com/users/orgpawanapivalidation/subscriptions",
            "organizations_url": "https://api.github.com/users/orgpawanapivalidation/orgs",
            "repos_url": "https://api.github.com/users/orgpawanapivalidation/repos",
            "events_url": "https://api.github.com/users/orgpawanapivalidation/events{/privacy}",
            "received_events_url": "https://api.github.com/users/orgpawanapivalidation/received_events",
            "type": "Organization",
            "site_admin": false
        },
        "html_url": "https://github.com/orgpawanapivalidation/repo_pk_restassured",
        "description": null,
        "fork": false,
        "url": "https://api.github.com/repos/orgpawanapivalidation/repo_pk_restassured",
        "forks_url": "https://api.github.com/repos/orgpawanapivalidation/repo_pk_restassured/forks",
        "keys_url": "https://api.github.com/repos/orgpawanapivalidation/repo_pk_restassured/keys{/key_id}",
        "collaborators_url": "https://api.github.com/repos/orgpawanapivalidation/repo_pk_restassured/collaborators{/collaborator}",
        "teams_url": "https://api.github.com/repos/orgpawanapivalidation/repo_pk_restassured/teams",
        "hooks_url": "https://api.github.com/repos/orgpawanapivalidation/repo_pk_restassured/hooks",
        "issue_events_url": "https://api.github.com/repos/orgpawanapivalidation/repo_pk_restassured/issues/events{/number}",
        "events_url": "https://api.github.com/repos/orgpawanapivalidation/repo_pk_restassured/events",
        "assignees_url": "https://api.github.com/repos/orgpawanapivalidation/repo_pk_restassured/assignees{/user}",
        "branches_url": "https://api.github.com/repos/orgpawanapivalidation/repo_pk_restassured/branches{/branch}",
        "tags_url": "https://api.github.com/repos/orgpawanapivalidation/repo_pk_restassured/tags",
        "blobs_url": "https://api.github.com/repos/orgpawanapivalidation/repo_pk_restassured/git/blobs{/sha}",
        "git_tags_url": "https://api.github.com/repos/orgpawanapivalidation/repo_pk_restassured/git/tags{/sha}",
        "git_refs_url": "https://api.github.com/repos/orgpawanapivalidation/repo_pk_restassured/git/refs{/sha}",
        "trees_url": "https://api.github.com/repos/orgpawanapivalidation/repo_pk_restassured/git/trees{/sha}",
        "statuses_url": "https://api.github.com/repos/orgpawanapivalidation/repo_pk_restassured/statuses/{sha}",
        "languages_url": "https://api.github.com/repos/orgpawanapivalidation/repo_pk_restassured/languages",
        "stargazers_url": "https://api.github.com/repos/orgpawanapivalidation/repo_pk_restassured/stargazers",
        "contributors_url": "https://api.github.com/repos/orgpawanapivalidation/repo_pk_restassured/contributors",
        "subscribers_url": "https://api.github.com/repos/orgpawanapivalidation/repo_pk_restassured/subscribers",
        "subscription_url": "https://api.github.com/repos/orgpawanapivalidation/repo_pk_restassured/subscription",
        "commits_url": "https://api.github.com/repos/orgpawanapivalidation/repo_pk_restassured/commits{/sha}",
        "git_commits_url": "https://api.github.com/repos/orgpawanapivalidation/repo_pk_restassured/git/commits{/sha}",
        "comments_url": "https://api.github.com/repos/orgpawanapivalidation/repo_pk_restassured/comments{/number}",
        "issue_comment_url": "https://api.github.com/repos/orgpawanapivalidation/repo_pk_restassured/issues/comments{/number}",
        "contents_url": "https://api.github.com/repos/orgpawanapivalidation/repo_pk_restassured/contents/{+path}",
        "compare_url": "https://api.github.com/repos/orgpawanapivalidation/repo_pk_restassured/compare/{base}...{head}",
        "merges_url": "https://api.github.com/repos/orgpawanapivalidation/repo_pk_restassured/merges",
        "archive_url": "https://api.github.com/repos/orgpawanapivalidation/repo_pk_restassured/{archive_format}{/ref}",
        "downloads_url": "https://api.github.com/repos/orgpawanapivalidation/repo_pk_restassured/downloads",
        "issues_url": "https://api.github.com/repos/orgpawanapivalidation/repo_pk_restassured/issues{/number}",
        "pulls_url": "https://api.github.com/repos/orgpawanapivalidation/repo_pk_restassured/pulls{/number}",
        "milestones_url": "https://api.github.com/repos/orgpawanapivalidation/repo_pk_restassured/milestones{/number}",
        "notifications_url": "https://api.github.com/repos/orgpawanapivalidation/repo_pk_restassured/notifications{?since,all,participating}",
        "labels_url": "https://api.github.com/repos/orgpawanapivalidation/repo_pk_restassured/labels{/name}",
        "releases_url": "https://api.github.com/repos/orgpawanapivalidation/repo_pk_restassured/releases{/id}",
        "deployments_url": "https://api.github.com/repos/orgpawanapivalidation/repo_pk_restassured/deployments",
        "created_at": "2023-04-28T03:31:08Z",
        "updated_at": "2023-04-28T03:31:08Z",
        "pushed_at": "2023-04-28T03:31:08Z",
        "git_url": "git://github.com/orgpawanapivalidation/repo_pk_restassured.git",
        "ssh_url": "git@github.com:orgpawanapivalidation/repo_pk_restassured.git",
        "clone_url": "https://github.com/orgpawanapivalidation/repo_pk_restassured.git",
        "svn_url": "https://github.com/orgpawanapivalidation/repo_pk_restassured",
        "homepage": null,
        "size": 0,
        "stargazers_count": 0,
        "watchers_count": 0,
        "language": null,
        "has_issues": true,
        "has_projects": true,
        "has_downloads": true,
        "has_wiki": true,
        "has_pages": false,
        "has_discussions": false,
        "forks_count": 0,
        "mirror_url": null,
        "archived": false,
        "disabled": false,
        "open_issues_count": 0,
        "license": null,
        "allow_forking": true,
        "is_template": false,
        "web_commit_signoff_required": false,
        "topics": [
            
        ],
        "visibility": "public",
        "forks": 0,
        "open_issues": 0,
        "watchers": 0,
        "default_branch": "main",
        "permissions": {
            "admin": false,
            "maintain": false,
            "push": false,
            "triage": false,
            "pull": true
        }
    },
    {
        "id": 633706381,
        "node_id": "R_kgDOJcWXjQ",
        "name": "repo_api_April23_03",
        "full_name": "orgpawanapivalidation/repo_api_April23_03",
        "private": false,
        "owner": {
            "login": "orgpawanapivalidation",
            "id": 132034478,
            "node_id": "O_kgDOB96vrg",
            "avatar_url": "https://avatars.githubusercontent.com/u/132034478?v=4",
            "gravatar_id": "",
            "url": "https://api.github.com/users/orgpawanapivalidation",
            "html_url": "https://github.com/orgpawanapivalidation",
            "followers_url": "https://api.github.com/users/orgpawanapivalidation/followers",
            "following_url": "https://api.github.com/users/orgpawanapivalidation/following{/other_user}",
            "gists_url": "https://api.github.com/users/orgpawanapivalidation/gists{/gist_id}",
            "starred_url": "https://api.github.com/users/orgpawanapivalidation/starred{/owner}{/repo}",
            "subscriptions_url": "https://api.github.com/users/orgpawanapivalidation/subscriptions",
            "organizations_url": "https://api.github.com/users/orgpawanapivalidation/orgs",
            "repos_url": "https://api.github.com/users/orgpawanapivalidation/repos",
            "events_url": "https://api.github.com/users/orgpawanapivalidation/events{/privacy}",
            "received_events_url": "https://api.github.com/users/orgpawanapivalidation/received_events",
            "type": "Organization",
            "site_admin": false
        },
        "html_url": "https://github.com/orgpawanapivalidation/repo_api_April23_03",
        "description": "This has been updated with serialization [2]",
        "fork": false,
        "url": "https://api.github.com/repos/orgpawanapivalidation/repo_api_April23_03",
        "forks_url": "https://api.github.com/repos/orgpawanapivalidation/repo_api_April23_03/forks",
        "keys_url": "https://api.github.com/repos/orgpawanapivalidation/repo_api_April23_03/keys{/key_id}",
        "collaborators_url": "https://api.github.com/repos/orgpawanapivalidation/repo_api_April23_03/collaborators{/collaborator}",
        "teams_url": "https://api.github.com/repos/orgpawanapivalidation/repo_api_April23_03/teams",
        "hooks_url": "https://api.github.com/repos/orgpawanapivalidation/repo_api_April23_03/hooks",
        "issue_events_url": "https://api.github.com/repos/orgpawanapivalidation/repo_api_April23_03/issues/events{/number}",
        "events_url": "https://api.github.com/repos/orgpawanapivalidation/repo_api_April23_03/events",
        "assignees_url": "https://api.github.com/repos/orgpawanapivalidation/repo_api_April23_03/assignees{/user}",
        "branches_url": "https://api.github.com/repos/orgpawanapivalidation/repo_api_April23_03/branches{/branch}",
        "tags_url": "https://api.github.com/repos/orgpawanapivalidation/repo_api_April23_03/tags",
        "blobs_url": "https://api.github.com/repos/orgpawanapivalidation/repo_api_April23_03/git/blobs{/sha}",
        "git_tags_url": "https://api.github.com/repos/orgpawanapivalidation/repo_api_April23_03/git/tags{/sha}",
        "git_refs_url": "https://api.github.com/repos/orgpawanapivalidation/repo_api_April23_03/git/refs{/sha}",
        "trees_url": "https://api.github.com/repos/orgpawanapivalidation/repo_api_April23_03/git/trees{/sha}",
        "statuses_url": "https://api.github.com/repos/orgpawanapivalidation/repo_api_April23_03/statuses/{sha}",
        "languages_url": "https://api.github.com/repos/orgpawanapivalidation/repo_api_April23_03/languages",
        "stargazers_url": "https://api.github.com/repos/orgpawanapivalidation/repo_api_April23_03/stargazers",
        "contributors_url": "https://api.github.com/repos/orgpawanapivalidation/repo_api_April23_03/contributors",
        "subscribers_url": "https://api.github.com/repos/orgpawanapivalidation/repo_api_April23_03/subscribers",
        "subscription_url": "https://api.github.com/repos/orgpawanapivalidation/repo_api_April23_03/subscription",
        "commits_url": "https://api.github.com/repos/orgpawanapivalidation/repo_api_April23_03/commits{/sha}",
        "git_commits_url": "https://api.github.com/repos/orgpawanapivalidation/repo_api_April23_03/git/commits{/sha}",
        "comments_url": "https://api.github.com/repos/orgpawanapivalidation/repo_api_April23_03/comments{/number}",
        "issue_comment_url": "https://api.github.com/repos/orgpawanapivalidation/repo_api_April23_03/issues/comments{/number}",
        "contents_url": "https://api.github.com/repos/orgpawanapivalidation/repo_api_April23_03/contents/{+path}",
        "compare_url": "https://api.github.com/repos/orgpawanapivalidation/repo_api_April23_03/compare/{base}...{head}",
        "merges_url": "https://api.github.com/repos/orgpawanapivalidation/repo_api_April23_03/merges",
        "archive_url": "https://api.github.com/repos/orgpawanapivalidation/repo_api_April23_03/{archive_format}{/ref}",
        "downloads_url": "https://api.github.com/repos/orgpawanapivalidation/repo_api_April23_03/downloads",
        "issues_url": "https://api.github.com/repos/orgpawanapivalidation/repo_api_April23_03/issues{/number}",
        "pulls_url": "https://api.github.com/repos/orgpawanapivalidation/repo_api_April23_03/pulls{/number}",
        "milestones_url": "https://api.github.com/repos/orgpawanapivalidation/repo_api_April23_03/milestones{/number}",
        "notifications_url": "https://api.github.com/repos/orgpawanapivalidation/repo_api_April23_03/notifications{?since,all,participating}",
        "labels_url": "https://api.github.com/repos/orgpawanapivalidation/repo_api_April23_03/labels{/name}",
        "releases_url": "https://api.github.com/repos/orgpawanapivalidation/repo_api_April23_03/releases{/id}",
        "deployments_url": "https://api.github.com/repos/orgpawanapivalidation/repo_api_April23_03/deployments",
        "created_at": "2023-04-28T05:19:34Z",
        "updated_at": "2023-04-28T09:29:24Z",
        "pushed_at": "2023-04-28T05:19:35Z",
        "git_url": "git://github.com/orgpawanapivalidation/repo_api_April23_03.git",
        "ssh_url": "git@github.com:orgpawanapivalidation/repo_api_April23_03.git",
        "clone_url": "https://github.com/orgpawanapivalidation/repo_api_April23_03.git",
        "svn_url": "https://github.com/orgpawanapivalidation/repo_api_April23_03",
        "homepage": null,
        "size": 0,
        "stargazers_count": 0,
        "watchers_count": 0,
        "language": null,
        "has_issues": true,
        "has_projects": true,
        "has_downloads": true,
        "has_wiki": true,
        "has_pages": false,
        "has_discussions": false,
        "forks_count": 0,
        "mirror_url": null,
        "archived": false,
        "disabled": false,
        "open_issues_count": 0,
        "license": null,
        "allow_forking": true,
        "is_template": false,
        "web_commit_signoff_required": false,
        "topics": [
            
        ],
        "visibility": "public",
        "forks": 0,
        "open_issues": 0,
        "watchers": 0,
        "default_branch": "main",
        "permissions": {
            "admin": false,
            "maintain": false,
            "push": false,
            "triage": false,
            "pull": true
        }
    },
    {
        "id": 633740780,
        "node_id": "R_kgDOJcYd7A",
        "name": "repo_api_April23_04",
        "full_name": "orgpawanapivalidation/repo_api_April23_04",
        "private": false,
        "owner": {
            "login": "orgpawanapivalidation",
            "id": 132034478,
            "node_id": "O_kgDOB96vrg",
            "avatar_url": "https://avatars.githubusercontent.com/u/132034478?v=4",
            "gravatar_id": "",
            "url": "https://api.github.com/users/orgpawanapivalidation",
            "html_url": "https://github.com/orgpawanapivalidation",
            "followers_url": "https://api.github.com/users/orgpawanapivalidation/followers",
            "following_url": "https://api.github.com/users/orgpawanapivalidation/following{/other_user}",
            "gists_url": "https://api.github.com/users/orgpawanapivalidation/gists{/gist_id}",
            "starred_url": "https://api.github.com/users/orgpawanapivalidation/starred{/owner}{/repo}",
            "subscriptions_url": "https://api.github.com/users/orgpawanapivalidation/subscriptions",
            "organizations_url": "https://api.github.com/users/orgpawanapivalidation/orgs",
            "repos_url": "https://api.github.com/users/orgpawanapivalidation/repos",
            "events_url": "https://api.github.com/users/orgpawanapivalidation/events{/privacy}",
            "received_events_url": "https://api.github.com/users/orgpawanapivalidation/received_events",
            "type": "Organization",
            "site_admin": false
        },
        "html_url": "https://github.com/orgpawanapivalidation/repo_api_April23_04",
        "description": null,
        "fork": false,
        "url": "https://api.github.com/repos/orgpawanapivalidation/repo_api_April23_04",
        "forks_url": "https://api.github.com/repos/orgpawanapivalidation/repo_api_April23_04/forks",
        "keys_url": "https://api.github.com/repos/orgpawanapivalidation/repo_api_April23_04/keys{/key_id}",
        "collaborators_url": "https://api.github.com/repos/orgpawanapivalidation/repo_api_April23_04/collaborators{/collaborator}",
        "teams_url": "https://api.github.com/repos/orgpawanapivalidation/repo_api_April23_04/teams",
        "hooks_url": "https://api.github.com/repos/orgpawanapivalidation/repo_api_April23_04/hooks",
        "issue_events_url": "https://api.github.com/repos/orgpawanapivalidation/repo_api_April23_04/issues/events{/number}",
        "events_url": "https://api.github.com/repos/orgpawanapivalidation/repo_api_April23_04/events",
        "assignees_url": "https://api.github.com/repos/orgpawanapivalidation/repo_api_April23_04/assignees{/user}",
        "branches_url": "https://api.github.com/repos/orgpawanapivalidation/repo_api_April23_04/branches{/branch}",
        "tags_url": "https://api.github.com/repos/orgpawanapivalidation/repo_api_April23_04/tags",
        "blobs_url": "https://api.github.com/repos/orgpawanapivalidation/repo_api_April23_04/git/blobs{/sha}",
        "git_tags_url": "https://api.github.com/repos/orgpawanapivalidation/repo_api_April23_04/git/tags{/sha}",
        "git_refs_url": "https://api.github.com/repos/orgpawanapivalidation/repo_api_April23_04/git/refs{/sha}",
        "trees_url": "https://api.github.com/repos/orgpawanapivalidation/repo_api_April23_04/git/trees{/sha}",
        "statuses_url": "https://api.github.com/repos/orgpawanapivalidation/repo_api_April23_04/statuses/{sha}",
        "languages_url": "https://api.github.com/repos/orgpawanapivalidation/repo_api_April23_04/languages",
        "stargazers_url": "https://api.github.com/repos/orgpawanapivalidation/repo_api_April23_04/stargazers",
        "contributors_url": "https://api.github.com/repos/orgpawanapivalidation/repo_api_April23_04/contributors",
        "subscribers_url": "https://api.github.com/repos/orgpawanapivalidation/repo_api_April23_04/subscribers",
        "subscription_url": "https://api.github.com/repos/orgpawanapivalidation/repo_api_April23_04/subscription",
        "commits_url": "https://api.github.com/repos/orgpawanapivalidation/repo_api_April23_04/commits{/sha}",
        "git_commits_url": "https://api.github.com/repos/orgpawanapivalidation/repo_api_April23_04/git/commits{/sha}",
        "comments_url": "https://api.github.com/repos/orgpawanapivalidation/repo_api_April23_04/comments{/number}",
        "issue_comment_url": "https://api.github.com/repos/orgpawanapivalidation/repo_api_April23_04/issues/comments{/number}",
        "contents_url": "https://api.github.com/repos/orgpawanapivalidation/repo_api_April23_04/contents/{+path}",
        "compare_url": "https://api.github.com/repos/orgpawanapivalidation/repo_api_April23_04/compare/{base}...{head}",
        "merges_url": "https://api.github.com/repos/orgpawanapivalidation/repo_api_April23_04/merges",
        "archive_url": "https://api.github.com/repos/orgpawanapivalidation/repo_api_April23_04/{archive_format}{/ref}",
        "downloads_url": "https://api.github.com/repos/orgpawanapivalidation/repo_api_April23_04/downloads",
        "issues_url": "https://api.github.com/repos/orgpawanapivalidation/repo_api_April23_04/issues{/number}",
        "pulls_url": "https://api.github.com/repos/orgpawanapivalidation/repo_api_April23_04/pulls{/number}",
        "milestones_url": "https://api.github.com/repos/orgpawanapivalidation/repo_api_April23_04/milestones{/number}",
        "notifications_url": "https://api.github.com/repos/orgpawanapivalidation/repo_api_April23_04/notifications{?since,all,participating}",
        "labels_url": "https://api.github.com/repos/orgpawanapivalidation/repo_api_April23_04/labels{/name}",
        "releases_url": "https://api.github.com/repos/orgpawanapivalidation/repo_api_April23_04/releases{/id}",
        "deployments_url": "https://api.github.com/repos/orgpawanapivalidation/repo_api_April23_04/deployments",
        "created_at": "2023-04-28T07:12:09Z",
        "updated_at": "2023-04-28T07:12:10Z",
        "pushed_at": "2023-04-28T07:12:10Z",
        "git_url": "git://github.com/orgpawanapivalidation/repo_api_April23_04.git",
        "ssh_url": "git@github.com:orgpawanapivalidation/repo_api_April23_04.git",
        "clone_url": "https://github.com/orgpawanapivalidation/repo_api_April23_04.git",
        "svn_url": "https://github.com/orgpawanapivalidation/repo_api_April23_04",
        "homepage": null,
        "size": 0,
        "stargazers_count": 0,
        "watchers_count": 0,
        "language": null,
        "has_issues": true,
        "has_projects": true,
        "has_downloads": true,
        "has_wiki": true,
        "has_pages": false,
        "has_discussions": false,
        "forks_count": 0,
        "mirror_url": null,
        "archived": false,
        "disabled": false,
        "open_issues_count": 0,
        "license": null,
        "allow_forking": true,
        "is_template": false,
        "web_commit_signoff_required": false,
        "topics": [
            
        ],
        "visibility": "public",
        "forks": 0,
        "open_issues": 0,
        "watchers": 0,
        "default_branch": "main",
        "permissions": {
            "admin": false,
            "maintain": false,
            "push": false,
            "triage": false,
            "pull": true
        }
    },
    {
        "id": 634137358,
        "node_id": "R_kgDOJcwrDg",
        "name": "repo_api_April23_05",
        "full_name": "orgpawanapivalidation/repo_api_April23_05",
        "private": false,
        "owner": {
            "login": "orgpawanapivalidation",
            "id": 132034478,
            "node_id": "O_kgDOB96vrg",
            "avatar_url": "https://avatars.githubusercontent.com/u/132034478?v=4",
            "gravatar_id": "",
            "url": "https://api.github.com/users/orgpawanapivalidation",
            "html_url": "https://github.com/orgpawanapivalidation",
            "followers_url": "https://api.github.com/users/orgpawanapivalidation/followers",
            "following_url": "https://api.github.com/users/orgpawanapivalidation/following{/other_user}",
            "gists_url": "https://api.github.com/users/orgpawanapivalidation/gists{/gist_id}",
            "starred_url": "https://api.github.com/users/orgpawanapivalidation/starred{/owner}{/repo}",
            "subscriptions_url": "https://api.github.com/users/orgpawanapivalidation/subscriptions",
            "organizations_url": "https://api.github.com/users/orgpawanapivalidation/orgs",
            "repos_url": "https://api.github.com/users/orgpawanapivalidation/repos",
            "events_url": "https://api.github.com/users/orgpawanapivalidation/events{/privacy}",
            "received_events_url": "https://api.github.com/users/orgpawanapivalidation/received_events",
            "type": "Organization",
            "site_admin": false
        },
        "html_url": "https://github.com/orgpawanapivalidation/repo_api_April23_05",
        "description": null,
        "fork": false,
        "url": "https://api.github.com/repos/orgpawanapivalidation/repo_api_April23_05",
        "forks_url": "https://api.github.com/repos/orgpawanapivalidation/repo_api_April23_05/forks",
        "keys_url": "https://api.github.com/repos/orgpawanapivalidation/repo_api_April23_05/keys{/key_id}",
        "collaborators_url": "https://api.github.com/repos/orgpawanapivalidation/repo_api_April23_05/collaborators{/collaborator}",
        "teams_url": "https://api.github.com/repos/orgpawanapivalidation/repo_api_April23_05/teams",
        "hooks_url": "https://api.github.com/repos/orgpawanapivalidation/repo_api_April23_05/hooks",
        "issue_events_url": "https://api.github.com/repos/orgpawanapivalidation/repo_api_April23_05/issues/events{/number}",
        "events_url": "https://api.github.com/repos/orgpawanapivalidation/repo_api_April23_05/events",
        "assignees_url": "https://api.github.com/repos/orgpawanapivalidation/repo_api_April23_05/assignees{/user}",
        "branches_url": "https://api.github.com/repos/orgpawanapivalidation/repo_api_April23_05/branches{/branch}",
        "tags_url": "https://api.github.com/repos/orgpawanapivalidation/repo_api_April23_05/tags",
        "blobs_url": "https://api.github.com/repos/orgpawanapivalidation/repo_api_April23_05/git/blobs{/sha}",
        "git_tags_url": "https://api.github.com/repos/orgpawanapivalidation/repo_api_April23_05/git/tags{/sha}",
        "git_refs_url": "https://api.github.com/repos/orgpawanapivalidation/repo_api_April23_05/git/refs{/sha}",
        "trees_url": "https://api.github.com/repos/orgpawanapivalidation/repo_api_April23_05/git/trees{/sha}",
        "statuses_url": "https://api.github.com/repos/orgpawanapivalidation/repo_api_April23_05/statuses/{sha}",
        "languages_url": "https://api.github.com/repos/orgpawanapivalidation/repo_api_April23_05/languages",
        "stargazers_url": "https://api.github.com/repos/orgpawanapivalidation/repo_api_April23_05/stargazers",
        "contributors_url": "https://api.github.com/repos/orgpawanapivalidation/repo_api_April23_05/contributors",
        "subscribers_url": "https://api.github.com/repos/orgpawanapivalidation/repo_api_April23_05/subscribers",
        "subscription_url": "https://api.github.com/repos/orgpawanapivalidation/repo_api_April23_05/subscription",
        "commits_url": "https://api.github.com/repos/orgpawanapivalidation/repo_api_April23_05/commits{/sha}",
        "git_commits_url": "https://api.github.com/repos/orgpawanapivalidation/repo_api_April23_05/git/commits{/sha}",
        "comments_url": "https://api.github.com/repos/orgpawanapivalidation/repo_api_April23_05/comments{/number}",
        "issue_comment_url": "https://api.github.com/repos/orgpawanapivalidation/repo_api_April23_05/issues/comments{/number}",
        "contents_url": "https://api.github.com/repos/orgpawanapivalidation/repo_api_April23_05/contents/{+path}",
        "compare_url": "https://api.github.com/repos/orgpawanapivalidation/repo_api_April23_05/compare/{base}...{head}",
        "merges_url": "https://api.github.com/repos/orgpawanapivalidation/repo_api_April23_05/merges",
        "archive_url": "https://api.github.com/repos/orgpawanapivalidation/repo_api_April23_05/{archive_format}{/ref}",
        "downloads_url": "https://api.github.com/repos/orgpawanapivalidation/repo_api_April23_05/downloads",
        "issues_url": "https://api.github.com/repos/orgpawanapivalidation/repo_api_April23_05/issues{/number}",
        "pulls_url": "https://api.github.com/repos/orgpawanapivalidation/repo_api_April23_05/pulls{/number}",
        "milestones_url": "https://api.github.com/repos/orgpawanapivalidation/repo_api_April23_05/milestones{/number}",
        "notifications_url": "https://api.github.com/repos/orgpawanapivalidation/repo_api_April23_05/notifications{?since,all,participating}",
        "labels_url": "https://api.github.com/repos/orgpawanapivalidation/repo_api_April23_05/labels{/name}",
        "releases_url": "https://api.github.com/repos/orgpawanapivalidation/repo_api_April23_05/releases{/id}",
        "deployments_url": "https://api.github.com/repos/orgpawanapivalidation/repo_api_April23_05/deployments",
        "created_at": "2023-04-29T06:53:38Z",
        "updated_at": "2023-04-29T06:53:38Z",
        "pushed_at": "2023-04-29T06:53:38Z",
        "git_url": "git://github.com/orgpawanapivalidation/repo_api_April23_05.git",
        "ssh_url": "git@github.com:orgpawanapivalidation/repo_api_April23_05.git",
        "clone_url": "https://github.com/orgpawanapivalidation/repo_api_April23_05.git",
        "svn_url": "https://github.com/orgpawanapivalidation/repo_api_April23_05",
        "homepage": null,
        "size": 0,
        "stargazers_count": 0,
        "watchers_count": 0,
        "language": null,
        "has_issues": true,
        "has_projects": true,
        "has_downloads": true,
        "has_wiki": true,
        "has_pages": false,
        "has_discussions": false,
        "forks_count": 0,
        "mirror_url": null,
        "archived": false,
        "disabled": false,
        "open_issues_count": 0,
        "license": null,
        "allow_forking": true,
        "is_template": false,
        "web_commit_signoff_required": false,
        "topics": [
            
        ],
        "visibility": "public",
        "forks": 0,
        "open_issues": 0,
        "watchers": 0,
        "default_branch": "main",
        "permissions": {
            "admin": false,
            "maintain": false,
            "push": false,
            "triage": false,
            "pull": true
        }
    },
    {
        "id": 634137486,
        "node_id": "R_kgDOJcwrjg",
        "name": "repo_api_April23_06",
        "full_name": "orgpawanapivalidation/repo_api_April23_06",
        "private": false,
        "owner": {
            "login": "orgpawanapivalidation",
            "id": 132034478,
            "node_id": "O_kgDOB96vrg",
            "avatar_url": "https://avatars.githubusercontent.com/u/132034478?v=4",
            "gravatar_id": "",
            "url": "https://api.github.com/users/orgpawanapivalidation",
            "html_url": "https://github.com/orgpawanapivalidation",
            "followers_url": "https://api.github.com/users/orgpawanapivalidation/followers",
            "following_url": "https://api.github.com/users/orgpawanapivalidation/following{/other_user}",
            "gists_url": "https://api.github.com/users/orgpawanapivalidation/gists{/gist_id}",
            "starred_url": "https://api.github.com/users/orgpawanapivalidation/starred{/owner}{/repo}",
            "subscriptions_url": "https://api.github.com/users/orgpawanapivalidation/subscriptions",
            "organizations_url": "https://api.github.com/users/orgpawanapivalidation/orgs",
            "repos_url": "https://api.github.com/users/orgpawanapivalidation/repos",
            "events_url": "https://api.github.com/users/orgpawanapivalidation/events{/privacy}",
            "received_events_url": "https://api.github.com/users/orgpawanapivalidation/received_events",
            "type": "Organization",
            "site_admin": false
        },
        "html_url": "https://github.com/orgpawanapivalidation/repo_api_April23_06",
        "description": null,
        "fork": false,
        "url": "https://api.github.com/repos/orgpawanapivalidation/repo_api_April23_06",
        "forks_url": "https://api.github.com/repos/orgpawanapivalidation/repo_api_April23_06/forks",
        "keys_url": "https://api.github.com/repos/orgpawanapivalidation/repo_api_April23_06/keys{/key_id}",
        "collaborators_url": "https://api.github.com/repos/orgpawanapivalidation/repo_api_April23_06/collaborators{/collaborator}",
        "teams_url": "https://api.github.com/repos/orgpawanapivalidation/repo_api_April23_06/teams",
        "hooks_url": "https://api.github.com/repos/orgpawanapivalidation/repo_api_April23_06/hooks",
        "issue_events_url": "https://api.github.com/repos/orgpawanapivalidation/repo_api_April23_06/issues/events{/number}",
        "events_url": "https://api.github.com/repos/orgpawanapivalidation/repo_api_April23_06/events",
        "assignees_url": "https://api.github.com/repos/orgpawanapivalidation/repo_api_April23_06/assignees{/user}",
        "branches_url": "https://api.github.com/repos/orgpawanapivalidation/repo_api_April23_06/branches{/branch}",
        "tags_url": "https://api.github.com/repos/orgpawanapivalidation/repo_api_April23_06/tags",
        "blobs_url": "https://api.github.com/repos/orgpawanapivalidation/repo_api_April23_06/git/blobs{/sha}",
        "git_tags_url": "https://api.github.com/repos/orgpawanapivalidation/repo_api_April23_06/git/tags{/sha}",
        "git_refs_url": "https://api.github.com/repos/orgpawanapivalidation/repo_api_April23_06/git/refs{/sha}",
        "trees_url": "https://api.github.com/repos/orgpawanapivalidation/repo_api_April23_06/git/trees{/sha}",
        "statuses_url": "https://api.github.com/repos/orgpawanapivalidation/repo_api_April23_06/statuses/{sha}",
        "languages_url": "https://api.github.com/repos/orgpawanapivalidation/repo_api_April23_06/languages",
        "stargazers_url": "https://api.github.com/repos/orgpawanapivalidation/repo_api_April23_06/stargazers",
        "contributors_url": "https://api.github.com/repos/orgpawanapivalidation/repo_api_April23_06/contributors",
        "subscribers_url": "https://api.github.com/repos/orgpawanapivalidation/repo_api_April23_06/subscribers",
        "subscription_url": "https://api.github.com/repos/orgpawanapivalidation/repo_api_April23_06/subscription",
        "commits_url": "https://api.github.com/repos/orgpawanapivalidation/repo_api_April23_06/commits{/sha}",
        "git_commits_url": "https://api.github.com/repos/orgpawanapivalidation/repo_api_April23_06/git/commits{/sha}",
        "comments_url": "https://api.github.com/repos/orgpawanapivalidation/repo_api_April23_06/comments{/number}",
        "issue_comment_url": "https://api.github.com/repos/orgpawanapivalidation/repo_api_April23_06/issues/comments{/number}",
        "contents_url": "https://api.github.com/repos/orgpawanapivalidation/repo_api_April23_06/contents/{+path}",
        "compare_url": "https://api.github.com/repos/orgpawanapivalidation/repo_api_April23_06/compare/{base}...{head}",
        "merges_url": "https://api.github.com/repos/orgpawanapivalidation/repo_api_April23_06/merges",
        "archive_url": "https://api.github.com/repos/orgpawanapivalidation/repo_api_April23_06/{archive_format}{/ref}",
        "downloads_url": "https://api.github.com/repos/orgpawanapivalidation/repo_api_April23_06/downloads",
        "issues_url": "https://api.github.com/repos/orgpawanapivalidation/repo_api_April23_06/issues{/number}",
        "pulls_url": "https://api.github.com/repos/orgpawanapivalidation/repo_api_April23_06/pulls{/number}",
        "milestones_url": "https://api.github.com/repos/orgpawanapivalidation/repo_api_April23_06/milestones{/number}",
        "notifications_url": "https://api.github.com/repos/orgpawanapivalidation/repo_api_April23_06/notifications{?since,all,participating}",
        "labels_url": "https://api.github.com/repos/orgpawanapivalidation/repo_api_April23_06/labels{/name}",
        "releases_url": "https://api.github.com/repos/orgpawanapivalidation/repo_api_April23_06/releases{/id}",
        "deployments_url": "https://api.github.com/repos/orgpawanapivalidation/repo_api_April23_06/deployments",
        "created_at": "2023-04-29T06:54:11Z",
        "updated_at": "2023-04-29T06:54:11Z",
        "pushed_at": "2023-04-29T06:54:11Z",
        "git_url": "git://github.com/orgpawanapivalidation/repo_api_April23_06.git",
        "ssh_url": "git@github.com:orgpawanapivalidation/repo_api_April23_06.git",
        "clone_url": "https://github.com/orgpawanapivalidation/repo_api_April23_06.git",
        "svn_url": "https://github.com/orgpawanapivalidation/repo_api_April23_06",
        "homepage": null,
        "size": 0,
        "stargazers_count": 0,
        "watchers_count": 0,
        "language": null,
        "has_issues": true,
        "has_projects": true,
        "has_downloads": true,
        "has_wiki": true,
        "has_pages": false,
        "has_discussions": false,
        "forks_count": 0,
        "mirror_url": null,
        "archived": false,
        "disabled": false,
        "open_issues_count": 0,
        "license": null,
        "allow_forking": true,
        "is_template": false,
        "web_commit_signoff_required": false,
        "topics": [
            
        ],
        "visibility": "public",
        "forks": 0,
        "open_issues": 0,
        "watchers": 0,
        "default_branch": "main",
        "permissions": {
            "admin": false,
            "maintain": false,
            "push": false,
            "triage": false,
            "pull": true
        }
    },
    {
        "id": 634138898,
        "node_id": "R_kgDOJcwxEg",
        "name": "repo_api_April23_07",
        "full_name": "orgpawanapivalidation/repo_api_April23_07",
        "private": false,
        "owner": {
            "login": "orgpawanapivalidation",
            "id": 132034478,
            "node_id": "O_kgDOB96vrg",
            "avatar_url": "https://avatars.githubusercontent.com/u/132034478?v=4",
            "gravatar_id": "",
            "url": "https://api.github.com/users/orgpawanapivalidation",
            "html_url": "https://github.com/orgpawanapivalidation",
            "followers_url": "https://api.github.com/users/orgpawanapivalidation/followers",
            "following_url": "https://api.github.com/users/orgpawanapivalidation/following{/other_user}",
            "gists_url": "https://api.github.com/users/orgpawanapivalidation/gists{/gist_id}",
            "starred_url": "https://api.github.com/users/orgpawanapivalidation/starred{/owner}{/repo}",
            "subscriptions_url": "https://api.github.com/users/orgpawanapivalidation/subscriptions",
            "organizations_url": "https://api.github.com/users/orgpawanapivalidation/orgs",
            "repos_url": "https://api.github.com/users/orgpawanapivalidation/repos",
            "events_url": "https://api.github.com/users/orgpawanapivalidation/events{/privacy}",
            "received_events_url": "https://api.github.com/users/orgpawanapivalidation/received_events",
            "type": "Organization",
            "site_admin": false
        },
        "html_url": "https://github.com/orgpawanapivalidation/repo_api_April23_07",
        "description": null,
        "fork": false,
        "url": "https://api.github.com/repos/orgpawanapivalidation/repo_api_April23_07",
        "forks_url": "https://api.github.com/repos/orgpawanapivalidation/repo_api_April23_07/forks",
        "keys_url": "https://api.github.com/repos/orgpawanapivalidation/repo_api_April23_07/keys{/key_id}",
        "collaborators_url": "https://api.github.com/repos/orgpawanapivalidation/repo_api_April23_07/collaborators{/collaborator}",
        "teams_url": "https://api.github.com/repos/orgpawanapivalidation/repo_api_April23_07/teams",
        "hooks_url": "https://api.github.com/repos/orgpawanapivalidation/repo_api_April23_07/hooks",
        "issue_events_url": "https://api.github.com/repos/orgpawanapivalidation/repo_api_April23_07/issues/events{/number}",
        "events_url": "https://api.github.com/repos/orgpawanapivalidation/repo_api_April23_07/events",
        "assignees_url": "https://api.github.com/repos/orgpawanapivalidation/repo_api_April23_07/assignees{/user}",
        "branches_url": "https://api.github.com/repos/orgpawanapivalidation/repo_api_April23_07/branches{/branch}",
        "tags_url": "https://api.github.com/repos/orgpawanapivalidation/repo_api_April23_07/tags",
        "blobs_url": "https://api.github.com/repos/orgpawanapivalidation/repo_api_April23_07/git/blobs{/sha}",
        "git_tags_url": "https://api.github.com/repos/orgpawanapivalidation/repo_api_April23_07/git/tags{/sha}",
        "git_refs_url": "https://api.github.com/repos/orgpawanapivalidation/repo_api_April23_07/git/refs{/sha}",
        "trees_url": "https://api.github.com/repos/orgpawanapivalidation/repo_api_April23_07/git/trees{/sha}",
        "statuses_url": "https://api.github.com/repos/orgpawanapivalidation/repo_api_April23_07/statuses/{sha}",
        "languages_url": "https://api.github.com/repos/orgpawanapivalidation/repo_api_April23_07/languages",
        "stargazers_url": "https://api.github.com/repos/orgpawanapivalidation/repo_api_April23_07/stargazers",
        "contributors_url": "https://api.github.com/repos/orgpawanapivalidation/repo_api_April23_07/contributors",
        "subscribers_url": "https://api.github.com/repos/orgpawanapivalidation/repo_api_April23_07/subscribers",
        "subscription_url": "https://api.github.com/repos/orgpawanapivalidation/repo_api_April23_07/subscription",
        "commits_url": "https://api.github.com/repos/orgpawanapivalidation/repo_api_April23_07/commits{/sha}",
        "git_commits_url": "https://api.github.com/repos/orgpawanapivalidation/repo_api_April23_07/git/commits{/sha}",
        "comments_url": "https://api.github.com/repos/orgpawanapivalidation/repo_api_April23_07/comments{/number}",
        "issue_comment_url": "https://api.github.com/repos/orgpawanapivalidation/repo_api_April23_07/issues/comments{/number}",
        "contents_url": "https://api.github.com/repos/orgpawanapivalidation/repo_api_April23_07/contents/{+path}",
        "compare_url": "https://api.github.com/repos/orgpawanapivalidation/repo_api_April23_07/compare/{base}...{head}",
        "merges_url": "https://api.github.com/repos/orgpawanapivalidation/repo_api_April23_07/merges",
        "archive_url": "https://api.github.com/repos/orgpawanapivalidation/repo_api_April23_07/{archive_format}{/ref}",
        "downloads_url": "https://api.github.com/repos/orgpawanapivalidation/repo_api_April23_07/downloads",
        "issues_url": "https://api.github.com/repos/orgpawanapivalidation/repo_api_April23_07/issues{/number}",
        "pulls_url": "https://api.github.com/repos/orgpawanapivalidation/repo_api_April23_07/pulls{/number}",
        "milestones_url": "https://api.github.com/repos/orgpawanapivalidation/repo_api_April23_07/milestones{/number}",
        "notifications_url": "https://api.github.com/repos/orgpawanapivalidation/repo_api_April23_07/notifications{?since,all,participating}",
        "labels_url": "https://api.github.com/repos/orgpawanapivalidation/repo_api_April23_07/labels{/name}",
        "releases_url": "https://api.github.com/repos/orgpawanapivalidation/repo_api_April23_07/releases{/id}",
        "deployments_url": "https://api.github.com/repos/orgpawanapivalidation/repo_api_April23_07/deployments",
        "created_at": "2023-04-29T07:00:11Z",
        "updated_at": "2023-04-29T07:00:11Z",
        "pushed_at": "2023-04-29T07:00:11Z",
        "git_url": "git://github.com/orgpawanapivalidation/repo_api_April23_07.git",
        "ssh_url": "git@github.com:orgpawanapivalidation/repo_api_April23_07.git",
        "clone_url": "https://github.com/orgpawanapivalidation/repo_api_April23_07.git",
        "svn_url": "https://github.com/orgpawanapivalidation/repo_api_April23_07",
        "homepage": null,
        "size": 0,
        "stargazers_count": 0,
        "watchers_count": 0,
        "language": null,
        "has_issues": true,
        "has_projects": true,
        "has_downloads": true,
        "has_wiki": true,
        "has_pages": false,
        "has_discussions": false,
        "forks_count": 0,
        "mirror_url": null,
        "archived": false,
        "disabled": false,
        "open_issues_count": 0,
        "license": null,
        "allow_forking": true,
        "is_template": false,
        "web_commit_signoff_required": false,
        "topics": [
            
        ],
        "visibility": "public",
        "forks": 0,
        "open_issues": 0,
        "watchers": 0,
        "default_branch": "main",
        "permissions": {
            "admin": false,
            "maintain": false,
            "push": false,
            "triage": false,
            "pull": true
        }
    },
    {
        "id": 641221426,
        "node_id": "R_kgDOJjhDMg",
        "name": "repo_api_May16_01",
        "full_name": "orgpawanapivalidation/repo_api_May16_01",
        "private": false,
        "owner": {
            "login": "orgpawanapivalidation",
            "id": 132034478,
            "node_id": "O_kgDOB96vrg",
            "avatar_url": "https://avatars.githubusercontent.com/u/132034478?v=4",
            "gravatar_id": "",
            "url": "https://api.github.com/users/orgpawanapivalidation",
            "html_url": "https://github.com/orgpawanapivalidation",
            "followers_url": "https://api.github.com/users/orgpawanapivalidation/followers",
            "following_url": "https://api.github.com/users/orgpawanapivalidation/following{/other_user}",
            "gists_url": "https://api.github.com/users/orgpawanapivalidation/gists{/gist_id}",
            "starred_url": "https://api.github.com/users/orgpawanapivalidation/starred{/owner}{/repo}",
            "subscriptions_url": "https://api.github.com/users/orgpawanapivalidation/subscriptions",
            "organizations_url": "https://api.github.com/users/orgpawanapivalidation/orgs",
            "repos_url": "https://api.github.com/users/orgpawanapivalidation/repos",
            "events_url": "https://api.github.com/users/orgpawanapivalidation/events{/privacy}",
            "received_events_url": "https://api.github.com/users/orgpawanapivalidation/received_events",
            "type": "Organization",
            "site_admin": false
        },
        "html_url": "https://github.com/orgpawanapivalidation/repo_api_May16_01",
        "description": null,
        "fork": false,
        "url": "https://api.github.com/repos/orgpawanapivalidation/repo_api_May16_01",
        "forks_url": "https://api.github.com/repos/orgpawanapivalidation/repo_api_May16_01/forks",
        "keys_url": "https://api.github.com/repos/orgpawanapivalidation/repo_api_May16_01/keys{/key_id}",
        "collaborators_url": "https://api.github.com/repos/orgpawanapivalidation/repo_api_May16_01/collaborators{/collaborator}",
        "teams_url": "https://api.github.com/repos/orgpawanapivalidation/repo_api_May16_01/teams",
        "hooks_url": "https://api.github.com/repos/orgpawanapivalidation/repo_api_May16_01/hooks",
        "issue_events_url": "https://api.github.com/repos/orgpawanapivalidation/repo_api_May16_01/issues/events{/number}",
        "events_url": "https://api.github.com/repos/orgpawanapivalidation/repo_api_May16_01/events",
        "assignees_url": "https://api.github.com/repos/orgpawanapivalidation/repo_api_May16_01/assignees{/user}",
        "branches_url": "https://api.github.com/repos/orgpawanapivalidation/repo_api_May16_01/branches{/branch}",
        "tags_url": "https://api.github.com/repos/orgpawanapivalidation/repo_api_May16_01/tags",
        "blobs_url": "https://api.github.com/repos/orgpawanapivalidation/repo_api_May16_01/git/blobs{/sha}",
        "git_tags_url": "https://api.github.com/repos/orgpawanapivalidation/repo_api_May16_01/git/tags{/sha}",
        "git_refs_url": "https://api.github.com/repos/orgpawanapivalidation/repo_api_May16_01/git/refs{/sha}",
        "trees_url": "https://api.github.com/repos/orgpawanapivalidation/repo_api_May16_01/git/trees{/sha}",
        "statuses_url": "https://api.github.com/repos/orgpawanapivalidation/repo_api_May16_01/statuses/{sha}",
        "languages_url": "https://api.github.com/repos/orgpawanapivalidation/repo_api_May16_01/languages",
        "stargazers_url": "https://api.github.com/repos/orgpawanapivalidation/repo_api_May16_01/stargazers",
        "contributors_url": "https://api.github.com/repos/orgpawanapivalidation/repo_api_May16_01/contributors",
        "subscribers_url": "https://api.github.com/repos/orgpawanapivalidation/repo_api_May16_01/subscribers",
        "subscription_url": "https://api.github.com/repos/orgpawanapivalidation/repo_api_May16_01/subscription",
        "commits_url": "https://api.github.com/repos/orgpawanapivalidation/repo_api_May16_01/commits{/sha}",
        "git_commits_url": "https://api.github.com/repos/orgpawanapivalidation/repo_api_May16_01/git/commits{/sha}",
        "comments_url": "https://api.github.com/repos/orgpawanapivalidation/repo_api_May16_01/comments{/number}",
        "issue_comment_url": "https://api.github.com/repos/orgpawanapivalidation/repo_api_May16_01/issues/comments{/number}",
        "contents_url": "https://api.github.com/repos/orgpawanapivalidation/repo_api_May16_01/contents/{+path}",
        "compare_url": "https://api.github.com/repos/orgpawanapivalidation/repo_api_May16_01/compare/{base}...{head}",
        "merges_url": "https://api.github.com/repos/orgpawanapivalidation/repo_api_May16_01/merges",
        "archive_url": "https://api.github.com/repos/orgpawanapivalidation/repo_api_May16_01/{archive_format}{/ref}",
        "downloads_url": "https://api.github.com/repos/orgpawanapivalidation/repo_api_May16_01/downloads",
        "issues_url": "https://api.github.com/repos/orgpawanapivalidation/repo_api_May16_01/issues{/number}",
        "pulls_url": "https://api.github.com/repos/orgpawanapivalidation/repo_api_May16_01/pulls{/number}",
        "milestones_url": "https://api.github.com/repos/orgpawanapivalidation/repo_api_May16_01/milestones{/number}",
        "notifications_url": "https://api.github.com/repos/orgpawanapivalidation/repo_api_May16_01/notifications{?since,all,participating}",
        "labels_url": "https://api.github.com/repos/orgpawanapivalidation/repo_api_May16_01/labels{/name}",
        "releases_url": "https://api.github.com/repos/orgpawanapivalidation/repo_api_May16_01/releases{/id}",
        "deployments_url": "https://api.github.com/repos/orgpawanapivalidation/repo_api_May16_01/deployments",
        "created_at": "2023-05-16T03:09:21Z",
        "updated_at": "2023-05-16T03:09:22Z",
        "pushed_at": "2023-05-16T03:09:22Z",
        "git_url": "git://github.com/orgpawanapivalidation/repo_api_May16_01.git",
        "ssh_url": "git@github.com:orgpawanapivalidation/repo_api_May16_01.git",
        "clone_url": "https://github.com/orgpawanapivalidation/repo_api_May16_01.git",
        "svn_url": "https://github.com/orgpawanapivalidation/repo_api_May16_01",
        "homepage": null,
        "size": 0,
        "stargazers_count": 0,
        "watchers_count": 0,
        "language": null,
        "has_issues": true,
        "has_projects": true,
        "has_downloads": true,
        "has_wiki": true,
        "has_pages": false,
        "has_discussions": false,
        "forks_count": 0,
        "mirror_url": null,
        "archived": false,
        "disabled": false,
        "open_issues_count": 0,
        "license": null,
        "allow_forking": true,
        "is_template": false,
        "web_commit_signoff_required": false,
        "topics": [
            
        ],
        "visibility": "public",
        "forks": 0,
        "open_issues": 0,
        "watchers": 0,
        "default_branch": "main",
        "permissions": {
            "admin": false,
            "maintain": false,
            "push": false,
            "triage": false,
            "pull": true
        }
    },
    {
        "id": 641235843,
        "node_id": "R_kgDOJjh7gw",
        "name": "repoName",
        "full_name": "orgpawanapivalidation/repoName",
        "private": false,
        "owner": {
            "login": "orgpawanapivalidation",
            "id": 132034478,
            "node_id": "O_kgDOB96vrg",
            "avatar_url": "https://avatars.githubusercontent.com/u/132034478?v=4",
            "gravatar_id": "",
            "url": "https://api.github.com/users/orgpawanapivalidation",
            "html_url": "https://github.com/orgpawanapivalidation",
            "followers_url": "https://api.github.com/users/orgpawanapivalidation/followers",
            "following_url": "https://api.github.com/users/orgpawanapivalidation/following{/other_user}",
            "gists_url": "https://api.github.com/users/orgpawanapivalidation/gists{/gist_id}",
            "starred_url": "https://api.github.com/users/orgpawanapivalidation/starred{/owner}{/repo}",
            "subscriptions_url": "https://api.github.com/users/orgpawanapivalidation/subscriptions",
            "organizations_url": "https://api.github.com/users/orgpawanapivalidation/orgs",
            "repos_url": "https://api.github.com/users/orgpawanapivalidation/repos",
            "events_url": "https://api.github.com/users/orgpawanapivalidation/events{/privacy}",
            "received_events_url": "https://api.github.com/users/orgpawanapivalidation/received_events",
            "type": "Organization",
            "site_admin": false
        },
        "html_url": "https://github.com/orgpawanapivalidation/repoName",
        "description": null,
        "fork": false,
        "url": "https://api.github.com/repos/orgpawanapivalidation/repoName",
        "forks_url": "https://api.github.com/repos/orgpawanapivalidation/repoName/forks",
        "keys_url": "https://api.github.com/repos/orgpawanapivalidation/repoName/keys{/key_id}",
        "collaborators_url": "https://api.github.com/repos/orgpawanapivalidation/repoName/collaborators{/collaborator}",
        "teams_url": "https://api.github.com/repos/orgpawanapivalidation/repoName/teams",
        "hooks_url": "https://api.github.com/repos/orgpawanapivalidation/repoName/hooks",
        "issue_events_url": "https://api.github.com/repos/orgpawanapivalidation/repoName/issues/events{/number}",
        "events_url": "https://api.github.com/repos/orgpawanapivalidation/repoName/events",
        "assignees_url": "https://api.github.com/repos/orgpawanapivalidation/repoName/assignees{/user}",
        "branches_url": "https://api.github.com/repos/orgpawanapivalidation/repoName/branches{/branch}",
        "tags_url": "https://api.github.com/repos/orgpawanapivalidation/repoName/tags",
        "blobs_url": "https://api.github.com/repos/orgpawanapivalidation/repoName/git/blobs{/sha}",
        "git_tags_url": "https://api.github.com/repos/orgpawanapivalidation/repoName/git/tags{/sha}",
        "git_refs_url": "https://api.github.com/repos/orgpawanapivalidation/repoName/git/refs{/sha}",
        "trees_url": "https://api.github.com/repos/orgpawanapivalidation/repoName/git/trees{/sha}",
        "statuses_url": "https://api.github.com/repos/orgpawanapivalidation/repoName/statuses/{sha}",
        "languages_url": "https://api.github.com/repos/orgpawanapivalidation/repoName/languages",
        "stargazers_url": "https://api.github.com/repos/orgpawanapivalidation/repoName/stargazers",
        "contributors_url": "https://api.github.com/repos/orgpawanapivalidation/repoName/contributors",
        "subscribers_url": "https://api.github.com/repos/orgpawanapivalidation/repoName/subscribers",
        "subscription_url": "https://api.github.com/repos/orgpawanapivalidation/repoName/subscription",
        "commits_url": "https://api.github.com/repos/orgpawanapivalidation/repoName/commits{/sha}",
        "git_commits_url": "https://api.github.com/repos/orgpawanapivalidation/repoName/git/commits{/sha}",
        "comments_url": "https://api.github.com/repos/orgpawanapivalidation/repoName/comments{/number}",
        "issue_comment_url": "https://api.github.com/repos/orgpawanapivalidation/repoName/issues/comments{/number}",
        "contents_url": "https://api.github.com/repos/orgpawanapivalidation/repoName/contents/{+path}",
        "compare_url": "https://api.github.com/repos/orgpawanapivalidation/repoName/compare/{base}...{head}",
        "merges_url": "https://api.github.com/repos/orgpawanapivalidation/repoName/merges",
        "archive_url": "https://api.github.com/repos/orgpawanapivalidation/repoName/{archive_format}{/ref}",
        "downloads_url": "https://api.github.com/repos/orgpawanapivalidation/repoName/downloads",
        "issues_url": "https://api.github.com/repos/orgpawanapivalidation/repoName/issues{/number}",
        "pulls_url": "https://api.github.com/repos/orgpawanapivalidation/repoName/pulls{/number}",
        "milestones_url": "https://api.github.com/repos/orgpawanapivalidation/repoName/milestones{/number}",
        "notifications_url": "https://api.github.com/repos/orgpawanapivalidation/repoName/notifications{?since,all,participating}",
        "labels_url": "https://api.github.com/repos/orgpawanapivalidation/repoName/labels{/name}",
        "releases_url": "https://api.github.com/repos/orgpawanapivalidation/repoName/releases{/id}",
        "deployments_url": "https://api.github.com/repos/orgpawanapivalidation/repoName/deployments",
        "created_at": "2023-05-16T04:04:51Z",
        "updated_at": "2023-05-16T04:04:51Z",
        "pushed_at": "2023-05-16T04:04:51Z",
        "git_url": "git://github.com/orgpawanapivalidation/repoName.git",
        "ssh_url": "git@github.com:orgpawanapivalidation/repoName.git",
        "clone_url": "https://github.com/orgpawanapivalidation/repoName.git",
        "svn_url": "https://github.com/orgpawanapivalidation/repoName",
        "homepage": null,
        "size": 0,
        "stargazers_count": 0,
        "watchers_count": 0,
        "language": null,
        "has_issues": true,
        "has_projects": true,
        "has_downloads": true,
        "has_wiki": true,
        "has_pages": false,
        "has_discussions": false,
        "forks_count": 0,
        "mirror_url": null,
        "archived": false,
        "disabled": false,
        "open_issues_count": 0,
        "license": null,
        "allow_forking": true,
        "is_template": false,
        "web_commit_signoff_required": false,
        "topics": [
            
        ],
        "visibility": "public",
        "forks": 0,
        "open_issues": 0,
        "watchers": 0,
        "default_branch": "main",
        "permissions": {
            "admin": false,
            "maintain": false,
            "push": false,
            "triage": false,
            "pull": true
        }
    },
    {
        "id": 641236328,
        "node_id": "R_kgDOJjh9aA",
        "name": "repo_api_May16_02",
        "full_name": "orgpawanapivalidation/repo_api_May16_02",
        "private": false,
        "owner": {
            "login": "orgpawanapivalidation",
            "id": 132034478,
            "node_id": "O_kgDOB96vrg",
            "avatar_url": "https://avatars.githubusercontent.com/u/132034478?v=4",
            "gravatar_id": "",
            "url": "https://api.github.com/users/orgpawanapivalidation",
            "html_url": "https://github.com/orgpawanapivalidation",
            "followers_url": "https://api.github.com/users/orgpawanapivalidation/followers",
            "following_url": "https://api.github.com/users/orgpawanapivalidation/following{/other_user}",
            "gists_url": "https://api.github.com/users/orgpawanapivalidation/gists{/gist_id}",
            "starred_url": "https://api.github.com/users/orgpawanapivalidation/starred{/owner}{/repo}",
            "subscriptions_url": "https://api.github.com/users/orgpawanapivalidation/subscriptions",
            "organizations_url": "https://api.github.com/users/orgpawanapivalidation/orgs",
            "repos_url": "https://api.github.com/users/orgpawanapivalidation/repos",
            "events_url": "https://api.github.com/users/orgpawanapivalidation/events{/privacy}",
            "received_events_url": "https://api.github.com/users/orgpawanapivalidation/received_events",
            "type": "Organization",
            "site_admin": false
        },
        "html_url": "https://github.com/orgpawanapivalidation/repo_api_May16_02",
        "description": null,
        "fork": false,
        "url": "https://api.github.com/repos/orgpawanapivalidation/repo_api_May16_02",
        "forks_url": "https://api.github.com/repos/orgpawanapivalidation/repo_api_May16_02/forks",
        "keys_url": "https://api.github.com/repos/orgpawanapivalidation/repo_api_May16_02/keys{/key_id}",
        "collaborators_url": "https://api.github.com/repos/orgpawanapivalidation/repo_api_May16_02/collaborators{/collaborator}",
        "teams_url": "https://api.github.com/repos/orgpawanapivalidation/repo_api_May16_02/teams",
        "hooks_url": "https://api.github.com/repos/orgpawanapivalidation/repo_api_May16_02/hooks",
        "issue_events_url": "https://api.github.com/repos/orgpawanapivalidation/repo_api_May16_02/issues/events{/number}",
        "events_url": "https://api.github.com/repos/orgpawanapivalidation/repo_api_May16_02/events",
        "assignees_url": "https://api.github.com/repos/orgpawanapivalidation/repo_api_May16_02/assignees{/user}",
        "branches_url": "https://api.github.com/repos/orgpawanapivalidation/repo_api_May16_02/branches{/branch}",
        "tags_url": "https://api.github.com/repos/orgpawanapivalidation/repo_api_May16_02/tags",
        "blobs_url": "https://api.github.com/repos/orgpawanapivalidation/repo_api_May16_02/git/blobs{/sha}",
        "git_tags_url": "https://api.github.com/repos/orgpawanapivalidation/repo_api_May16_02/git/tags{/sha}",
        "git_refs_url": "https://api.github.com/repos/orgpawanapivalidation/repo_api_May16_02/git/refs{/sha}",
        "trees_url": "https://api.github.com/repos/orgpawanapivalidation/repo_api_May16_02/git/trees{/sha}",
        "statuses_url": "https://api.github.com/repos/orgpawanapivalidation/repo_api_May16_02/statuses/{sha}",
        "languages_url": "https://api.github.com/repos/orgpawanapivalidation/repo_api_May16_02/languages",
        "stargazers_url": "https://api.github.com/repos/orgpawanapivalidation/repo_api_May16_02/stargazers",
        "contributors_url": "https://api.github.com/repos/orgpawanapivalidation/repo_api_May16_02/contributors",
        "subscribers_url": "https://api.github.com/repos/orgpawanapivalidation/repo_api_May16_02/subscribers",
        "subscription_url": "https://api.github.com/repos/orgpawanapivalidation/repo_api_May16_02/subscription",
        "commits_url": "https://api.github.com/repos/orgpawanapivalidation/repo_api_May16_02/commits{/sha}",
        "git_commits_url": "https://api.github.com/repos/orgpawanapivalidation/repo_api_May16_02/git/commits{/sha}",
        "comments_url": "https://api.github.com/repos/orgpawanapivalidation/repo_api_May16_02/comments{/number}",
        "issue_comment_url": "https://api.github.com/repos/orgpawanapivalidation/repo_api_May16_02/issues/comments{/number}",
        "contents_url": "https://api.github.com/repos/orgpawanapivalidation/repo_api_May16_02/contents/{+path}",
        "compare_url": "https://api.github.com/repos/orgpawanapivalidation/repo_api_May16_02/compare/{base}...{head}",
        "merges_url": "https://api.github.com/repos/orgpawanapivalidation/repo_api_May16_02/merges",
        "archive_url": "https://api.github.com/repos/orgpawanapivalidation/repo_api_May16_02/{archive_format}{/ref}",
        "downloads_url": "https://api.github.com/repos/orgpawanapivalidation/repo_api_May16_02/downloads",
        "issues_url": "https://api.github.com/repos/orgpawanapivalidation/repo_api_May16_02/issues{/number}",
        "pulls_url": "https://api.github.com/repos/orgpawanapivalidation/repo_api_May16_02/pulls{/number}",
        "milestones_url": "https://api.github.com/repos/orgpawanapivalidation/repo_api_May16_02/milestones{/number}",
        "notifications_url": "https://api.github.com/repos/orgpawanapivalidation/repo_api_May16_02/notifications{?since,all,participating}",
        "labels_url": "https://api.github.com/repos/orgpawanapivalidation/repo_api_May16_02/labels{/name}",
        "releases_url": "https://api.github.com/repos/orgpawanapivalidation/repo_api_May16_02/releases{/id}",
        "deployments_url": "https://api.github.com/repos/orgpawanapivalidation/repo_api_May16_02/deployments",
        "created_at": "2023-05-16T04:06:38Z",
        "updated_at": "2023-05-16T04:06:39Z",
        "pushed_at": "2023-05-16T04:06:38Z",
        "git_url": "git://github.com/orgpawanapivalidation/repo_api_May16_02.git",
        "ssh_url": "git@github.com:orgpawanapivalidation/repo_api_May16_02.git",
        "clone_url": "https://github.com/orgpawanapivalidation/repo_api_May16_02.git",
        "svn_url": "https://github.com/orgpawanapivalidation/repo_api_May16_02",
        "homepage": null,
        "size": 0,
        "stargazers_count": 0,
        "watchers_count": 0,
        "language": null,
        "has_issues": true,
        "has_projects": true,
        "has_downloads": true,
        "has_wiki": true,
        "has_pages": false,
        "has_discussions": false,
        "forks_count": 0,
        "mirror_url": null,
        "archived": false,
        "disabled": false,
        "open_issues_count": 0,
        "license": null,
        "allow_forking": true,
        "is_template": false,
        "web_commit_signoff_required": false,
        "topics": [
            
        ],
        "visibility": "public",
        "forks": 0,
        "open_issues": 0,
        "watchers": 0,
        "default_branch": "main",
        "permissions": {
            "admin": false,
            "maintain": false,
            "push": false,
            "triage": false,
            "pull": true
        }
    },
    {
        "id": 641236680,
        "node_id": "R_kgDOJjh-yA",
        "name": "repo_api_May16_03",
        "full_name": "orgpawanapivalidation/repo_api_May16_03",
        "private": false,
        "owner": {
            "login": "orgpawanapivalidation",
            "id": 132034478,
            "node_id": "O_kgDOB96vrg",
            "avatar_url": "https://avatars.githubusercontent.com/u/132034478?v=4",
            "gravatar_id": "",
            "url": "https://api.github.com/users/orgpawanapivalidation",
            "html_url": "https://github.com/orgpawanapivalidation",
            "followers_url": "https://api.github.com/users/orgpawanapivalidation/followers",
            "following_url": "https://api.github.com/users/orgpawanapivalidation/following{/other_user}",
            "gists_url": "https://api.github.com/users/orgpawanapivalidation/gists{/gist_id}",
            "starred_url": "https://api.github.com/users/orgpawanapivalidation/starred{/owner}{/repo}",
            "subscriptions_url": "https://api.github.com/users/orgpawanapivalidation/subscriptions",
            "organizations_url": "https://api.github.com/users/orgpawanapivalidation/orgs",
            "repos_url": "https://api.github.com/users/orgpawanapivalidation/repos",
            "events_url": "https://api.github.com/users/orgpawanapivalidation/events{/privacy}",
            "received_events_url": "https://api.github.com/users/orgpawanapivalidation/received_events",
            "type": "Organization",
            "site_admin": false
        },
        "html_url": "https://github.com/orgpawanapivalidation/repo_api_May16_03",
        "description": null,
        "fork": false,
        "url": "https://api.github.com/repos/orgpawanapivalidation/repo_api_May16_03",
        "forks_url": "https://api.github.com/repos/orgpawanapivalidation/repo_api_May16_03/forks",
        "keys_url": "https://api.github.com/repos/orgpawanapivalidation/repo_api_May16_03/keys{/key_id}",
        "collaborators_url": "https://api.github.com/repos/orgpawanapivalidation/repo_api_May16_03/collaborators{/collaborator}",
        "teams_url": "https://api.github.com/repos/orgpawanapivalidation/repo_api_May16_03/teams",
        "hooks_url": "https://api.github.com/repos/orgpawanapivalidation/repo_api_May16_03/hooks",
        "issue_events_url": "https://api.github.com/repos/orgpawanapivalidation/repo_api_May16_03/issues/events{/number}",
        "events_url": "https://api.github.com/repos/orgpawanapivalidation/repo_api_May16_03/events",
        "assignees_url": "https://api.github.com/repos/orgpawanapivalidation/repo_api_May16_03/assignees{/user}",
        "branches_url": "https://api.github.com/repos/orgpawanapivalidation/repo_api_May16_03/branches{/branch}",
        "tags_url": "https://api.github.com/repos/orgpawanapivalidation/repo_api_May16_03/tags",
        "blobs_url": "https://api.github.com/repos/orgpawanapivalidation/repo_api_May16_03/git/blobs{/sha}",
        "git_tags_url": "https://api.github.com/repos/orgpawanapivalidation/repo_api_May16_03/git/tags{/sha}",
        "git_refs_url": "https://api.github.com/repos/orgpawanapivalidation/repo_api_May16_03/git/refs{/sha}",
        "trees_url": "https://api.github.com/repos/orgpawanapivalidation/repo_api_May16_03/git/trees{/sha}",
        "statuses_url": "https://api.github.com/repos/orgpawanapivalidation/repo_api_May16_03/statuses/{sha}",
        "languages_url": "https://api.github.com/repos/orgpawanapivalidation/repo_api_May16_03/languages",
        "stargazers_url": "https://api.github.com/repos/orgpawanapivalidation/repo_api_May16_03/stargazers",
        "contributors_url": "https://api.github.com/repos/orgpawanapivalidation/repo_api_May16_03/contributors",
        "subscribers_url": "https://api.github.com/repos/orgpawanapivalidation/repo_api_May16_03/subscribers",
        "subscription_url": "https://api.github.com/repos/orgpawanapivalidation/repo_api_May16_03/subscription",
        "commits_url": "https://api.github.com/repos/orgpawanapivalidation/repo_api_May16_03/commits{/sha}",
        "git_commits_url": "https://api.github.com/repos/orgpawanapivalidation/repo_api_May16_03/git/commits{/sha}",
        "comments_url": "https://api.github.com/repos/orgpawanapivalidation/repo_api_May16_03/comments{/number}",
        "issue_comment_url": "https://api.github.com/repos/orgpawanapivalidation/repo_api_May16_03/issues/comments{/number}",
        "contents_url": "https://api.github.com/repos/orgpawanapivalidation/repo_api_May16_03/contents/{+path}",
        "compare_url": "https://api.github.com/repos/orgpawanapivalidation/repo_api_May16_03/compare/{base}...{head}",
        "merges_url": "https://api.github.com/repos/orgpawanapivalidation/repo_api_May16_03/merges",
        "archive_url": "https://api.github.com/repos/orgpawanapivalidation/repo_api_May16_03/{archive_format}{/ref}",
        "downloads_url": "https://api.github.com/repos/orgpawanapivalidation/repo_api_May16_03/downloads",
        "issues_url": "https://api.github.com/repos/orgpawanapivalidation/repo_api_May16_03/issues{/number}",
        "pulls_url": "https://api.github.com/repos/orgpawanapivalidation/repo_api_May16_03/pulls{/number}",
        "milestones_url": "https://api.github.com/repos/orgpawanapivalidation/repo_api_May16_03/milestones{/number}",
        "notifications_url": "https://api.github.com/repos/orgpawanapivalidation/repo_api_May16_03/notifications{?since,all,participating}",
        "labels_url": "https://api.github.com/repos/orgpawanapivalidation/repo_api_May16_03/labels{/name}",
        "releases_url": "https://api.github.com/repos/orgpawanapivalidation/repo_api_May16_03/releases{/id}",
        "deployments_url": "https://api.github.com/repos/orgpawanapivalidation/repo_api_May16_03/deployments",
        "created_at": "2023-05-16T04:08:01Z",
        "updated_at": "2023-05-16T04:08:01Z",
        "pushed_at": "2023-05-16T04:08:01Z",
        "git_url": "git://github.com/orgpawanapivalidation/repo_api_May16_03.git",
        "ssh_url": "git@github.com:orgpawanapivalidation/repo_api_May16_03.git",
        "clone_url": "https://github.com/orgpawanapivalidation/repo_api_May16_03.git",
        "svn_url": "https://github.com/orgpawanapivalidation/repo_api_May16_03",
        "homepage": null,
        "size": 0,
        "stargazers_count": 0,
        "watchers_count": 0,
        "language": null,
        "has_issues": true,
        "has_projects": true,
        "has_downloads": true,
        "has_wiki": true,
        "has_pages": false,
        "has_discussions": false,
        "forks_count": 0,
        "mirror_url": null,
        "archived": false,
        "disabled": false,
        "open_issues_count": 0,
        "license": null,
        "allow_forking": true,
        "is_template": false,
        "web_commit_signoff_required": false,
        "topics": [
            
        ],
        "visibility": "public",
        "forks": 0,
        "open_issues": 0,
        "watchers": 0,
        "default_branch": "main",
        "permissions": {
            "admin": false,
            "maintain": false,
            "push": false,
            "triage": false,
            "pull": true
        }
    },
    {
        "id": 641768923,
        "node_id": "R_kgDOJkCd2w",
        "name": "repo_api_May17_05-Testing-is-in-progress-true",
        "full_name": "orgpawanapivalidation/repo_api_May17_05-Testing-is-in-progress-true",
        "private": false,
        "owner": {
            "login": "orgpawanapivalidation",
            "id": 132034478,
            "node_id": "O_kgDOB96vrg",
            "avatar_url": "https://avatars.githubusercontent.com/u/132034478?v=4",
            "gravatar_id": "",
            "url": "https://api.github.com/users/orgpawanapivalidation",
            "html_url": "https://github.com/orgpawanapivalidation",
            "followers_url": "https://api.github.com/users/orgpawanapivalidation/followers",
            "following_url": "https://api.github.com/users/orgpawanapivalidation/following{/other_user}",
            "gists_url": "https://api.github.com/users/orgpawanapivalidation/gists{/gist_id}",
            "starred_url": "https://api.github.com/users/orgpawanapivalidation/starred{/owner}{/repo}",
            "subscriptions_url": "https://api.github.com/users/orgpawanapivalidation/subscriptions",
            "organizations_url": "https://api.github.com/users/orgpawanapivalidation/orgs",
            "repos_url": "https://api.github.com/users/orgpawanapivalidation/repos",
            "events_url": "https://api.github.com/users/orgpawanapivalidation/events{/privacy}",
            "received_events_url": "https://api.github.com/users/orgpawanapivalidation/received_events",
            "type": "Organization",
            "site_admin": false
        },
        "html_url": "https://github.com/orgpawanapivalidation/repo_api_May17_05-Testing-is-in-progress-true",
        "description": null,
        "fork": false,
        "url": "https://api.github.com/repos/orgpawanapivalidation/repo_api_May17_05-Testing-is-in-progress-true",
        "forks_url": "https://api.github.com/repos/orgpawanapivalidation/repo_api_May17_05-Testing-is-in-progress-true/forks",
        "keys_url": "https://api.github.com/repos/orgpawanapivalidation/repo_api_May17_05-Testing-is-in-progress-true/keys{/key_id}",
        "collaborators_url": "https://api.github.com/repos/orgpawanapivalidation/repo_api_May17_05-Testing-is-in-progress-true/collaborators{/collaborator}",
        "teams_url": "https://api.github.com/repos/orgpawanapivalidation/repo_api_May17_05-Testing-is-in-progress-true/teams",
        "hooks_url": "https://api.github.com/repos/orgpawanapivalidation/repo_api_May17_05-Testing-is-in-progress-true/hooks",
        "issue_events_url": "https://api.github.com/repos/orgpawanapivalidation/repo_api_May17_05-Testing-is-in-progress-true/issues/events{/number}",
        "events_url": "https://api.github.com/repos/orgpawanapivalidation/repo_api_May17_05-Testing-is-in-progress-true/events",
        "assignees_url": "https://api.github.com/repos/orgpawanapivalidation/repo_api_May17_05-Testing-is-in-progress-true/assignees{/user}",
        "branches_url": "https://api.github.com/repos/orgpawanapivalidation/repo_api_May17_05-Testing-is-in-progress-true/branches{/branch}",
        "tags_url": "https://api.github.com/repos/orgpawanapivalidation/repo_api_May17_05-Testing-is-in-progress-true/tags",
        "blobs_url": "https://api.github.com/repos/orgpawanapivalidation/repo_api_May17_05-Testing-is-in-progress-true/git/blobs{/sha}",
        "git_tags_url": "https://api.github.com/repos/orgpawanapivalidation/repo_api_May17_05-Testing-is-in-progress-true/git/tags{/sha}",
        "git_refs_url": "https://api.github.com/repos/orgpawanapivalidation/repo_api_May17_05-Testing-is-in-progress-true/git/refs{/sha}",
        "trees_url": "https://api.github.com/repos/orgpawanapivalidation/repo_api_May17_05-Testing-is-in-progress-true/git/trees{/sha}",
        "statuses_url": "https://api.github.com/repos/orgpawanapivalidation/repo_api_May17_05-Testing-is-in-progress-true/statuses/{sha}",
        "languages_url": "https://api.github.com/repos/orgpawanapivalidation/repo_api_May17_05-Testing-is-in-progress-true/languages",
        "stargazers_url": "https://api.github.com/repos/orgpawanapivalidation/repo_api_May17_05-Testing-is-in-progress-true/stargazers",
        "contributors_url": "https://api.github.com/repos/orgpawanapivalidation/repo_api_May17_05-Testing-is-in-progress-true/contributors",
        "subscribers_url": "https://api.github.com/repos/orgpawanapivalidation/repo_api_May17_05-Testing-is-in-progress-true/subscribers",
        "subscription_url": "https://api.github.com/repos/orgpawanapivalidation/repo_api_May17_05-Testing-is-in-progress-true/subscription",
        "commits_url": "https://api.github.com/repos/orgpawanapivalidation/repo_api_May17_05-Testing-is-in-progress-true/commits{/sha}",
        "git_commits_url": "https://api.github.com/repos/orgpawanapivalidation/repo_api_May17_05-Testing-is-in-progress-true/git/commits{/sha}",
        "comments_url": "https://api.github.com/repos/orgpawanapivalidation/repo_api_May17_05-Testing-is-in-progress-true/comments{/number}",
        "issue_comment_url": "https://api.github.com/repos/orgpawanapivalidation/repo_api_May17_05-Testing-is-in-progress-true/issues/comments{/number}",
        "contents_url": "https://api.github.com/repos/orgpawanapivalidation/repo_api_May17_05-Testing-is-in-progress-true/contents/{+path}",
        "compare_url": "https://api.github.com/repos/orgpawanapivalidation/repo_api_May17_05-Testing-is-in-progress-true/compare/{base}...{head}",
        "merges_url": "https://api.github.com/repos/orgpawanapivalidation/repo_api_May17_05-Testing-is-in-progress-true/merges",
        "archive_url": "https://api.github.com/repos/orgpawanapivalidation/repo_api_May17_05-Testing-is-in-progress-true/{archive_format}{/ref}",
        "downloads_url": "https://api.github.com/repos/orgpawanapivalidation/repo_api_May17_05-Testing-is-in-progress-true/downloads",
        "issues_url": "https://api.github.com/repos/orgpawanapivalidation/repo_api_May17_05-Testing-is-in-progress-true/issues{/number}",
        "pulls_url": "https://api.github.com/repos/orgpawanapivalidation/repo_api_May17_05-Testing-is-in-progress-true/pulls{/number}",
        "milestones_url": "https://api.github.com/repos/orgpawanapivalidation/repo_api_May17_05-Testing-is-in-progress-true/milestones{/number}",
        "notifications_url": "https://api.github.com/repos/orgpawanapivalidation/repo_api_May17_05-Testing-is-in-progress-true/notifications{?since,all,participating}",
        "labels_url": "https://api.github.com/repos/orgpawanapivalidation/repo_api_May17_05-Testing-is-in-progress-true/labels{/name}",
        "releases_url": "https://api.github.com/repos/orgpawanapivalidation/repo_api_May17_05-Testing-is-in-progress-true/releases{/id}",
        "deployments_url": "https://api.github.com/repos/orgpawanapivalidation/repo_api_May17_05-Testing-is-in-progress-true/deployments",
        "created_at": "2023-05-17T06:11:02Z",
        "updated_at": "2023-05-17T06:11:02Z",
        "pushed_at": "2023-05-17T06:11:02Z",
        "git_url": "git://github.com/orgpawanapivalidation/repo_api_May17_05-Testing-is-in-progress-true.git",
        "ssh_url": "git@github.com:orgpawanapivalidation/repo_api_May17_05-Testing-is-in-progress-true.git",
        "clone_url": "https://github.com/orgpawanapivalidation/repo_api_May17_05-Testing-is-in-progress-true.git",
        "svn_url": "https://github.com/orgpawanapivalidation/repo_api_May17_05-Testing-is-in-progress-true",
        "homepage": null,
        "size": 0,
        "stargazers_count": 0,
        "watchers_count": 0,
        "language": null,
        "has_issues": true,
        "has_projects": true,
        "has_downloads": true,
        "has_wiki": true,
        "has_pages": false,
        "has_discussions": false,
        "forks_count": 0,
        "mirror_url": null,
        "archived": false,
        "disabled": false,
        "open_issues_count": 0,
        "license": null,
        "allow_forking": true,
        "is_template": false,
        "web_commit_signoff_required": false,
        "topics": [
            
        ],
        "visibility": "public",
        "forks": 0,
        "open_issues": 0,
        "watchers": 0,
        "default_branch": "main",
        "permissions": {
            "admin": false,
            "maintain": false,
            "push": false,
            "triage": false,
            "pull": true
        }
    },
    {
        "id": 641770609,
        "node_id": "R_kgDOJkCkcQ",
        "name": "repo_api_May17_06",
        "full_name": "orgpawanapivalidation/repo_api_May17_06",
        "private": false,
        "owner": {
            "login": "orgpawanapivalidation",
            "id": 132034478,
            "node_id": "O_kgDOB96vrg",
            "avatar_url": "https://avatars.githubusercontent.com/u/132034478?v=4",
            "gravatar_id": "",
            "url": "https://api.github.com/users/orgpawanapivalidation",
            "html_url": "https://github.com/orgpawanapivalidation",
            "followers_url": "https://api.github.com/users/orgpawanapivalidation/followers",
            "following_url": "https://api.github.com/users/orgpawanapivalidation/following{/other_user}",
            "gists_url": "https://api.github.com/users/orgpawanapivalidation/gists{/gist_id}",
            "starred_url": "https://api.github.com/users/orgpawanapivalidation/starred{/owner}{/repo}",
            "subscriptions_url": "https://api.github.com/users/orgpawanapivalidation/subscriptions",
            "organizations_url": "https://api.github.com/users/orgpawanapivalidation/orgs",
            "repos_url": "https://api.github.com/users/orgpawanapivalidation/repos",
            "events_url": "https://api.github.com/users/orgpawanapivalidation/events{/privacy}",
            "received_events_url": "https://api.github.com/users/orgpawanapivalidation/received_events",
            "type": "Organization",
            "site_admin": false
        },
        "html_url": "https://github.com/orgpawanapivalidation/repo_api_May17_06",
        "description": "Testing is in progress",
        "fork": false,
        "url": "https://api.github.com/repos/orgpawanapivalidation/repo_api_May17_06",
        "forks_url": "https://api.github.com/repos/orgpawanapivalidation/repo_api_May17_06/forks",
        "keys_url": "https://api.github.com/repos/orgpawanapivalidation/repo_api_May17_06/keys{/key_id}",
        "collaborators_url": "https://api.github.com/repos/orgpawanapivalidation/repo_api_May17_06/collaborators{/collaborator}",
        "teams_url": "https://api.github.com/repos/orgpawanapivalidation/repo_api_May17_06/teams",
        "hooks_url": "https://api.github.com/repos/orgpawanapivalidation/repo_api_May17_06/hooks",
        "issue_events_url": "https://api.github.com/repos/orgpawanapivalidation/repo_api_May17_06/issues/events{/number}",
        "events_url": "https://api.github.com/repos/orgpawanapivalidation/repo_api_May17_06/events",
        "assignees_url": "https://api.github.com/repos/orgpawanapivalidation/repo_api_May17_06/assignees{/user}",
        "branches_url": "https://api.github.com/repos/orgpawanapivalidation/repo_api_May17_06/branches{/branch}",
        "tags_url": "https://api.github.com/repos/orgpawanapivalidation/repo_api_May17_06/tags",
        "blobs_url": "https://api.github.com/repos/orgpawanapivalidation/repo_api_May17_06/git/blobs{/sha}",
        "git_tags_url": "https://api.github.com/repos/orgpawanapivalidation/repo_api_May17_06/git/tags{/sha}",
        "git_refs_url": "https://api.github.com/repos/orgpawanapivalidation/repo_api_May17_06/git/refs{/sha}",
        "trees_url": "https://api.github.com/repos/orgpawanapivalidation/repo_api_May17_06/git/trees{/sha}",
        "statuses_url": "https://api.github.com/repos/orgpawanapivalidation/repo_api_May17_06/statuses/{sha}",
        "languages_url": "https://api.github.com/repos/orgpawanapivalidation/repo_api_May17_06/languages",
        "stargazers_url": "https://api.github.com/repos/orgpawanapivalidation/repo_api_May17_06/stargazers",
        "contributors_url": "https://api.github.com/repos/orgpawanapivalidation/repo_api_May17_06/contributors",
        "subscribers_url": "https://api.github.com/repos/orgpawanapivalidation/repo_api_May17_06/subscribers",
        "subscription_url": "https://api.github.com/repos/orgpawanapivalidation/repo_api_May17_06/subscription",
        "commits_url": "https://api.github.com/repos/orgpawanapivalidation/repo_api_May17_06/commits{/sha}",
        "git_commits_url": "https://api.github.com/repos/orgpawanapivalidation/repo_api_May17_06/git/commits{/sha}",
        "comments_url": "https://api.github.com/repos/orgpawanapivalidation/repo_api_May17_06/comments{/number}",
        "issue_comment_url": "https://api.github.com/repos/orgpawanapivalidation/repo_api_May17_06/issues/comments{/number}",
        "contents_url": "https://api.github.com/repos/orgpawanapivalidation/repo_api_May17_06/contents/{+path}",
        "compare_url": "https://api.github.com/repos/orgpawanapivalidation/repo_api_May17_06/compare/{base}...{head}",
        "merges_url": "https://api.github.com/repos/orgpawanapivalidation/repo_api_May17_06/merges",
        "archive_url": "https://api.github.com/repos/orgpawanapivalidation/repo_api_May17_06/{archive_format}{/ref}",
        "downloads_url": "https://api.github.com/repos/orgpawanapivalidation/repo_api_May17_06/downloads",
        "issues_url": "https://api.github.com/repos/orgpawanapivalidation/repo_api_May17_06/issues{/number}",
        "pulls_url": "https://api.github.com/repos/orgpawanapivalidation/repo_api_May17_06/pulls{/number}",
        "milestones_url": "https://api.github.com/repos/orgpawanapivalidation/repo_api_May17_06/milestones{/number}",
        "notifications_url": "https://api.github.com/repos/orgpawanapivalidation/repo_api_May17_06/notifications{?since,all,participating}",
        "labels_url": "https://api.github.com/repos/orgpawanapivalidation/repo_api_May17_06/labels{/name}",
        "releases_url": "https://api.github.com/repos/orgpawanapivalidation/repo_api_May17_06/releases{/id}",
        "deployments_url": "https://api.github.com/repos/orgpawanapivalidation/repo_api_May17_06/deployments",
        "created_at": "2023-05-17T06:16:15Z",
        "updated_at": "2023-05-17T06:16:16Z",
        "pushed_at": "2023-05-17T06:16:16Z",
        "git_url": "git://github.com/orgpawanapivalidation/repo_api_May17_06.git",
        "ssh_url": "git@github.com:orgpawanapivalidation/repo_api_May17_06.git",
        "clone_url": "https://github.com/orgpawanapivalidation/repo_api_May17_06.git",
        "svn_url": "https://github.com/orgpawanapivalidation/repo_api_May17_06",
        "homepage": null,
        "size": 0,
        "stargazers_count": 0,
        "watchers_count": 0,
        "language": null,
        "has_issues": true,
        "has_projects": true,
        "has_downloads": true,
        "has_wiki": true,
        "has_pages": false,
        "has_discussions": false,
        "forks_count": 0,
        "mirror_url": null,
        "archived": false,
        "disabled": false,
        "open_issues_count": 0,
        "license": null,
        "allow_forking": true,
        "is_template": false,
        "web_commit_signoff_required": false,
        "topics": [
            
        ],
        "visibility": "public",
        "forks": 0,
        "open_issues": 0,
        "watchers": 0,
        "default_branch": "main",
        "permissions": {
            "admin": false,
            "maintain": false,
            "push": false,
            "triage": false,
            "pull": true
        }
    },
    {
        "id": 641773575,
        "node_id": "R_kgDOJkCwBw",
        "name": "repo_api_May17_07",
        "full_name": "orgpawanapivalidation/repo_api_May17_07",
        "private": false,
        "owner": {
            "login": "orgpawanapivalidation",
            "id": 132034478,
            "node_id": "O_kgDOB96vrg",
            "avatar_url": "https://avatars.githubusercontent.com/u/132034478?v=4",
            "gravatar_id": "",
            "url": "https://api.github.com/users/orgpawanapivalidation",
            "html_url": "https://github.com/orgpawanapivalidation",
            "followers_url": "https://api.github.com/users/orgpawanapivalidation/followers",
            "following_url": "https://api.github.com/users/orgpawanapivalidation/following{/other_user}",
            "gists_url": "https://api.github.com/users/orgpawanapivalidation/gists{/gist_id}",
            "starred_url": "https://api.github.com/users/orgpawanapivalidation/starred{/owner}{/repo}",
            "subscriptions_url": "https://api.github.com/users/orgpawanapivalidation/subscriptions",
            "organizations_url": "https://api.github.com/users/orgpawanapivalidation/orgs",
            "repos_url": "https://api.github.com/users/orgpawanapivalidation/repos",
            "events_url": "https://api.github.com/users/orgpawanapivalidation/events{/privacy}",
            "received_events_url": "https://api.github.com/users/orgpawanapivalidation/received_events",
            "type": "Organization",
            "site_admin": false
        },
        "html_url": "https://github.com/orgpawanapivalidation/repo_api_May17_07",
        "description": "Testing is in progress",
        "fork": false,
        "url": "https://api.github.com/repos/orgpawanapivalidation/repo_api_May17_07",
        "forks_url": "https://api.github.com/repos/orgpawanapivalidation/repo_api_May17_07/forks",
        "keys_url": "https://api.github.com/repos/orgpawanapivalidation/repo_api_May17_07/keys{/key_id}",
        "collaborators_url": "https://api.github.com/repos/orgpawanapivalidation/repo_api_May17_07/collaborators{/collaborator}",
        "teams_url": "https://api.github.com/repos/orgpawanapivalidation/repo_api_May17_07/teams",
        "hooks_url": "https://api.github.com/repos/orgpawanapivalidation/repo_api_May17_07/hooks",
        "issue_events_url": "https://api.github.com/repos/orgpawanapivalidation/repo_api_May17_07/issues/events{/number}",
        "events_url": "https://api.github.com/repos/orgpawanapivalidation/repo_api_May17_07/events",
        "assignees_url": "https://api.github.com/repos/orgpawanapivalidation/repo_api_May17_07/assignees{/user}",
        "branches_url": "https://api.github.com/repos/orgpawanapivalidation/repo_api_May17_07/branches{/branch}",
        "tags_url": "https://api.github.com/repos/orgpawanapivalidation/repo_api_May17_07/tags",
        "blobs_url": "https://api.github.com/repos/orgpawanapivalidation/repo_api_May17_07/git/blobs{/sha}",
        "git_tags_url": "https://api.github.com/repos/orgpawanapivalidation/repo_api_May17_07/git/tags{/sha}",
        "git_refs_url": "https://api.github.com/repos/orgpawanapivalidation/repo_api_May17_07/git/refs{/sha}",
        "trees_url": "https://api.github.com/repos/orgpawanapivalidation/repo_api_May17_07/git/trees{/sha}",
        "statuses_url": "https://api.github.com/repos/orgpawanapivalidation/repo_api_May17_07/statuses/{sha}",
        "languages_url": "https://api.github.com/repos/orgpawanapivalidation/repo_api_May17_07/languages",
        "stargazers_url": "https://api.github.com/repos/orgpawanapivalidation/repo_api_May17_07/stargazers",
        "contributors_url": "https://api.github.com/repos/orgpawanapivalidation/repo_api_May17_07/contributors",
        "subscribers_url": "https://api.github.com/repos/orgpawanapivalidation/repo_api_May17_07/subscribers",
        "subscription_url": "https://api.github.com/repos/orgpawanapivalidation/repo_api_May17_07/subscription",
        "commits_url": "https://api.github.com/repos/orgpawanapivalidation/repo_api_May17_07/commits{/sha}",
        "git_commits_url": "https://api.github.com/repos/orgpawanapivalidation/repo_api_May17_07/git/commits{/sha}",
        "comments_url": "https://api.github.com/repos/orgpawanapivalidation/repo_api_May17_07/comments{/number}",
        "issue_comment_url": "https://api.github.com/repos/orgpawanapivalidation/repo_api_May17_07/issues/comments{/number}",
        "contents_url": "https://api.github.com/repos/orgpawanapivalidation/repo_api_May17_07/contents/{+path}",
        "compare_url": "https://api.github.com/repos/orgpawanapivalidation/repo_api_May17_07/compare/{base}...{head}",
        "merges_url": "https://api.github.com/repos/orgpawanapivalidation/repo_api_May17_07/merges",
        "archive_url": "https://api.github.com/repos/orgpawanapivalidation/repo_api_May17_07/{archive_format}{/ref}",
        "downloads_url": "https://api.github.com/repos/orgpawanapivalidation/repo_api_May17_07/downloads",
        "issues_url": "https://api.github.com/repos/orgpawanapivalidation/repo_api_May17_07/issues{/number}",
        "pulls_url": "https://api.github.com/repos/orgpawanapivalidation/repo_api_May17_07/pulls{/number}",
        "milestones_url": "https://api.github.com/repos/orgpawanapivalidation/repo_api_May17_07/milestones{/number}",
        "notifications_url": "https://api.github.com/repos/orgpawanapivalidation/repo_api_May17_07/notifications{?since,all,participating}",
        "labels_url": "https://api.github.com/repos/orgpawanapivalidation/repo_api_May17_07/labels{/name}",
        "releases_url": "https://api.github.com/repos/orgpawanapivalidation/repo_api_May17_07/releases{/id}",
        "deployments_url": "https://api.github.com/repos/orgpawanapivalidation/repo_api_May17_07/deployments",
        "created_at": "2023-05-17T06:25:09Z",
        "updated_at": "2023-05-17T06:25:10Z",
        "pushed_at": "2023-05-17T06:25:10Z",
        "git_url": "git://github.com/orgpawanapivalidation/repo_api_May17_07.git",
        "ssh_url": "git@github.com:orgpawanapivalidation/repo_api_May17_07.git",
        "clone_url": "https://github.com/orgpawanapivalidation/repo_api_May17_07.git",
        "svn_url": "https://github.com/orgpawanapivalidation/repo_api_May17_07",
        "homepage": null,
        "size": 0,
        "stargazers_count": 0,
        "watchers_count": 0,
        "language": null,
        "has_issues": true,
        "has_projects": true,
        "has_downloads": true,
        "has_wiki": true,
        "has_pages": false,
        "has_discussions": false,
        "forks_count": 0,
        "mirror_url": null,
        "archived": false,
        "disabled": false,
        "open_issues_count": 0,
        "license": null,
        "allow_forking": true,
        "is_template": false,
        "web_commit_signoff_required": false,
        "topics": [
            
        ],
        "visibility": "public",
        "forks": 0,
        "open_issues": 0,
        "watchers": 0,
        "default_branch": "main",
        "permissions": {
            "admin": false,
            "maintain": false,
            "push": false,
            "triage": false,
            "pull": true
        }
    },
    {
        "id": 641798230,
        "node_id": "R_kgDOJkEQVg",
        "name": "repo_api_May17_08",
        "full_name": "orgpawanapivalidation/repo_api_May17_08",
        "private": false,
        "owner": {
            "login": "orgpawanapivalidation",
            "id": 132034478,
            "node_id": "O_kgDOB96vrg",
            "avatar_url": "https://avatars.githubusercontent.com/u/132034478?v=4",
            "gravatar_id": "",
            "url": "https://api.github.com/users/orgpawanapivalidation",
            "html_url": "https://github.com/orgpawanapivalidation",
            "followers_url": "https://api.github.com/users/orgpawanapivalidation/followers",
            "following_url": "https://api.github.com/users/orgpawanapivalidation/following{/other_user}",
            "gists_url": "https://api.github.com/users/orgpawanapivalidation/gists{/gist_id}",
            "starred_url": "https://api.github.com/users/orgpawanapivalidation/starred{/owner}{/repo}",
            "subscriptions_url": "https://api.github.com/users/orgpawanapivalidation/subscriptions",
            "organizations_url": "https://api.github.com/users/orgpawanapivalidation/orgs",
            "repos_url": "https://api.github.com/users/orgpawanapivalidation/repos",
            "events_url": "https://api.github.com/users/orgpawanapivalidation/events{/privacy}",
            "received_events_url": "https://api.github.com/users/orgpawanapivalidation/received_events",
            "type": "Organization",
            "site_admin": false
        },
        "html_url": "https://github.com/orgpawanapivalidation/repo_api_May17_08",
        "description": "Testing is in progress",
        "fork": false,
        "url": "https://api.github.com/repos/orgpawanapivalidation/repo_api_May17_08",
        "forks_url": "https://api.github.com/repos/orgpawanapivalidation/repo_api_May17_08/forks",
        "keys_url": "https://api.github.com/repos/orgpawanapivalidation/repo_api_May17_08/keys{/key_id}",
        "collaborators_url": "https://api.github.com/repos/orgpawanapivalidation/repo_api_May17_08/collaborators{/collaborator}",
        "teams_url": "https://api.github.com/repos/orgpawanapivalidation/repo_api_May17_08/teams",
        "hooks_url": "https://api.github.com/repos/orgpawanapivalidation/repo_api_May17_08/hooks",
        "issue_events_url": "https://api.github.com/repos/orgpawanapivalidation/repo_api_May17_08/issues/events{/number}",
        "events_url": "https://api.github.com/repos/orgpawanapivalidation/repo_api_May17_08/events",
        "assignees_url": "https://api.github.com/repos/orgpawanapivalidation/repo_api_May17_08/assignees{/user}",
        "branches_url": "https://api.github.com/repos/orgpawanapivalidation/repo_api_May17_08/branches{/branch}",
        "tags_url": "https://api.github.com/repos/orgpawanapivalidation/repo_api_May17_08/tags",
        "blobs_url": "https://api.github.com/repos/orgpawanapivalidation/repo_api_May17_08/git/blobs{/sha}",
        "git_tags_url": "https://api.github.com/repos/orgpawanapivalidation/repo_api_May17_08/git/tags{/sha}",
        "git_refs_url": "https://api.github.com/repos/orgpawanapivalidation/repo_api_May17_08/git/refs{/sha}",
        "trees_url": "https://api.github.com/repos/orgpawanapivalidation/repo_api_May17_08/git/trees{/sha}",
        "statuses_url": "https://api.github.com/repos/orgpawanapivalidation/repo_api_May17_08/statuses/{sha}",
        "languages_url": "https://api.github.com/repos/orgpawanapivalidation/repo_api_May17_08/languages",
        "stargazers_url": "https://api.github.com/repos/orgpawanapivalidation/repo_api_May17_08/stargazers",
        "contributors_url": "https://api.github.com/repos/orgpawanapivalidation/repo_api_May17_08/contributors",
        "subscribers_url": "https://api.github.com/repos/orgpawanapivalidation/repo_api_May17_08/subscribers",
        "subscription_url": "https://api.github.com/repos/orgpawanapivalidation/repo_api_May17_08/subscription",
        "commits_url": "https://api.github.com/repos/orgpawanapivalidation/repo_api_May17_08/commits{/sha}",
        "git_commits_url": "https://api.github.com/repos/orgpawanapivalidation/repo_api_May17_08/git/commits{/sha}",
        "comments_url": "https://api.github.com/repos/orgpawanapivalidation/repo_api_May17_08/comments{/number}",
        "issue_comment_url": "https://api.github.com/repos/orgpawanapivalidation/repo_api_May17_08/issues/comments{/number}",
        "contents_url": "https://api.github.com/repos/orgpawanapivalidation/repo_api_May17_08/contents/{+path}",
        "compare_url": "https://api.github.com/repos/orgpawanapivalidation/repo_api_May17_08/compare/{base}...{head}",
        "merges_url": "https://api.github.com/repos/orgpawanapivalidation/repo_api_May17_08/merges",
        "archive_url": "https://api.github.com/repos/orgpawanapivalidation/repo_api_May17_08/{archive_format}{/ref}",
        "downloads_url": "https://api.github.com/repos/orgpawanapivalidation/repo_api_May17_08/downloads",
        "issues_url": "https://api.github.com/repos/orgpawanapivalidation/repo_api_May17_08/issues{/number}",
        "pulls_url": "https://api.github.com/repos/orgpawanapivalidation/repo_api_May17_08/pulls{/number}",
        "milestones_url": "https://api.github.com/repos/orgpawanapivalidation/repo_api_May17_08/milestones{/number}",
        "notifications_url": "https://api.github.com/repos/orgpawanapivalidation/repo_api_May17_08/notifications{?since,all,participating}",
        "labels_url": "https://api.github.com/repos/orgpawanapivalidation/repo_api_May17_08/labels{/name}",
        "releases_url": "https://api.github.com/repos/orgpawanapivalidation/repo_api_May17_08/releases{/id}",
        "deployments_url": "https://api.github.com/repos/orgpawanapivalidation/repo_api_May17_08/deployments",
        "created_at": "2023-05-17T07:32:27Z",
        "updated_at": "2023-05-17T07:32:28Z",
        "pushed_at": "2023-05-17T07:32:28Z",
        "git_url": "git://github.com/orgpawanapivalidation/repo_api_May17_08.git",
        "ssh_url": "git@github.com:orgpawanapivalidation/repo_api_May17_08.git",
        "clone_url": "https://github.com/orgpawanapivalidation/repo_api_May17_08.git",
        "svn_url": "https://github.com/orgpawanapivalidation/repo_api_May17_08",
        "homepage": null,
        "size": 0,
        "stargazers_count": 0,
        "watchers_count": 0,
        "language": null,
        "has_issues": true,
        "has_projects": true,
        "has_downloads": true,
        "has_wiki": true,
        "has_pages": false,
        "has_discussions": false,
        "forks_count": 0,
        "mirror_url": null,
        "archived": false,
        "disabled": false,
        "open_issues_count": 0,
        "license": null,
        "allow_forking": true,
        "is_template": false,
        "web_commit_signoff_required": false,
        "topics": [
            
        ],
        "visibility": "public",
        "forks": 0,
        "open_issues": 0,
        "watchers": 0,
        "default_branch": "main",
        "permissions": {
            "admin": false,
            "maintain": false,
            "push": false,
            "triage": false,
            "pull": true
        }
    },
    {
        "id": 641801582,
        "node_id": "R_kgDOJkEdbg",
        "name": "repo_api_May17_09",
        "full_name": "orgpawanapivalidation/repo_api_May17_09",
        "private": false,
        "owner": {
            "login": "orgpawanapivalidation",
            "id": 132034478,
            "node_id": "O_kgDOB96vrg",
            "avatar_url": "https://avatars.githubusercontent.com/u/132034478?v=4",
            "gravatar_id": "",
            "url": "https://api.github.com/users/orgpawanapivalidation",
            "html_url": "https://github.com/orgpawanapivalidation",
            "followers_url": "https://api.github.com/users/orgpawanapivalidation/followers",
            "following_url": "https://api.github.com/users/orgpawanapivalidation/following{/other_user}",
            "gists_url": "https://api.github.com/users/orgpawanapivalidation/gists{/gist_id}",
            "starred_url": "https://api.github.com/users/orgpawanapivalidation/starred{/owner}{/repo}",
            "subscriptions_url": "https://api.github.com/users/orgpawanapivalidation/subscriptions",
            "organizations_url": "https://api.github.com/users/orgpawanapivalidation/orgs",
            "repos_url": "https://api.github.com/users/orgpawanapivalidation/repos",
            "events_url": "https://api.github.com/users/orgpawanapivalidation/events{/privacy}",
            "received_events_url": "https://api.github.com/users/orgpawanapivalidation/received_events",
            "type": "Organization",
            "site_admin": false
        },
        "html_url": "https://github.com/orgpawanapivalidation/repo_api_May17_09",
        "description": "Testing is in progress",
        "fork": false,
        "url": "https://api.github.com/repos/orgpawanapivalidation/repo_api_May17_09",
        "forks_url": "https://api.github.com/repos/orgpawanapivalidation/repo_api_May17_09/forks",
        "keys_url": "https://api.github.com/repos/orgpawanapivalidation/repo_api_May17_09/keys{/key_id}",
        "collaborators_url": "https://api.github.com/repos/orgpawanapivalidation/repo_api_May17_09/collaborators{/collaborator}",
        "teams_url": "https://api.github.com/repos/orgpawanapivalidation/repo_api_May17_09/teams",
        "hooks_url": "https://api.github.com/repos/orgpawanapivalidation/repo_api_May17_09/hooks",
        "issue_events_url": "https://api.github.com/repos/orgpawanapivalidation/repo_api_May17_09/issues/events{/number}",
        "events_url": "https://api.github.com/repos/orgpawanapivalidation/repo_api_May17_09/events",
        "assignees_url": "https://api.github.com/repos/orgpawanapivalidation/repo_api_May17_09/assignees{/user}",
        "branches_url": "https://api.github.com/repos/orgpawanapivalidation/repo_api_May17_09/branches{/branch}",
        "tags_url": "https://api.github.com/repos/orgpawanapivalidation/repo_api_May17_09/tags",
        "blobs_url": "https://api.github.com/repos/orgpawanapivalidation/repo_api_May17_09/git/blobs{/sha}",
        "git_tags_url": "https://api.github.com/repos/orgpawanapivalidation/repo_api_May17_09/git/tags{/sha}",
        "git_refs_url": "https://api.github.com/repos/orgpawanapivalidation/repo_api_May17_09/git/refs{/sha}",
        "trees_url": "https://api.github.com/repos/orgpawanapivalidation/repo_api_May17_09/git/trees{/sha}",
        "statuses_url": "https://api.github.com/repos/orgpawanapivalidation/repo_api_May17_09/statuses/{sha}",
        "languages_url": "https://api.github.com/repos/orgpawanapivalidation/repo_api_May17_09/languages",
        "stargazers_url": "https://api.github.com/repos/orgpawanapivalidation/repo_api_May17_09/stargazers",
        "contributors_url": "https://api.github.com/repos/orgpawanapivalidation/repo_api_May17_09/contributors",
        "subscribers_url": "https://api.github.com/repos/orgpawanapivalidation/repo_api_May17_09/subscribers",
        "subscription_url": "https://api.github.com/repos/orgpawanapivalidation/repo_api_May17_09/subscription",
        "commits_url": "https://api.github.com/repos/orgpawanapivalidation/repo_api_May17_09/commits{/sha}",
        "git_commits_url": "https://api.github.com/repos/orgpawanapivalidation/repo_api_May17_09/git/commits{/sha}",
        "comments_url": "https://api.github.com/repos/orgpawanapivalidation/repo_api_May17_09/comments{/number}",
        "issue_comment_url": "https://api.github.com/repos/orgpawanapivalidation/repo_api_May17_09/issues/comments{/number}",
        "contents_url": "https://api.github.com/repos/orgpawanapivalidation/repo_api_May17_09/contents/{+path}",
        "compare_url": "https://api.github.com/repos/orgpawanapivalidation/repo_api_May17_09/compare/{base}...{head}",
        "merges_url": "https://api.github.com/repos/orgpawanapivalidation/repo_api_May17_09/merges",
        "archive_url": "https://api.github.com/repos/orgpawanapivalidation/repo_api_May17_09/{archive_format}{/ref}",
        "downloads_url": "https://api.github.com/repos/orgpawanapivalidation/repo_api_May17_09/downloads",
        "issues_url": "https://api.github.com/repos/orgpawanapivalidation/repo_api_May17_09/issues{/number}",
        "pulls_url": "https://api.github.com/repos/orgpawanapivalidation/repo_api_May17_09/pulls{/number}",
        "milestones_url": "https://api.github.com/repos/orgpawanapivalidation/repo_api_May17_09/milestones{/number}",
        "notifications_url": "https://api.github.com/repos/orgpawanapivalidation/repo_api_May17_09/notifications{?since,all,participating}",
        "labels_url": "https://api.github.com/repos/orgpawanapivalidation/repo_api_May17_09/labels{/name}",
        "releases_url": "https://api.github.com/repos/orgpawanapivalidation/repo_api_May17_09/releases{/id}",
        "deployments_url": "https://api.github.com/repos/orgpawanapivalidation/repo_api_May17_09/deployments",
        "created_at": "2023-05-17T07:40:54Z",
        "updated_at": "2023-05-17T07:40:54Z",
        "pushed_at": "2023-05-17T07:40:54Z",
        "git_url": "git://github.com/orgpawanapivalidation/repo_api_May17_09.git",
        "ssh_url": "git@github.com:orgpawanapivalidation/repo_api_May17_09.git",
        "clone_url": "https://github.com/orgpawanapivalidation/repo_api_May17_09.git",
        "svn_url": "https://github.com/orgpawanapivalidation/repo_api_May17_09",
        "homepage": null,
        "size": 0,
        "stargazers_count": 0,
        "watchers_count": 0,
        "language": null,
        "has_issues": true,
        "has_projects": true,
        "has_downloads": true,
        "has_wiki": true,
        "has_pages": false,
        "has_discussions": false,
        "forks_count": 0,
        "mirror_url": null,
        "archived": false,
        "disabled": false,
        "open_issues_count": 0,
        "license": null,
        "allow_forking": true,
        "is_template": false,
        "web_commit_signoff_required": false,
        "topics": [
            
        ],
        "visibility": "public",
        "forks": 0,
        "open_issues": 0,
        "watchers": 0,
        "default_branch": "main",
        "permissions": {
            "admin": false,
            "maintain": false,
            "push": false,
            "triage": false,
            "pull": true
        }
    },
    {
        "id": 643917045,
        "node_id": "R_kgDOJmFk9Q",
        "name": "repo_api_May17_10",
        "full_name": "orgpawanapivalidation/repo_api_May17_10",
        "private": false,
        "owner": {
            "login": "orgpawanapivalidation",
            "id": 132034478,
            "node_id": "O_kgDOB96vrg",
            "avatar_url": "https://avatars.githubusercontent.com/u/132034478?v=4",
            "gravatar_id": "",
            "url": "https://api.github.com/users/orgpawanapivalidation",
            "html_url": "https://github.com/orgpawanapivalidation",
            "followers_url": "https://api.github.com/users/orgpawanapivalidation/followers",
            "following_url": "https://api.github.com/users/orgpawanapivalidation/following{/other_user}",
            "gists_url": "https://api.github.com/users/orgpawanapivalidation/gists{/gist_id}",
            "starred_url": "https://api.github.com/users/orgpawanapivalidation/starred{/owner}{/repo}",
            "subscriptions_url": "https://api.github.com/users/orgpawanapivalidation/subscriptions",
            "organizations_url": "https://api.github.com/users/orgpawanapivalidation/orgs",
            "repos_url": "https://api.github.com/users/orgpawanapivalidation/repos",
            "events_url": "https://api.github.com/users/orgpawanapivalidation/events{/privacy}",
            "received_events_url": "https://api.github.com/users/orgpawanapivalidation/received_events",
            "type": "Organization",
            "site_admin": false
        },
        "html_url": "https://github.com/orgpawanapivalidation/repo_api_May17_10",
        "description": "Testing is in progress",
        "fork": false,
        "url": "https://api.github.com/repos/orgpawanapivalidation/repo_api_May17_10",
        "forks_url": "https://api.github.com/repos/orgpawanapivalidation/repo_api_May17_10/forks",
        "keys_url": "https://api.github.com/repos/orgpawanapivalidation/repo_api_May17_10/keys{/key_id}",
        "collaborators_url": "https://api.github.com/repos/orgpawanapivalidation/repo_api_May17_10/collaborators{/collaborator}",
        "teams_url": "https://api.github.com/repos/orgpawanapivalidation/repo_api_May17_10/teams",
        "hooks_url": "https://api.github.com/repos/orgpawanapivalidation/repo_api_May17_10/hooks",
        "issue_events_url": "https://api.github.com/repos/orgpawanapivalidation/repo_api_May17_10/issues/events{/number}",
        "events_url": "https://api.github.com/repos/orgpawanapivalidation/repo_api_May17_10/events",
        "assignees_url": "https://api.github.com/repos/orgpawanapivalidation/repo_api_May17_10/assignees{/user}",
        "branches_url": "https://api.github.com/repos/orgpawanapivalidation/repo_api_May17_10/branches{/branch}",
        "tags_url": "https://api.github.com/repos/orgpawanapivalidation/repo_api_May17_10/tags",
        "blobs_url": "https://api.github.com/repos/orgpawanapivalidation/repo_api_May17_10/git/blobs{/sha}",
        "git_tags_url": "https://api.github.com/repos/orgpawanapivalidation/repo_api_May17_10/git/tags{/sha}",
        "git_refs_url": "https://api.github.com/repos/orgpawanapivalidation/repo_api_May17_10/git/refs{/sha}",
        "trees_url": "https://api.github.com/repos/orgpawanapivalidation/repo_api_May17_10/git/trees{/sha}",
        "statuses_url": "https://api.github.com/repos/orgpawanapivalidation/repo_api_May17_10/statuses/{sha}",
        "languages_url": "https://api.github.com/repos/orgpawanapivalidation/repo_api_May17_10/languages",
        "stargazers_url": "https://api.github.com/repos/orgpawanapivalidation/repo_api_May17_10/stargazers",
        "contributors_url": "https://api.github.com/repos/orgpawanapivalidation/repo_api_May17_10/contributors",
        "subscribers_url": "https://api.github.com/repos/orgpawanapivalidation/repo_api_May17_10/subscribers",
        "subscription_url": "https://api.github.com/repos/orgpawanapivalidation/repo_api_May17_10/subscription",
        "commits_url": "https://api.github.com/repos/orgpawanapivalidation/repo_api_May17_10/commits{/sha}",
        "git_commits_url": "https://api.github.com/repos/orgpawanapivalidation/repo_api_May17_10/git/commits{/sha}",
        "comments_url": "https://api.github.com/repos/orgpawanapivalidation/repo_api_May17_10/comments{/number}",
        "issue_comment_url": "https://api.github.com/repos/orgpawanapivalidation/repo_api_May17_10/issues/comments{/number}",
        "contents_url": "https://api.github.com/repos/orgpawanapivalidation/repo_api_May17_10/contents/{+path}",
        "compare_url": "https://api.github.com/repos/orgpawanapivalidation/repo_api_May17_10/compare/{base}...{head}",
        "merges_url": "https://api.github.com/repos/orgpawanapivalidation/repo_api_May17_10/merges",
        "archive_url": "https://api.github.com/repos/orgpawanapivalidation/repo_api_May17_10/{archive_format}{/ref}",
        "downloads_url": "https://api.github.com/repos/orgpawanapivalidation/repo_api_May17_10/downloads",
        "issues_url": "https://api.github.com/repos/orgpawanapivalidation/repo_api_May17_10/issues{/number}",
        "pulls_url": "https://api.github.com/repos/orgpawanapivalidation/repo_api_May17_10/pulls{/number}",
        "milestones_url": "https://api.github.com/repos/orgpawanapivalidation/repo_api_May17_10/milestones{/number}",
        "notifications_url": "https://api.github.com/repos/orgpawanapivalidation/repo_api_May17_10/notifications{?since,all,participating}",
        "labels_url": "https://api.github.com/repos/orgpawanapivalidation/repo_api_May17_10/labels{/name}",
        "releases_url": "https://api.github.com/repos/orgpawanapivalidation/repo_api_May17_10/releases{/id}",
        "deployments_url": "https://api.github.com/repos/orgpawanapivalidation/repo_api_May17_10/deployments",
        "created_at": "2023-05-22T12:27:36Z",
        "updated_at": "2023-05-22T12:27:37Z",
        "pushed_at": "2023-05-22T12:27:37Z",
        "git_url": "git://github.com/orgpawanapivalidation/repo_api_May17_10.git",
        "ssh_url": "git@github.com:orgpawanapivalidation/repo_api_May17_10.git",
        "clone_url": "https://github.com/orgpawanapivalidation/repo_api_May17_10.git",
        "svn_url": "https://github.com/orgpawanapivalidation/repo_api_May17_10",
        "homepage": null,
        "size": 0,
        "stargazers_count": 0,
        "watchers_count": 0,
        "language": null,
        "has_issues": true,
        "has_projects": true,
        "has_downloads": true,
        "has_wiki": true,
        "has_pages": false,
        "has_discussions": false,
        "forks_count": 0,
        "mirror_url": null,
        "archived": false,
        "disabled": false,
        "open_issues_count": 0,
        "license": null,
        "allow_forking": true,
        "is_template": false,
        "web_commit_signoff_required": false,
        "topics": [
            
        ],
        "visibility": "public",
        "forks": 0,
        "open_issues": 0,
        "watchers": 0,
        "default_branch": "main",
        "permissions": {
            "admin": false,
            "maintain": false,
            "push": false,
            "triage": false,
            "pull": true
        }
    }
]
=============== After any scenarios ==============
=============== After Execute perticular tags ==============
]]></system-out>
  </testcase>
  <testcase name="Invalid org in path param" classname="List organization repositories" time="0.49">
    <system-out><![CDATA[=============== Execute perticular tags ==============
=============== Before any scenarios ==============
Executing Given
Executing When
Request method:	GET
Request URI:	https://api.github.com/orgs/pkgl/repos
Proxy:			<none>
Request params:	<none>
Query params:	<none>
Form params:	<none>
Path params:	org=pkgl
Headers:		Accept=*/*
Cookies:		<none>
Multiparts:		<none>
Body:			<none>
Executing Then
{
    "message": "Not Found",
    "documentation_url": "https://docs.github.com/rest/reference/repos#list-organization-repositories"
}
=============== After any scenarios ==============
=============== After Execute perticular tags ==============
]]></system-out>
  </testcase>
  <testcase name="Valid org in path param with per_page query param" classname="List organization repositories" time="0.512">
    <system-out><![CDATA[=============== Before any scenarios ==============
Executing Given
Executing When
Request method:	GET
Request URI:	https://api.github.com/orgs/orgpawanapivalidation/repos?per_page=1
Proxy:			<none>
Request params:	<none>
Query params:	per_page=1
Form params:	<none>
Path params:	org=orgpawanapivalidation
Headers:		Accept=*/*
Cookies:		<none>
Multiparts:		<none>
Body:			<none>
Executing Then
[
    {
        "id": 633680556,
        "node_id": "R_kgDOJcUyrA",
        "name": "repo_pk_restassured",
        "full_name": "orgpawanapivalidation/repo_pk_restassured",
        "private": false,
        "owner": {
            "login": "orgpawanapivalidation",
            "id": 132034478,
            "node_id": "O_kgDOB96vrg",
            "avatar_url": "https://avatars.githubusercontent.com/u/132034478?v=4",
            "gravatar_id": "",
            "url": "https://api.github.com/users/orgpawanapivalidation",
            "html_url": "https://github.com/orgpawanapivalidation",
            "followers_url": "https://api.github.com/users/orgpawanapivalidation/followers",
            "following_url": "https://api.github.com/users/orgpawanapivalidation/following{/other_user}",
            "gists_url": "https://api.github.com/users/orgpawanapivalidation/gists{/gist_id}",
            "starred_url": "https://api.github.com/users/orgpawanapivalidation/starred{/owner}{/repo}",
            "subscriptions_url": "https://api.github.com/users/orgpawanapivalidation/subscriptions",
            "organizations_url": "https://api.github.com/users/orgpawanapivalidation/orgs",
            "repos_url": "https://api.github.com/users/orgpawanapivalidation/repos",
            "events_url": "https://api.github.com/users/orgpawanapivalidation/events{/privacy}",
            "received_events_url": "https://api.github.com/users/orgpawanapivalidation/received_events",
            "type": "Organization",
            "site_admin": false
        },
        "html_url": "https://github.com/orgpawanapivalidation/repo_pk_restassured",
        "description": null,
        "fork": false,
        "url": "https://api.github.com/repos/orgpawanapivalidation/repo_pk_restassured",
        "forks_url": "https://api.github.com/repos/orgpawanapivalidation/repo_pk_restassured/forks",
        "keys_url": "https://api.github.com/repos/orgpawanapivalidation/repo_pk_restassured/keys{/key_id}",
        "collaborators_url": "https://api.github.com/repos/orgpawanapivalidation/repo_pk_restassured/collaborators{/collaborator}",
        "teams_url": "https://api.github.com/repos/orgpawanapivalidation/repo_pk_restassured/teams",
        "hooks_url": "https://api.github.com/repos/orgpawanapivalidation/repo_pk_restassured/hooks",
        "issue_events_url": "https://api.github.com/repos/orgpawanapivalidation/repo_pk_restassured/issues/events{/number}",
        "events_url": "https://api.github.com/repos/orgpawanapivalidation/repo_pk_restassured/events",
        "assignees_url": "https://api.github.com/repos/orgpawanapivalidation/repo_pk_restassured/assignees{/user}",
        "branches_url": "https://api.github.com/repos/orgpawanapivalidation/repo_pk_restassured/branches{/branch}",
        "tags_url": "https://api.github.com/repos/orgpawanapivalidation/repo_pk_restassured/tags",
        "blobs_url": "https://api.github.com/repos/orgpawanapivalidation/repo_pk_restassured/git/blobs{/sha}",
        "git_tags_url": "https://api.github.com/repos/orgpawanapivalidation/repo_pk_restassured/git/tags{/sha}",
        "git_refs_url": "https://api.github.com/repos/orgpawanapivalidation/repo_pk_restassured/git/refs{/sha}",
        "trees_url": "https://api.github.com/repos/orgpawanapivalidation/repo_pk_restassured/git/trees{/sha}",
        "statuses_url": "https://api.github.com/repos/orgpawanapivalidation/repo_pk_restassured/statuses/{sha}",
        "languages_url": "https://api.github.com/repos/orgpawanapivalidation/repo_pk_restassured/languages",
        "stargazers_url": "https://api.github.com/repos/orgpawanapivalidation/repo_pk_restassured/stargazers",
        "contributors_url": "https://api.github.com/repos/orgpawanapivalidation/repo_pk_restassured/contributors",
        "subscribers_url": "https://api.github.com/repos/orgpawanapivalidation/repo_pk_restassured/subscribers",
        "subscription_url": "https://api.github.com/repos/orgpawanapivalidation/repo_pk_restassured/subscription",
        "commits_url": "https://api.github.com/repos/orgpawanapivalidation/repo_pk_restassured/commits{/sha}",
        "git_commits_url": "https://api.github.com/repos/orgpawanapivalidation/repo_pk_restassured/git/commits{/sha}",
        "comments_url": "https://api.github.com/repos/orgpawanapivalidation/repo_pk_restassured/comments{/number}",
        "issue_comment_url": "https://api.github.com/repos/orgpawanapivalidation/repo_pk_restassured/issues/comments{/number}",
        "contents_url": "https://api.github.com/repos/orgpawanapivalidation/repo_pk_restassured/contents/{+path}",
        "compare_url": "https://api.github.com/repos/orgpawanapivalidation/repo_pk_restassured/compare/{base}...{head}",
        "merges_url": "https://api.github.com/repos/orgpawanapivalidation/repo_pk_restassured/merges",
        "archive_url": "https://api.github.com/repos/orgpawanapivalidation/repo_pk_restassured/{archive_format}{/ref}",
        "downloads_url": "https://api.github.com/repos/orgpawanapivalidation/repo_pk_restassured/downloads",
        "issues_url": "https://api.github.com/repos/orgpawanapivalidation/repo_pk_restassured/issues{/number}",
        "pulls_url": "https://api.github.com/repos/orgpawanapivalidation/repo_pk_restassured/pulls{/number}",
        "milestones_url": "https://api.github.com/repos/orgpawanapivalidation/repo_pk_restassured/milestones{/number}",
        "notifications_url": "https://api.github.com/repos/orgpawanapivalidation/repo_pk_restassured/notifications{?since,all,participating}",
        "labels_url": "https://api.github.com/repos/orgpawanapivalidation/repo_pk_restassured/labels{/name}",
        "releases_url": "https://api.github.com/repos/orgpawanapivalidation/repo_pk_restassured/releases{/id}",
        "deployments_url": "https://api.github.com/repos/orgpawanapivalidation/repo_pk_restassured/deployments",
        "created_at": "2023-04-28T03:31:08Z",
        "updated_at": "2023-04-28T03:31:08Z",
        "pushed_at": "2023-04-28T03:31:08Z",
        "git_url": "git://github.com/orgpawanapivalidation/repo_pk_restassured.git",
        "ssh_url": "git@github.com:orgpawanapivalidation/repo_pk_restassured.git",
        "clone_url": "https://github.com/orgpawanapivalidation/repo_pk_restassured.git",
        "svn_url": "https://github.com/orgpawanapivalidation/repo_pk_restassured",
        "homepage": null,
        "size": 0,
        "stargazers_count": 0,
        "watchers_count": 0,
        "language": null,
        "has_issues": true,
        "has_projects": true,
        "has_downloads": true,
        "has_wiki": true,
        "has_pages": false,
        "has_discussions": false,
        "forks_count": 0,
        "mirror_url": null,
        "archived": false,
        "disabled": false,
        "open_issues_count": 0,
        "license": null,
        "allow_forking": true,
        "is_template": false,
        "web_commit_signoff_required": false,
        "topics": [
            
        ],
        "visibility": "public",
        "forks": 0,
        "open_issues": 0,
        "watchers": 0,
        "default_branch": "main",
        "permissions": {
            "admin": false,
            "maintain": false,
            "push": false,
            "triage": false,
            "pull": true
        }
    }
]
=============== After any scenarios ==============
]]></system-out>
  </testcase>
  <testcase name="Valid org in path param with type query param and token #1" classname="List organization repositories" time="0.545">
    <system-out><![CDATA[=============== Before any scenarios ==============
Executing Given
Executing When
Request method:	GET
Request URI:	https://api.github.com/orgs/orgpawanapivalidation/repos?type=private
Proxy:			<none>
Request params:	<none>
Query params:	type=private
Form params:	<none>
Path params:	org=orgpawanapivalidation
Headers:		Authorization=Bearer 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
				Accept=*/*
Cookies:		<none>
Multiparts:		<none>
Body:			<none>
Executing Then
[
    {
        "id": 633700868,
        "node_id": "R_kgDOJcWCBA",
        "name": "repo_api_April23",
        "full_name": "orgpawanapivalidation/repo_api_April23",
        "private": true,
        "owner": {
            "login": "orgpawanapivalidation",
            "id": 132034478,
            "node_id": "O_kgDOB96vrg",
            "avatar_url": "https://avatars.githubusercontent.com/u/132034478?v=4",
            "gravatar_id": "",
            "url": "https://api.github.com/users/orgpawanapivalidation",
            "html_url": "https://github.com/orgpawanapivalidation",
            "followers_url": "https://api.github.com/users/orgpawanapivalidation/followers",
            "following_url": "https://api.github.com/users/orgpawanapivalidation/following{/other_user}",
            "gists_url": "https://api.github.com/users/orgpawanapivalidation/gists{/gist_id}",
            "starred_url": "https://api.github.com/users/orgpawanapivalidation/starred{/owner}{/repo}",
            "subscriptions_url": "https://api.github.com/users/orgpawanapivalidation/subscriptions",
            "organizations_url": "https://api.github.com/users/orgpawanapivalidation/orgs",
            "repos_url": "https://api.github.com/users/orgpawanapivalidation/repos",
            "events_url": "https://api.github.com/users/orgpawanapivalidation/events{/privacy}",
            "received_events_url": "https://api.github.com/users/orgpawanapivalidation/received_events",
            "type": "Organization",
            "site_admin": false
        },
        "html_url": "https://github.com/orgpawanapivalidation/repo_api_April23",
        "description": null,
        "fork": false,
        "url": "https://api.github.com/repos/orgpawanapivalidation/repo_api_April23",
        "forks_url": "https://api.github.com/repos/orgpawanapivalidation/repo_api_April23/forks",
        "keys_url": "https://api.github.com/repos/orgpawanapivalidation/repo_api_April23/keys{/key_id}",
        "collaborators_url": "https://api.github.com/repos/orgpawanapivalidation/repo_api_April23/collaborators{/collaborator}",
        "teams_url": "https://api.github.com/repos/orgpawanapivalidation/repo_api_April23/teams",
        "hooks_url": "https://api.github.com/repos/orgpawanapivalidation/repo_api_April23/hooks",
        "issue_events_url": "https://api.github.com/repos/orgpawanapivalidation/repo_api_April23/issues/events{/number}",
        "events_url": "https://api.github.com/repos/orgpawanapivalidation/repo_api_April23/events",
        "assignees_url": "https://api.github.com/repos/orgpawanapivalidation/repo_api_April23/assignees{/user}",
        "branches_url": "https://api.github.com/repos/orgpawanapivalidation/repo_api_April23/branches{/branch}",
        "tags_url": "https://api.github.com/repos/orgpawanapivalidation/repo_api_April23/tags",
        "blobs_url": "https://api.github.com/repos/orgpawanapivalidation/repo_api_April23/git/blobs{/sha}",
        "git_tags_url": "https://api.github.com/repos/orgpawanapivalidation/repo_api_April23/git/tags{/sha}",
        "git_refs_url": "https://api.github.com/repos/orgpawanapivalidation/repo_api_April23/git/refs{/sha}",
        "trees_url": "https://api.github.com/repos/orgpawanapivalidation/repo_api_April23/git/trees{/sha}",
        "statuses_url": "https://api.github.com/repos/orgpawanapivalidation/repo_api_April23/statuses/{sha}",
        "languages_url": "https://api.github.com/repos/orgpawanapivalidation/repo_api_April23/languages",
        "stargazers_url": "https://api.github.com/repos/orgpawanapivalidation/repo_api_April23/stargazers",
        "contributors_url": "https://api.github.com/repos/orgpawanapivalidation/repo_api_April23/contributors",
        "subscribers_url": "https://api.github.com/repos/orgpawanapivalidation/repo_api_April23/subscribers",
        "subscription_url": "https://api.github.com/repos/orgpawanapivalidation/repo_api_April23/subscription",
        "commits_url": "https://api.github.com/repos/orgpawanapivalidation/repo_api_April23/commits{/sha}",
        "git_commits_url": "https://api.github.com/repos/orgpawanapivalidation/repo_api_April23/git/commits{/sha}",
        "comments_url": "https://api.github.com/repos/orgpawanapivalidation/repo_api_April23/comments{/number}",
        "issue_comment_url": "https://api.github.com/repos/orgpawanapivalidation/repo_api_April23/issues/comments{/number}",
        "contents_url": "https://api.github.com/repos/orgpawanapivalidation/repo_api_April23/contents/{+path}",
        "compare_url": "https://api.github.com/repos/orgpawanapivalidation/repo_api_April23/compare/{base}...{head}",
        "merges_url": "https://api.github.com/repos/orgpawanapivalidation/repo_api_April23/merges",
        "archive_url": "https://api.github.com/repos/orgpawanapivalidation/repo_api_April23/{archive_format}{/ref}",
        "downloads_url": "https://api.github.com/repos/orgpawanapivalidation/repo_api_April23/downloads",
        "issues_url": "https://api.github.com/repos/orgpawanapivalidation/repo_api_April23/issues{/number}",
        "pulls_url": "https://api.github.com/repos/orgpawanapivalidation/repo_api_April23/pulls{/number}",
        "milestones_url": "https://api.github.com/repos/orgpawanapivalidation/repo_api_April23/milestones{/number}",
        "notifications_url": "https://api.github.com/repos/orgpawanapivalidation/repo_api_April23/notifications{?since,all,participating}",
        "labels_url": "https://api.github.com/repos/orgpawanapivalidation/repo_api_April23/labels{/name}",
        "releases_url": "https://api.github.com/repos/orgpawanapivalidation/repo_api_April23/releases{/id}",
        "deployments_url": "https://api.github.com/repos/orgpawanapivalidation/repo_api_April23/deployments",
        "created_at": "2023-04-28T04:57:07Z",
        "updated_at": "2023-04-28T04:57:08Z",
        "pushed_at": "2023-04-28T04:57:08Z",
        "git_url": "git://github.com/orgpawanapivalidation/repo_api_April23.git",
        "ssh_url": "git@github.com:orgpawanapivalidation/repo_api_April23.git",
        "clone_url": "https://github.com/orgpawanapivalidation/repo_api_April23.git",
        "svn_url": "https://github.com/orgpawanapivalidation/repo_api_April23",
        "homepage": null,
        "size": 0,
        "stargazers_count": 0,
        "watchers_count": 0,
        "language": null,
        "has_issues": true,
        "has_projects": true,
        "has_downloads": true,
        "has_wiki": false,
        "has_pages": false,
        "has_discussions": false,
        "forks_count": 0,
        "mirror_url": null,
        "archived": false,
        "disabled": false,
        "open_issues_count": 0,
        "license": null,
        "allow_forking": false,
        "is_template": false,
        "web_commit_signoff_required": false,
        "topics": [
            
        ],
        "visibility": "private",
        "forks": 0,
        "open_issues": 0,
        "watchers": 0,
        "default_branch": "main",
        "permissions": {
            "admin": true,
            "maintain": true,
            "push": true,
            "triage": true,
            "pull": true
        }
    },
    {
        "id": 641220890,
        "node_id": "R_kgDOJjhBGg",
        "name": "repo_api_April23_001",
        "full_name": "orgpawanapivalidation/repo_api_April23_001",
        "private": true,
        "owner": {
            "login": "orgpawanapivalidation",
            "id": 132034478,
            "node_id": "O_kgDOB96vrg",
            "avatar_url": "https://avatars.githubusercontent.com/u/132034478?v=4",
            "gravatar_id": "",
            "url": "https://api.github.com/users/orgpawanapivalidation",
            "html_url": "https://github.com/orgpawanapivalidation",
            "followers_url": "https://api.github.com/users/orgpawanapivalidation/followers",
            "following_url": "https://api.github.com/users/orgpawanapivalidation/following{/other_user}",
            "gists_url": "https://api.github.com/users/orgpawanapivalidation/gists{/gist_id}",
            "starred_url": "https://api.github.com/users/orgpawanapivalidation/starred{/owner}{/repo}",
            "subscriptions_url": "https://api.github.com/users/orgpawanapivalidation/subscriptions",
            "organizations_url": "https://api.github.com/users/orgpawanapivalidation/orgs",
            "repos_url": "https://api.github.com/users/orgpawanapivalidation/repos",
            "events_url": "https://api.github.com/users/orgpawanapivalidation/events{/privacy}",
            "received_events_url": "https://api.github.com/users/orgpawanapivalidation/received_events",
            "type": "Organization",
            "site_admin": false
        },
        "html_url": "https://github.com/orgpawanapivalidation/repo_api_April23_001",
        "description": null,
        "fork": false,
        "url": "https://api.github.com/repos/orgpawanapivalidation/repo_api_April23_001",
        "forks_url": "https://api.github.com/repos/orgpawanapivalidation/repo_api_April23_001/forks",
        "keys_url": "https://api.github.com/repos/orgpawanapivalidation/repo_api_April23_001/keys{/key_id}",
        "collaborators_url": "https://api.github.com/repos/orgpawanapivalidation/repo_api_April23_001/collaborators{/collaborator}",
        "teams_url": "https://api.github.com/repos/orgpawanapivalidation/repo_api_April23_001/teams",
        "hooks_url": "https://api.github.com/repos/orgpawanapivalidation/repo_api_April23_001/hooks",
        "issue_events_url": "https://api.github.com/repos/orgpawanapivalidation/repo_api_April23_001/issues/events{/number}",
        "events_url": "https://api.github.com/repos/orgpawanapivalidation/repo_api_April23_001/events",
        "assignees_url": "https://api.github.com/repos/orgpawanapivalidation/repo_api_April23_001/assignees{/user}",
        "branches_url": "https://api.github.com/repos/orgpawanapivalidation/repo_api_April23_001/branches{/branch}",
        "tags_url": "https://api.github.com/repos/orgpawanapivalidation/repo_api_April23_001/tags",
        "blobs_url": "https://api.github.com/repos/orgpawanapivalidation/repo_api_April23_001/git/blobs{/sha}",
        "git_tags_url": "https://api.github.com/repos/orgpawanapivalidation/repo_api_April23_001/git/tags{/sha}",
        "git_refs_url": "https://api.github.com/repos/orgpawanapivalidation/repo_api_April23_001/git/refs{/sha}",
        "trees_url": "https://api.github.com/repos/orgpawanapivalidation/repo_api_April23_001/git/trees{/sha}",
        "statuses_url": "https://api.github.com/repos/orgpawanapivalidation/repo_api_April23_001/statuses/{sha}",
        "languages_url": "https://api.github.com/repos/orgpawanapivalidation/repo_api_April23_001/languages",
        "stargazers_url": "https://api.github.com/repos/orgpawanapivalidation/repo_api_April23_001/stargazers",
        "contributors_url": "https://api.github.com/repos/orgpawanapivalidation/repo_api_April23_001/contributors",
        "subscribers_url": "https://api.github.com/repos/orgpawanapivalidation/repo_api_April23_001/subscribers",
        "subscription_url": "https://api.github.com/repos/orgpawanapivalidation/repo_api_April23_001/subscription",
        "commits_url": "https://api.github.com/repos/orgpawanapivalidation/repo_api_April23_001/commits{/sha}",
        "git_commits_url": "https://api.github.com/repos/orgpawanapivalidation/repo_api_April23_001/git/commits{/sha}",
        "comments_url": "https://api.github.com/repos/orgpawanapivalidation/repo_api_April23_001/comments{/number}",
        "issue_comment_url": "https://api.github.com/repos/orgpawanapivalidation/repo_api_April23_001/issues/comments{/number}",
        "contents_url": "https://api.github.com/repos/orgpawanapivalidation/repo_api_April23_001/contents/{+path}",
        "compare_url": "https://api.github.com/repos/orgpawanapivalidation/repo_api_April23_001/compare/{base}...{head}",
        "merges_url": "https://api.github.com/repos/orgpawanapivalidation/repo_api_April23_001/merges",
        "archive_url": "https://api.github.com/repos/orgpawanapivalidation/repo_api_April23_001/{archive_format}{/ref}",
        "downloads_url": "https://api.github.com/repos/orgpawanapivalidation/repo_api_April23_001/downloads",
        "issues_url": "https://api.github.com/repos/orgpawanapivalidation/repo_api_April23_001/issues{/number}",
        "pulls_url": "https://api.github.com/repos/orgpawanapivalidation/repo_api_April23_001/pulls{/number}",
        "milestones_url": "https://api.github.com/repos/orgpawanapivalidation/repo_api_April23_001/milestones{/number}",
        "notifications_url": "https://api.github.com/repos/orgpawanapivalidation/repo_api_April23_001/notifications{?since,all,participating}",
        "labels_url": "https://api.github.com/repos/orgpawanapivalidation/repo_api_April23_001/labels{/name}",
        "releases_url": "https://api.github.com/repos/orgpawanapivalidation/repo_api_April23_001/releases{/id}",
        "deployments_url": "https://api.github.com/repos/orgpawanapivalidation/repo_api_April23_001/deployments",
        "created_at": "2023-05-16T03:07:15Z",
        "updated_at": "2023-05-16T03:07:15Z",
        "pushed_at": "2023-05-16T03:07:15Z",
        "git_url": "git://github.com/orgpawanapivalidation/repo_api_April23_001.git",
        "ssh_url": "git@github.com:orgpawanapivalidation/repo_api_April23_001.git",
        "clone_url": "https://github.com/orgpawanapivalidation/repo_api_April23_001.git",
        "svn_url": "https://github.com/orgpawanapivalidation/repo_api_April23_001",
        "homepage": null,
        "size": 0,
        "stargazers_count": 0,
        "watchers_count": 0,
        "language": null,
        "has_issues": true,
        "has_projects": true,
        "has_downloads": true,
        "has_wiki": false,
        "has_pages": false,
        "has_discussions": false,
        "forks_count": 0,
        "mirror_url": null,
        "archived": false,
        "disabled": false,
        "open_issues_count": 0,
        "license": null,
        "allow_forking": false,
        "is_template": false,
        "web_commit_signoff_required": false,
        "topics": [
            
        ],
        "visibility": "private",
        "forks": 0,
        "open_issues": 0,
        "watchers": 0,
        "default_branch": "main",
        "permissions": {
            "admin": true,
            "maintain": true,
            "push": true,
            "triage": true,
            "pull": true
        }
    }
]
=============== After any scenarios ==============
]]></system-out>
  </testcase>
  <testcase name="Valid org in path param with type query param and token #2" classname="List organization repositories" time="1.079">
    <system-out><![CDATA[=============== Execute perticular tags ==============
=============== Before any scenarios ==============
Executing Given
Executing When
Request method:	GET
Request URI:	https://api.github.com/orgs/orgpawanapivalidation/repos?type=private
Proxy:			<none>
Request params:	<none>
Query params:	type=private
Form params:	<none>
Path params:	org=orgpawanapivalidation
Headers:		Authorization=Bearer g1234
				Accept=*/*
Cookies:		<none>
Multiparts:		<none>
Body:			<none>
Executing Then
{
    "message": "Bad credentials",
    "documentation_url": "https://docs.github.com/rest"
}
=============== After any scenarios ==============
=============== After Execute perticular tags ==============
]]></system-out>
  </testcase>
  <testcase name="List org repo scenarios #1" classname="List organization repositories" time="0.773">
    <system-out><![CDATA[=============== Execute perticular tags ==============
=============== Before any scenarios ==============
Executing Given
Executing When
Request method:	GET
Request URI:	https://api.github.com/orgs/orgpawanapivalidation/repos?type=public
Proxy:			<none>
Request params:	<none>
Query params:	type=public
Form params:	<none>
Path params:	org=orgpawanapivalidation
Headers:		Authorization=
				Accept=*/*
Cookies:		<none>
Multiparts:		<none>
Body:			<none>
Executing Then
[
    {
        "id": 633680556,
        "node_id": "R_kgDOJcUyrA",
        "name": "repo_pk_restassured",
        "full_name": "orgpawanapivalidation/repo_pk_restassured",
        "private": false,
        "owner": {
            "login": "orgpawanapivalidation",
            "id": 132034478,
            "node_id": "O_kgDOB96vrg",
            "avatar_url": "https://avatars.githubusercontent.com/u/132034478?v=4",
            "gravatar_id": "",
            "url": "https://api.github.com/users/orgpawanapivalidation",
            "html_url": "https://github.com/orgpawanapivalidation",
            "followers_url": "https://api.github.com/users/orgpawanapivalidation/followers",
            "following_url": "https://api.github.com/users/orgpawanapivalidation/following{/other_user}",
            "gists_url": "https://api.github.com/users/orgpawanapivalidation/gists{/gist_id}",
            "starred_url": "https://api.github.com/users/orgpawanapivalidation/starred{/owner}{/repo}",
            "subscriptions_url": "https://api.github.com/users/orgpawanapivalidation/subscriptions",
            "organizations_url": "https://api.github.com/users/orgpawanapivalidation/orgs",
            "repos_url": "https://api.github.com/users/orgpawanapivalidation/repos",
            "events_url": "https://api.github.com/users/orgpawanapivalidation/events{/privacy}",
            "received_events_url": "https://api.github.com/users/orgpawanapivalidation/received_events",
            "type": "Organization",
            "site_admin": false
        },
        "html_url": "https://github.com/orgpawanapivalidation/repo_pk_restassured",
        "description": null,
        "fork": false,
        "url": "https://api.github.com/repos/orgpawanapivalidation/repo_pk_restassured",
        "forks_url": "https://api.github.com/repos/orgpawanapivalidation/repo_pk_restassured/forks",
        "keys_url": "https://api.github.com/repos/orgpawanapivalidation/repo_pk_restassured/keys{/key_id}",
        "collaborators_url": "https://api.github.com/repos/orgpawanapivalidation/repo_pk_restassured/collaborators{/collaborator}",
        "teams_url": "https://api.github.com/repos/orgpawanapivalidation/repo_pk_restassured/teams",
        "hooks_url": "https://api.github.com/repos/orgpawanapivalidation/repo_pk_restassured/hooks",
        "issue_events_url": "https://api.github.com/repos/orgpawanapivalidation/repo_pk_restassured/issues/events{/number}",
        "events_url": "https://api.github.com/repos/orgpawanapivalidation/repo_pk_restassured/events",
        "assignees_url": "https://api.github.com/repos/orgpawanapivalidation/repo_pk_restassured/assignees{/user}",
        "branches_url": "https://api.github.com/repos/orgpawanapivalidation/repo_pk_restassured/branches{/branch}",
        "tags_url": "https://api.github.com/repos/orgpawanapivalidation/repo_pk_restassured/tags",
        "blobs_url": "https://api.github.com/repos/orgpawanapivalidation/repo_pk_restassured/git/blobs{/sha}",
        "git_tags_url": "https://api.github.com/repos/orgpawanapivalidation/repo_pk_restassured/git/tags{/sha}",
        "git_refs_url": "https://api.github.com/repos/orgpawanapivalidation/repo_pk_restassured/git/refs{/sha}",
        "trees_url": "https://api.github.com/repos/orgpawanapivalidation/repo_pk_restassured/git/trees{/sha}",
        "statuses_url": "https://api.github.com/repos/orgpawanapivalidation/repo_pk_restassured/statuses/{sha}",
        "languages_url": "https://api.github.com/repos/orgpawanapivalidation/repo_pk_restassured/languages",
        "stargazers_url": "https://api.github.com/repos/orgpawanapivalidation/repo_pk_restassured/stargazers",
        "contributors_url": "https://api.github.com/repos/orgpawanapivalidation/repo_pk_restassured/contributors",
        "subscribers_url": "https://api.github.com/repos/orgpawanapivalidation/repo_pk_restassured/subscribers",
        "subscription_url": "https://api.github.com/repos/orgpawanapivalidation/repo_pk_restassured/subscription",
        "commits_url": "https://api.github.com/repos/orgpawanapivalidation/repo_pk_restassured/commits{/sha}",
        "git_commits_url": "https://api.github.com/repos/orgpawanapivalidation/repo_pk_restassured/git/commits{/sha}",
        "comments_url": "https://api.github.com/repos/orgpawanapivalidation/repo_pk_restassured/comments{/number}",
        "issue_comment_url": "https://api.github.com/repos/orgpawanapivalidation/repo_pk_restassured/issues/comments{/number}",
        "contents_url": "https://api.github.com/repos/orgpawanapivalidation/repo_pk_restassured/contents/{+path}",
        "compare_url": "https://api.github.com/repos/orgpawanapivalidation/repo_pk_restassured/compare/{base}...{head}",
        "merges_url": "https://api.github.com/repos/orgpawanapivalidation/repo_pk_restassured/merges",
        "archive_url": "https://api.github.com/repos/orgpawanapivalidation/repo_pk_restassured/{archive_format}{/ref}",
        "downloads_url": "https://api.github.com/repos/orgpawanapivalidation/repo_pk_restassured/downloads",
        "issues_url": "https://api.github.com/repos/orgpawanapivalidation/repo_pk_restassured/issues{/number}",
        "pulls_url": "https://api.github.com/repos/orgpawanapivalidation/repo_pk_restassured/pulls{/number}",
        "milestones_url": "https://api.github.com/repos/orgpawanapivalidation/repo_pk_restassured/milestones{/number}",
        "notifications_url": "https://api.github.com/repos/orgpawanapivalidation/repo_pk_restassured/notifications{?since,all,participating}",
        "labels_url": "https://api.github.com/repos/orgpawanapivalidation/repo_pk_restassured/labels{/name}",
        "releases_url": "https://api.github.com/repos/orgpawanapivalidation/repo_pk_restassured/releases{/id}",
        "deployments_url": "https://api.github.com/repos/orgpawanapivalidation/repo_pk_restassured/deployments",
        "created_at": "2023-04-28T03:31:08Z",
        "updated_at": "2023-04-28T03:31:08Z",
        "pushed_at": "2023-04-28T03:31:08Z",
        "git_url": "git://github.com/orgpawanapivalidation/repo_pk_restassured.git",
        "ssh_url": "git@github.com:orgpawanapivalidation/repo_pk_restassured.git",
        "clone_url": "https://github.com/orgpawanapivalidation/repo_pk_restassured.git",
        "svn_url": "https://github.com/orgpawanapivalidation/repo_pk_restassured",
        "homepage": null,
        "size": 0,
        "stargazers_count": 0,
        "watchers_count": 0,
        "language": null,
        "has_issues": true,
        "has_projects": true,
        "has_downloads": true,
        "has_wiki": true,
        "has_pages": false,
        "has_discussions": false,
        "forks_count": 0,
        "mirror_url": null,
        "archived": false,
        "disabled": false,
        "open_issues_count": 0,
        "license": null,
        "allow_forking": true,
        "is_template": false,
        "web_commit_signoff_required": false,
        "topics": [
            
        ],
        "visibility": "public",
        "forks": 0,
        "open_issues": 0,
        "watchers": 0,
        "default_branch": "main",
        "permissions": {
            "admin": false,
            "maintain": false,
            "push": false,
            "triage": false,
            "pull": true
        }
    },
    {
        "id": 633706381,
        "node_id": "R_kgDOJcWXjQ",
        "name": "repo_api_April23_03",
        "full_name": "orgpawanapivalidation/repo_api_April23_03",
        "private": false,
        "owner": {
            "login": "orgpawanapivalidation",
            "id": 132034478,
            "node_id": "O_kgDOB96vrg",
            "avatar_url": "https://avatars.githubusercontent.com/u/132034478?v=4",
            "gravatar_id": "",
            "url": "https://api.github.com/users/orgpawanapivalidation",
            "html_url": "https://github.com/orgpawanapivalidation",
            "followers_url": "https://api.github.com/users/orgpawanapivalidation/followers",
            "following_url": "https://api.github.com/users/orgpawanapivalidation/following{/other_user}",
            "gists_url": "https://api.github.com/users/orgpawanapivalidation/gists{/gist_id}",
            "starred_url": "https://api.github.com/users/orgpawanapivalidation/starred{/owner}{/repo}",
            "subscriptions_url": "https://api.github.com/users/orgpawanapivalidation/subscriptions",
            "organizations_url": "https://api.github.com/users/orgpawanapivalidation/orgs",
            "repos_url": "https://api.github.com/users/orgpawanapivalidation/repos",
            "events_url": "https://api.github.com/users/orgpawanapivalidation/events{/privacy}",
            "received_events_url": "https://api.github.com/users/orgpawanapivalidation/received_events",
            "type": "Organization",
            "site_admin": false
        },
        "html_url": "https://github.com/orgpawanapivalidation/repo_api_April23_03",
        "description": "This has been updated with serialization [2]",
        "fork": false,
        "url": "https://api.github.com/repos/orgpawanapivalidation/repo_api_April23_03",
        "forks_url": "https://api.github.com/repos/orgpawanapivalidation/repo_api_April23_03/forks",
        "keys_url": "https://api.github.com/repos/orgpawanapivalidation/repo_api_April23_03/keys{/key_id}",
        "collaborators_url": "https://api.github.com/repos/orgpawanapivalidation/repo_api_April23_03/collaborators{/collaborator}",
        "teams_url": "https://api.github.com/repos/orgpawanapivalidation/repo_api_April23_03/teams",
        "hooks_url": "https://api.github.com/repos/orgpawanapivalidation/repo_api_April23_03/hooks",
        "issue_events_url": "https://api.github.com/repos/orgpawanapivalidation/repo_api_April23_03/issues/events{/number}",
        "events_url": "https://api.github.com/repos/orgpawanapivalidation/repo_api_April23_03/events",
        "assignees_url": "https://api.github.com/repos/orgpawanapivalidation/repo_api_April23_03/assignees{/user}",
        "branches_url": "https://api.github.com/repos/orgpawanapivalidation/repo_api_April23_03/branches{/branch}",
        "tags_url": "https://api.github.com/repos/orgpawanapivalidation/repo_api_April23_03/tags",
        "blobs_url": "https://api.github.com/repos/orgpawanapivalidation/repo_api_April23_03/git/blobs{/sha}",
        "git_tags_url": "https://api.github.com/repos/orgpawanapivalidation/repo_api_April23_03/git/tags{/sha}",
        "git_refs_url": "https://api.github.com/repos/orgpawanapivalidation/repo_api_April23_03/git/refs{/sha}",
        "trees_url": "https://api.github.com/repos/orgpawanapivalidation/repo_api_April23_03/git/trees{/sha}",
        "statuses_url": "https://api.github.com/repos/orgpawanapivalidation/repo_api_April23_03/statuses/{sha}",
        "languages_url": "https://api.github.com/repos/orgpawanapivalidation/repo_api_April23_03/languages",
        "stargazers_url": "https://api.github.com/repos/orgpawanapivalidation/repo_api_April23_03/stargazers",
        "contributors_url": "https://api.github.com/repos/orgpawanapivalidation/repo_api_April23_03/contributors",
        "subscribers_url": "https://api.github.com/repos/orgpawanapivalidation/repo_api_April23_03/subscribers",
        "subscription_url": "https://api.github.com/repos/orgpawanapivalidation/repo_api_April23_03/subscription",
        "commits_url": "https://api.github.com/repos/orgpawanapivalidation/repo_api_April23_03/commits{/sha}",
        "git_commits_url": "https://api.github.com/repos/orgpawanapivalidation/repo_api_April23_03/git/commits{/sha}",
        "comments_url": "https://api.github.com/repos/orgpawanapivalidation/repo_api_April23_03/comments{/number}",
        "issue_comment_url": "https://api.github.com/repos/orgpawanapivalidation/repo_api_April23_03/issues/comments{/number}",
        "contents_url": "https://api.github.com/repos/orgpawanapivalidation/repo_api_April23_03/contents/{+path}",
        "compare_url": "https://api.github.com/repos/orgpawanapivalidation/repo_api_April23_03/compare/{base}...{head}",
        "merges_url": "https://api.github.com/repos/orgpawanapivalidation/repo_api_April23_03/merges",
        "archive_url": "https://api.github.com/repos/orgpawanapivalidation/repo_api_April23_03/{archive_format}{/ref}",
        "downloads_url": "https://api.github.com/repos/orgpawanapivalidation/repo_api_April23_03/downloads",
        "issues_url": "https://api.github.com/repos/orgpawanapivalidation/repo_api_April23_03/issues{/number}",
        "pulls_url": "https://api.github.com/repos/orgpawanapivalidation/repo_api_April23_03/pulls{/number}",
        "milestones_url": "https://api.github.com/repos/orgpawanapivalidation/repo_api_April23_03/milestones{/number}",
        "notifications_url": "https://api.github.com/repos/orgpawanapivalidation/repo_api_April23_03/notifications{?since,all,participating}",
        "labels_url": "https://api.github.com/repos/orgpawanapivalidation/repo_api_April23_03/labels{/name}",
        "releases_url": "https://api.github.com/repos/orgpawanapivalidation/repo_api_April23_03/releases{/id}",
        "deployments_url": "https://api.github.com/repos/orgpawanapivalidation/repo_api_April23_03/deployments",
        "created_at": "2023-04-28T05:19:34Z",
        "updated_at": "2023-04-28T09:29:24Z",
        "pushed_at": "2023-04-28T05:19:35Z",
        "git_url": "git://github.com/orgpawanapivalidation/repo_api_April23_03.git",
        "ssh_url": "git@github.com:orgpawanapivalidation/repo_api_April23_03.git",
        "clone_url": "https://github.com/orgpawanapivalidation/repo_api_April23_03.git",
        "svn_url": "https://github.com/orgpawanapivalidation/repo_api_April23_03",
        "homepage": null,
        "size": 0,
        "stargazers_count": 0,
        "watchers_count": 0,
        "language": null,
        "has_issues": true,
        "has_projects": true,
        "has_downloads": true,
        "has_wiki": true,
        "has_pages": false,
        "has_discussions": false,
        "forks_count": 0,
        "mirror_url": null,
        "archived": false,
        "disabled": false,
        "open_issues_count": 0,
        "license": null,
        "allow_forking": true,
        "is_template": false,
        "web_commit_signoff_required": false,
        "topics": [
            
        ],
        "visibility": "public",
        "forks": 0,
        "open_issues": 0,
        "watchers": 0,
        "default_branch": "main",
        "permissions": {
            "admin": false,
            "maintain": false,
            "push": false,
            "triage": false,
            "pull": true
        }
    },
    {
        "id": 633740780,
        "node_id": "R_kgDOJcYd7A",
        "name": "repo_api_April23_04",
        "full_name": "orgpawanapivalidation/repo_api_April23_04",
        "private": false,
        "owner": {
            "login": "orgpawanapivalidation",
            "id": 132034478,
            "node_id": "O_kgDOB96vrg",
            "avatar_url": "https://avatars.githubusercontent.com/u/132034478?v=4",
            "gravatar_id": "",
            "url": "https://api.github.com/users/orgpawanapivalidation",
            "html_url": "https://github.com/orgpawanapivalidation",
            "followers_url": "https://api.github.com/users/orgpawanapivalidation/followers",
            "following_url": "https://api.github.com/users/orgpawanapivalidation/following{/other_user}",
            "gists_url": "https://api.github.com/users/orgpawanapivalidation/gists{/gist_id}",
            "starred_url": "https://api.github.com/users/orgpawanapivalidation/starred{/owner}{/repo}",
            "subscriptions_url": "https://api.github.com/users/orgpawanapivalidation/subscriptions",
            "organizations_url": "https://api.github.com/users/orgpawanapivalidation/orgs",
            "repos_url": "https://api.github.com/users/orgpawanapivalidation/repos",
            "events_url": "https://api.github.com/users/orgpawanapivalidation/events{/privacy}",
            "received_events_url": "https://api.github.com/users/orgpawanapivalidation/received_events",
            "type": "Organization",
            "site_admin": false
        },
        "html_url": "https://github.com/orgpawanapivalidation/repo_api_April23_04",
        "description": null,
        "fork": false,
        "url": "https://api.github.com/repos/orgpawanapivalidation/repo_api_April23_04",
        "forks_url": "https://api.github.com/repos/orgpawanapivalidation/repo_api_April23_04/forks",
        "keys_url": "https://api.github.com/repos/orgpawanapivalidation/repo_api_April23_04/keys{/key_id}",
        "collaborators_url": "https://api.github.com/repos/orgpawanapivalidation/repo_api_April23_04/collaborators{/collaborator}",
        "teams_url": "https://api.github.com/repos/orgpawanapivalidation/repo_api_April23_04/teams",
        "hooks_url": "https://api.github.com/repos/orgpawanapivalidation/repo_api_April23_04/hooks",
        "issue_events_url": "https://api.github.com/repos/orgpawanapivalidation/repo_api_April23_04/issues/events{/number}",
        "events_url": "https://api.github.com/repos/orgpawanapivalidation/repo_api_April23_04/events",
        "assignees_url": "https://api.github.com/repos/orgpawanapivalidation/repo_api_April23_04/assignees{/user}",
        "branches_url": "https://api.github.com/repos/orgpawanapivalidation/repo_api_April23_04/branches{/branch}",
        "tags_url": "https://api.github.com/repos/orgpawanapivalidation/repo_api_April23_04/tags",
        "blobs_url": "https://api.github.com/repos/orgpawanapivalidation/repo_api_April23_04/git/blobs{/sha}",
        "git_tags_url": "https://api.github.com/repos/orgpawanapivalidation/repo_api_April23_04/git/tags{/sha}",
        "git_refs_url": "https://api.github.com/repos/orgpawanapivalidation/repo_api_April23_04/git/refs{/sha}",
        "trees_url": "https://api.github.com/repos/orgpawanapivalidation/repo_api_April23_04/git/trees{/sha}",
        "statuses_url": "https://api.github.com/repos/orgpawanapivalidation/repo_api_April23_04/statuses/{sha}",
        "languages_url": "https://api.github.com/repos/orgpawanapivalidation/repo_api_April23_04/languages",
        "stargazers_url": "https://api.github.com/repos/orgpawanapivalidation/repo_api_April23_04/stargazers",
        "contributors_url": "https://api.github.com/repos/orgpawanapivalidation/repo_api_April23_04/contributors",
        "subscribers_url": "https://api.github.com/repos/orgpawanapivalidation/repo_api_April23_04/subscribers",
        "subscription_url": "https://api.github.com/repos/orgpawanapivalidation/repo_api_April23_04/subscription",
        "commits_url": "https://api.github.com/repos/orgpawanapivalidation/repo_api_April23_04/commits{/sha}",
        "git_commits_url": "https://api.github.com/repos/orgpawanapivalidation/repo_api_April23_04/git/commits{/sha}",
        "comments_url": "https://api.github.com/repos/orgpawanapivalidation/repo_api_April23_04/comments{/number}",
        "issue_comment_url": "https://api.github.com/repos/orgpawanapivalidation/repo_api_April23_04/issues/comments{/number}",
        "contents_url": "https://api.github.com/repos/orgpawanapivalidation/repo_api_April23_04/contents/{+path}",
        "compare_url": "https://api.github.com/repos/orgpawanapivalidation/repo_api_April23_04/compare/{base}...{head}",
        "merges_url": "https://api.github.com/repos/orgpawanapivalidation/repo_api_April23_04/merges",
        "archive_url": "https://api.github.com/repos/orgpawanapivalidation/repo_api_April23_04/{archive_format}{/ref}",
        "downloads_url": "https://api.github.com/repos/orgpawanapivalidation/repo_api_April23_04/downloads",
        "issues_url": "https://api.github.com/repos/orgpawanapivalidation/repo_api_April23_04/issues{/number}",
        "pulls_url": "https://api.github.com/repos/orgpawanapivalidation/repo_api_April23_04/pulls{/number}",
        "milestones_url": "https://api.github.com/repos/orgpawanapivalidation/repo_api_April23_04/milestones{/number}",
        "notifications_url": "https://api.github.com/repos/orgpawanapivalidation/repo_api_April23_04/notifications{?since,all,participating}",
        "labels_url": "https://api.github.com/repos/orgpawanapivalidation/repo_api_April23_04/labels{/name}",
        "releases_url": "https://api.github.com/repos/orgpawanapivalidation/repo_api_April23_04/releases{/id}",
        "deployments_url": "https://api.github.com/repos/orgpawanapivalidation/repo_api_April23_04/deployments",
        "created_at": "2023-04-28T07:12:09Z",
        "updated_at": "2023-04-28T07:12:10Z",
        "pushed_at": "2023-04-28T07:12:10Z",
        "git_url": "git://github.com/orgpawanapivalidation/repo_api_April23_04.git",
        "ssh_url": "git@github.com:orgpawanapivalidation/repo_api_April23_04.git",
        "clone_url": "https://github.com/orgpawanapivalidation/repo_api_April23_04.git",
        "svn_url": "https://github.com/orgpawanapivalidation/repo_api_April23_04",
        "homepage": null,
        "size": 0,
        "stargazers_count": 0,
        "watchers_count": 0,
        "language": null,
        "has_issues": true,
        "has_projects": true,
        "has_downloads": true,
        "has_wiki": true,
        "has_pages": false,
        "has_discussions": false,
        "forks_count": 0,
        "mirror_url": null,
        "archived": false,
        "disabled": false,
        "open_issues_count": 0,
        "license": null,
        "allow_forking": true,
        "is_template": false,
        "web_commit_signoff_required": false,
        "topics": [
            
        ],
        "visibility": "public",
        "forks": 0,
        "open_issues": 0,
        "watchers": 0,
        "default_branch": "main",
        "permissions": {
            "admin": false,
            "maintain": false,
            "push": false,
            "triage": false,
            "pull": true
        }
    },
    {
        "id": 634137358,
        "node_id": "R_kgDOJcwrDg",
        "name": "repo_api_April23_05",
        "full_name": "orgpawanapivalidation/repo_api_April23_05",
        "private": false,
        "owner": {
            "login": "orgpawanapivalidation",
            "id": 132034478,
            "node_id": "O_kgDOB96vrg",
            "avatar_url": "https://avatars.githubusercontent.com/u/132034478?v=4",
            "gravatar_id": "",
            "url": "https://api.github.com/users/orgpawanapivalidation",
            "html_url": "https://github.com/orgpawanapivalidation",
            "followers_url": "https://api.github.com/users/orgpawanapivalidation/followers",
            "following_url": "https://api.github.com/users/orgpawanapivalidation/following{/other_user}",
            "gists_url": "https://api.github.com/users/orgpawanapivalidation/gists{/gist_id}",
            "starred_url": "https://api.github.com/users/orgpawanapivalidation/starred{/owner}{/repo}",
            "subscriptions_url": "https://api.github.com/users/orgpawanapivalidation/subscriptions",
            "organizations_url": "https://api.github.com/users/orgpawanapivalidation/orgs",
            "repos_url": "https://api.github.com/users/orgpawanapivalidation/repos",
            "events_url": "https://api.github.com/users/orgpawanapivalidation/events{/privacy}",
            "received_events_url": "https://api.github.com/users/orgpawanapivalidation/received_events",
            "type": "Organization",
            "site_admin": false
        },
        "html_url": "https://github.com/orgpawanapivalidation/repo_api_April23_05",
        "description": null,
        "fork": false,
        "url": "https://api.github.com/repos/orgpawanapivalidation/repo_api_April23_05",
        "forks_url": "https://api.github.com/repos/orgpawanapivalidation/repo_api_April23_05/forks",
        "keys_url": "https://api.github.com/repos/orgpawanapivalidation/repo_api_April23_05/keys{/key_id}",
        "collaborators_url": "https://api.github.com/repos/orgpawanapivalidation/repo_api_April23_05/collaborators{/collaborator}",
        "teams_url": "https://api.github.com/repos/orgpawanapivalidation/repo_api_April23_05/teams",
        "hooks_url": "https://api.github.com/repos/orgpawanapivalidation/repo_api_April23_05/hooks",
        "issue_events_url": "https://api.github.com/repos/orgpawanapivalidation/repo_api_April23_05/issues/events{/number}",
        "events_url": "https://api.github.com/repos/orgpawanapivalidation/repo_api_April23_05/events",
        "assignees_url": "https://api.github.com/repos/orgpawanapivalidation/repo_api_April23_05/assignees{/user}",
        "branches_url": "https://api.github.com/repos/orgpawanapivalidation/repo_api_April23_05/branches{/branch}",
        "tags_url": "https://api.github.com/repos/orgpawanapivalidation/repo_api_April23_05/tags",
        "blobs_url": "https://api.github.com/repos/orgpawanapivalidation/repo_api_April23_05/git/blobs{/sha}",
        "git_tags_url": "https://api.github.com/repos/orgpawanapivalidation/repo_api_April23_05/git/tags{/sha}",
        "git_refs_url": "https://api.github.com/repos/orgpawanapivalidation/repo_api_April23_05/git/refs{/sha}",
        "trees_url": "https://api.github.com/repos/orgpawanapivalidation/repo_api_April23_05/git/trees{/sha}",
        "statuses_url": "https://api.github.com/repos/orgpawanapivalidation/repo_api_April23_05/statuses/{sha}",
        "languages_url": "https://api.github.com/repos/orgpawanapivalidation/repo_api_April23_05/languages",
        "stargazers_url": "https://api.github.com/repos/orgpawanapivalidation/repo_api_April23_05/stargazers",
        "contributors_url": "https://api.github.com/repos/orgpawanapivalidation/repo_api_April23_05/contributors",
        "subscribers_url": "https://api.github.com/repos/orgpawanapivalidation/repo_api_April23_05/subscribers",
        "subscription_url": "https://api.github.com/repos/orgpawanapivalidation/repo_api_April23_05/subscription",
        "commits_url": "https://api.github.com/repos/orgpawanapivalidation/repo_api_April23_05/commits{/sha}",
        "git_commits_url": "https://api.github.com/repos/orgpawanapivalidation/repo_api_April23_05/git/commits{/sha}",
        "comments_url": "https://api.github.com/repos/orgpawanapivalidation/repo_api_April23_05/comments{/number}",
        "issue_comment_url": "https://api.github.com/repos/orgpawanapivalidation/repo_api_April23_05/issues/comments{/number}",
        "contents_url": "https://api.github.com/repos/orgpawanapivalidation/repo_api_April23_05/contents/{+path}",
        "compare_url": "https://api.github.com/repos/orgpawanapivalidation/repo_api_April23_05/compare/{base}...{head}",
        "merges_url": "https://api.github.com/repos/orgpawanapivalidation/repo_api_April23_05/merges",
        "archive_url": "https://api.github.com/repos/orgpawanapivalidation/repo_api_April23_05/{archive_format}{/ref}",
        "downloads_url": "https://api.github.com/repos/orgpawanapivalidation/repo_api_April23_05/downloads",
        "issues_url": "https://api.github.com/repos/orgpawanapivalidation/repo_api_April23_05/issues{/number}",
        "pulls_url": "https://api.github.com/repos/orgpawanapivalidation/repo_api_April23_05/pulls{/number}",
        "milestones_url": "https://api.github.com/repos/orgpawanapivalidation/repo_api_April23_05/milestones{/number}",
        "notifications_url": "https://api.github.com/repos/orgpawanapivalidation/repo_api_April23_05/notifications{?since,all,participating}",
        "labels_url": "https://api.github.com/repos/orgpawanapivalidation/repo_api_April23_05/labels{/name}",
        "releases_url": "https://api.github.com/repos/orgpawanapivalidation/repo_api_April23_05/releases{/id}",
        "deployments_url": "https://api.github.com/repos/orgpawanapivalidation/repo_api_April23_05/deployments",
        "created_at": "2023-04-29T06:53:38Z",
        "updated_at": "2023-04-29T06:53:38Z",
        "pushed_at": "2023-04-29T06:53:38Z",
        "git_url": "git://github.com/orgpawanapivalidation/repo_api_April23_05.git",
        "ssh_url": "git@github.com:orgpawanapivalidation/repo_api_April23_05.git",
        "clone_url": "https://github.com/orgpawanapivalidation/repo_api_April23_05.git",
        "svn_url": "https://github.com/orgpawanapivalidation/repo_api_April23_05",
        "homepage": null,
        "size": 0,
        "stargazers_count": 0,
        "watchers_count": 0,
        "language": null,
        "has_issues": true,
        "has_projects": true,
        "has_downloads": true,
        "has_wiki": true,
        "has_pages": false,
        "has_discussions": false,
        "forks_count": 0,
        "mirror_url": null,
        "archived": false,
        "disabled": false,
        "open_issues_count": 0,
        "license": null,
        "allow_forking": true,
        "is_template": false,
        "web_commit_signoff_required": false,
        "topics": [
            
        ],
        "visibility": "public",
        "forks": 0,
        "open_issues": 0,
        "watchers": 0,
        "default_branch": "main",
        "permissions": {
            "admin": false,
            "maintain": false,
            "push": false,
            "triage": false,
            "pull": true
        }
    },
    {
        "id": 634137486,
        "node_id": "R_kgDOJcwrjg",
        "name": "repo_api_April23_06",
        "full_name": "orgpawanapivalidation/repo_api_April23_06",
        "private": false,
        "owner": {
            "login": "orgpawanapivalidation",
            "id": 132034478,
            "node_id": "O_kgDOB96vrg",
            "avatar_url": "https://avatars.githubusercontent.com/u/132034478?v=4",
            "gravatar_id": "",
            "url": "https://api.github.com/users/orgpawanapivalidation",
            "html_url": "https://github.com/orgpawanapivalidation",
            "followers_url": "https://api.github.com/users/orgpawanapivalidation/followers",
            "following_url": "https://api.github.com/users/orgpawanapivalidation/following{/other_user}",
            "gists_url": "https://api.github.com/users/orgpawanapivalidation/gists{/gist_id}",
            "starred_url": "https://api.github.com/users/orgpawanapivalidation/starred{/owner}{/repo}",
            "subscriptions_url": "https://api.github.com/users/orgpawanapivalidation/subscriptions",
            "organizations_url": "https://api.github.com/users/orgpawanapivalidation/orgs",
            "repos_url": "https://api.github.com/users/orgpawanapivalidation/repos",
            "events_url": "https://api.github.com/users/orgpawanapivalidation/events{/privacy}",
            "received_events_url": "https://api.github.com/users/orgpawanapivalidation/received_events",
            "type": "Organization",
            "site_admin": false
        },
        "html_url": "https://github.com/orgpawanapivalidation/repo_api_April23_06",
        "description": null,
        "fork": false,
        "url": "https://api.github.com/repos/orgpawanapivalidation/repo_api_April23_06",
        "forks_url": "https://api.github.com/repos/orgpawanapivalidation/repo_api_April23_06/forks",
        "keys_url": "https://api.github.com/repos/orgpawanapivalidation/repo_api_April23_06/keys{/key_id}",
        "collaborators_url": "https://api.github.com/repos/orgpawanapivalidation/repo_api_April23_06/collaborators{/collaborator}",
        "teams_url": "https://api.github.com/repos/orgpawanapivalidation/repo_api_April23_06/teams",
        "hooks_url": "https://api.github.com/repos/orgpawanapivalidation/repo_api_April23_06/hooks",
        "issue_events_url": "https://api.github.com/repos/orgpawanapivalidation/repo_api_April23_06/issues/events{/number}",
        "events_url": "https://api.github.com/repos/orgpawanapivalidation/repo_api_April23_06/events",
        "assignees_url": "https://api.github.com/repos/orgpawanapivalidation/repo_api_April23_06/assignees{/user}",
        "branches_url": "https://api.github.com/repos/orgpawanapivalidation/repo_api_April23_06/branches{/branch}",
        "tags_url": "https://api.github.com/repos/orgpawanapivalidation/repo_api_April23_06/tags",
        "blobs_url": "https://api.github.com/repos/orgpawanapivalidation/repo_api_April23_06/git/blobs{/sha}",
        "git_tags_url": "https://api.github.com/repos/orgpawanapivalidation/repo_api_April23_06/git/tags{/sha}",
        "git_refs_url": "https://api.github.com/repos/orgpawanapivalidation/repo_api_April23_06/git/refs{/sha}",
        "trees_url": "https://api.github.com/repos/orgpawanapivalidation/repo_api_April23_06/git/trees{/sha}",
        "statuses_url": "https://api.github.com/repos/orgpawanapivalidation/repo_api_April23_06/statuses/{sha}",
        "languages_url": "https://api.github.com/repos/orgpawanapivalidation/repo_api_April23_06/languages",
        "stargazers_url": "https://api.github.com/repos/orgpawanapivalidation/repo_api_April23_06/stargazers",
        "contributors_url": "https://api.github.com/repos/orgpawanapivalidation/repo_api_April23_06/contributors",
        "subscribers_url": "https://api.github.com/repos/orgpawanapivalidation/repo_api_April23_06/subscribers",
        "subscription_url": "https://api.github.com/repos/orgpawanapivalidation/repo_api_April23_06/subscription",
        "commits_url": "https://api.github.com/repos/orgpawanapivalidation/repo_api_April23_06/commits{/sha}",
        "git_commits_url": "https://api.github.com/repos/orgpawanapivalidation/repo_api_April23_06/git/commits{/sha}",
        "comments_url": "https://api.github.com/repos/orgpawanapivalidation/repo_api_April23_06/comments{/number}",
        "issue_comment_url": "https://api.github.com/repos/orgpawanapivalidation/repo_api_April23_06/issues/comments{/number}",
        "contents_url": "https://api.github.com/repos/orgpawanapivalidation/repo_api_April23_06/contents/{+path}",
        "compare_url": "https://api.github.com/repos/orgpawanapivalidation/repo_api_April23_06/compare/{base}...{head}",
        "merges_url": "https://api.github.com/repos/orgpawanapivalidation/repo_api_April23_06/merges",
        "archive_url": "https://api.github.com/repos/orgpawanapivalidation/repo_api_April23_06/{archive_format}{/ref}",
        "downloads_url": "https://api.github.com/repos/orgpawanapivalidation/repo_api_April23_06/downloads",
        "issues_url": "https://api.github.com/repos/orgpawanapivalidation/repo_api_April23_06/issues{/number}",
        "pulls_url": "https://api.github.com/repos/orgpawanapivalidation/repo_api_April23_06/pulls{/number}",
        "milestones_url": "https://api.github.com/repos/orgpawanapivalidation/repo_api_April23_06/milestones{/number}",
        "notifications_url": "https://api.github.com/repos/orgpawanapivalidation/repo_api_April23_06/notifications{?since,all,participating}",
        "labels_url": "https://api.github.com/repos/orgpawanapivalidation/repo_api_April23_06/labels{/name}",
        "releases_url": "https://api.github.com/repos/orgpawanapivalidation/repo_api_April23_06/releases{/id}",
        "deployments_url": "https://api.github.com/repos/orgpawanapivalidation/repo_api_April23_06/deployments",
        "created_at": "2023-04-29T06:54:11Z",
        "updated_at": "2023-04-29T06:54:11Z",
        "pushed_at": "2023-04-29T06:54:11Z",
        "git_url": "git://github.com/orgpawanapivalidation/repo_api_April23_06.git",
        "ssh_url": "git@github.com:orgpawanapivalidation/repo_api_April23_06.git",
        "clone_url": "https://github.com/orgpawanapivalidation/repo_api_April23_06.git",
        "svn_url": "https://github.com/orgpawanapivalidation/repo_api_April23_06",
        "homepage": null,
        "size": 0,
        "stargazers_count": 0,
        "watchers_count": 0,
        "language": null,
        "has_issues": true,
        "has_projects": true,
        "has_downloads": true,
        "has_wiki": true,
        "has_pages": false,
        "has_discussions": false,
        "forks_count": 0,
        "mirror_url": null,
        "archived": false,
        "disabled": false,
        "open_issues_count": 0,
        "license": null,
        "allow_forking": true,
        "is_template": false,
        "web_commit_signoff_required": false,
        "topics": [
            
        ],
        "visibility": "public",
        "forks": 0,
        "open_issues": 0,
        "watchers": 0,
        "default_branch": "main",
        "permissions": {
            "admin": false,
            "maintain": false,
            "push": false,
            "triage": false,
            "pull": true
        }
    },
    {
        "id": 634138898,
        "node_id": "R_kgDOJcwxEg",
        "name": "repo_api_April23_07",
        "full_name": "orgpawanapivalidation/repo_api_April23_07",
        "private": false,
        "owner": {
            "login": "orgpawanapivalidation",
            "id": 132034478,
            "node_id": "O_kgDOB96vrg",
            "avatar_url": "https://avatars.githubusercontent.com/u/132034478?v=4",
            "gravatar_id": "",
            "url": "https://api.github.com/users/orgpawanapivalidation",
            "html_url": "https://github.com/orgpawanapivalidation",
            "followers_url": "https://api.github.com/users/orgpawanapivalidation/followers",
            "following_url": "https://api.github.com/users/orgpawanapivalidation/following{/other_user}",
            "gists_url": "https://api.github.com/users/orgpawanapivalidation/gists{/gist_id}",
            "starred_url": "https://api.github.com/users/orgpawanapivalidation/starred{/owner}{/repo}",
            "subscriptions_url": "https://api.github.com/users/orgpawanapivalidation/subscriptions",
            "organizations_url": "https://api.github.com/users/orgpawanapivalidation/orgs",
            "repos_url": "https://api.github.com/users/orgpawanapivalidation/repos",
            "events_url": "https://api.github.com/users/orgpawanapivalidation/events{/privacy}",
            "received_events_url": "https://api.github.com/users/orgpawanapivalidation/received_events",
            "type": "Organization",
            "site_admin": false
        },
        "html_url": "https://github.com/orgpawanapivalidation/repo_api_April23_07",
        "description": null,
        "fork": false,
        "url": "https://api.github.com/repos/orgpawanapivalidation/repo_api_April23_07",
        "forks_url": "https://api.github.com/repos/orgpawanapivalidation/repo_api_April23_07/forks",
        "keys_url": "https://api.github.com/repos/orgpawanapivalidation/repo_api_April23_07/keys{/key_id}",
        "collaborators_url": "https://api.github.com/repos/orgpawanapivalidation/repo_api_April23_07/collaborators{/collaborator}",
        "teams_url": "https://api.github.com/repos/orgpawanapivalidation/repo_api_April23_07/teams",
        "hooks_url": "https://api.github.com/repos/orgpawanapivalidation/repo_api_April23_07/hooks",
        "issue_events_url": "https://api.github.com/repos/orgpawanapivalidation/repo_api_April23_07/issues/events{/number}",
        "events_url": "https://api.github.com/repos/orgpawanapivalidation/repo_api_April23_07/events",
        "assignees_url": "https://api.github.com/repos/orgpawanapivalidation/repo_api_April23_07/assignees{/user}",
        "branches_url": "https://api.github.com/repos/orgpawanapivalidation/repo_api_April23_07/branches{/branch}",
        "tags_url": "https://api.github.com/repos/orgpawanapivalidation/repo_api_April23_07/tags",
        "blobs_url": "https://api.github.com/repos/orgpawanapivalidation/repo_api_April23_07/git/blobs{/sha}",
        "git_tags_url": "https://api.github.com/repos/orgpawanapivalidation/repo_api_April23_07/git/tags{/sha}",
        "git_refs_url": "https://api.github.com/repos/orgpawanapivalidation/repo_api_April23_07/git/refs{/sha}",
        "trees_url": "https://api.github.com/repos/orgpawanapivalidation/repo_api_April23_07/git/trees{/sha}",
        "statuses_url": "https://api.github.com/repos/orgpawanapivalidation/repo_api_April23_07/statuses/{sha}",
        "languages_url": "https://api.github.com/repos/orgpawanapivalidation/repo_api_April23_07/languages",
        "stargazers_url": "https://api.github.com/repos/orgpawanapivalidation/repo_api_April23_07/stargazers",
        "contributors_url": "https://api.github.com/repos/orgpawanapivalidation/repo_api_April23_07/contributors",
        "subscribers_url": "https://api.github.com/repos/orgpawanapivalidation/repo_api_April23_07/subscribers",
        "subscription_url": "https://api.github.com/repos/orgpawanapivalidation/repo_api_April23_07/subscription",
        "commits_url": "https://api.github.com/repos/orgpawanapivalidation/repo_api_April23_07/commits{/sha}",
        "git_commits_url": "https://api.github.com/repos/orgpawanapivalidation/repo_api_April23_07/git/commits{/sha}",
        "comments_url": "https://api.github.com/repos/orgpawanapivalidation/repo_api_April23_07/comments{/number}",
        "issue_comment_url": "https://api.github.com/repos/orgpawanapivalidation/repo_api_April23_07/issues/comments{/number}",
        "contents_url": "https://api.github.com/repos/orgpawanapivalidation/repo_api_April23_07/contents/{+path}",
        "compare_url": "https://api.github.com/repos/orgpawanapivalidation/repo_api_April23_07/compare/{base}...{head}",
        "merges_url": "https://api.github.com/repos/orgpawanapivalidation/repo_api_April23_07/merges",
        "archive_url": "https://api.github.com/repos/orgpawanapivalidation/repo_api_April23_07/{archive_format}{/ref}",
        "downloads_url": "https://api.github.com/repos/orgpawanapivalidation/repo_api_April23_07/downloads",
        "issues_url": "https://api.github.com/repos/orgpawanapivalidation/repo_api_April23_07/issues{/number}",
        "pulls_url": "https://api.github.com/repos/orgpawanapivalidation/repo_api_April23_07/pulls{/number}",
        "milestones_url": "https://api.github.com/repos/orgpawanapivalidation/repo_api_April23_07/milestones{/number}",
        "notifications_url": "https://api.github.com/repos/orgpawanapivalidation/repo_api_April23_07/notifications{?since,all,participating}",
        "labels_url": "https://api.github.com/repos/orgpawanapivalidation/repo_api_April23_07/labels{/name}",
        "releases_url": "https://api.github.com/repos/orgpawanapivalidation/repo_api_April23_07/releases{/id}",
        "deployments_url": "https://api.github.com/repos/orgpawanapivalidation/repo_api_April23_07/deployments",
        "created_at": "2023-04-29T07:00:11Z",
        "updated_at": "2023-04-29T07:00:11Z",
        "pushed_at": "2023-04-29T07:00:11Z",
        "git_url": "git://github.com/orgpawanapivalidation/repo_api_April23_07.git",
        "ssh_url": "git@github.com:orgpawanapivalidation/repo_api_April23_07.git",
        "clone_url": "https://github.com/orgpawanapivalidation/repo_api_April23_07.git",
        "svn_url": "https://github.com/orgpawanapivalidation/repo_api_April23_07",
        "homepage": null,
        "size": 0,
        "stargazers_count": 0,
        "watchers_count": 0,
        "language": null,
        "has_issues": true,
        "has_projects": true,
        "has_downloads": true,
        "has_wiki": true,
        "has_pages": false,
        "has_discussions": false,
        "forks_count": 0,
        "mirror_url": null,
        "archived": false,
        "disabled": false,
        "open_issues_count": 0,
        "license": null,
        "allow_forking": true,
        "is_template": false,
        "web_commit_signoff_required": false,
        "topics": [
            
        ],
        "visibility": "public",
        "forks": 0,
        "open_issues": 0,
        "watchers": 0,
        "default_branch": "main",
        "permissions": {
            "admin": false,
            "maintain": false,
            "push": false,
            "triage": false,
            "pull": true
        }
    },
    {
        "id": 641221426,
        "node_id": "R_kgDOJjhDMg",
        "name": "repo_api_May16_01",
        "full_name": "orgpawanapivalidation/repo_api_May16_01",
        "private": false,
        "owner": {
            "login": "orgpawanapivalidation",
            "id": 132034478,
            "node_id": "O_kgDOB96vrg",
            "avatar_url": "https://avatars.githubusercontent.com/u/132034478?v=4",
            "gravatar_id": "",
            "url": "https://api.github.com/users/orgpawanapivalidation",
            "html_url": "https://github.com/orgpawanapivalidation",
            "followers_url": "https://api.github.com/users/orgpawanapivalidation/followers",
            "following_url": "https://api.github.com/users/orgpawanapivalidation/following{/other_user}",
            "gists_url": "https://api.github.com/users/orgpawanapivalidation/gists{/gist_id}",
            "starred_url": "https://api.github.com/users/orgpawanapivalidation/starred{/owner}{/repo}",
            "subscriptions_url": "https://api.github.com/users/orgpawanapivalidation/subscriptions",
            "organizations_url": "https://api.github.com/users/orgpawanapivalidation/orgs",
            "repos_url": "https://api.github.com/users/orgpawanapivalidation/repos",
            "events_url": "https://api.github.com/users/orgpawanapivalidation/events{/privacy}",
            "received_events_url": "https://api.github.com/users/orgpawanapivalidation/received_events",
            "type": "Organization",
            "site_admin": false
        },
        "html_url": "https://github.com/orgpawanapivalidation/repo_api_May16_01",
        "description": null,
        "fork": false,
        "url": "https://api.github.com/repos/orgpawanapivalidation/repo_api_May16_01",
        "forks_url": "https://api.github.com/repos/orgpawanapivalidation/repo_api_May16_01/forks",
        "keys_url": "https://api.github.com/repos/orgpawanapivalidation/repo_api_May16_01/keys{/key_id}",
        "collaborators_url": "https://api.github.com/repos/orgpawanapivalidation/repo_api_May16_01/collaborators{/collaborator}",
        "teams_url": "https://api.github.com/repos/orgpawanapivalidation/repo_api_May16_01/teams",
        "hooks_url": "https://api.github.com/repos/orgpawanapivalidation/repo_api_May16_01/hooks",
        "issue_events_url": "https://api.github.com/repos/orgpawanapivalidation/repo_api_May16_01/issues/events{/number}",
        "events_url": "https://api.github.com/repos/orgpawanapivalidation/repo_api_May16_01/events",
        "assignees_url": "https://api.github.com/repos/orgpawanapivalidation/repo_api_May16_01/assignees{/user}",
        "branches_url": "https://api.github.com/repos/orgpawanapivalidation/repo_api_May16_01/branches{/branch}",
        "tags_url": "https://api.github.com/repos/orgpawanapivalidation/repo_api_May16_01/tags",
        "blobs_url": "https://api.github.com/repos/orgpawanapivalidation/repo_api_May16_01/git/blobs{/sha}",
        "git_tags_url": "https://api.github.com/repos/orgpawanapivalidation/repo_api_May16_01/git/tags{/sha}",
        "git_refs_url": "https://api.github.com/repos/orgpawanapivalidation/repo_api_May16_01/git/refs{/sha}",
        "trees_url": "https://api.github.com/repos/orgpawanapivalidation/repo_api_May16_01/git/trees{/sha}",
        "statuses_url": "https://api.github.com/repos/orgpawanapivalidation/repo_api_May16_01/statuses/{sha}",
        "languages_url": "https://api.github.com/repos/orgpawanapivalidation/repo_api_May16_01/languages",
        "stargazers_url": "https://api.github.com/repos/orgpawanapivalidation/repo_api_May16_01/stargazers",
        "contributors_url": "https://api.github.com/repos/orgpawanapivalidation/repo_api_May16_01/contributors",
        "subscribers_url": "https://api.github.com/repos/orgpawanapivalidation/repo_api_May16_01/subscribers",
        "subscription_url": "https://api.github.com/repos/orgpawanapivalidation/repo_api_May16_01/subscription",
        "commits_url": "https://api.github.com/repos/orgpawanapivalidation/repo_api_May16_01/commits{/sha}",
        "git_commits_url": "https://api.github.com/repos/orgpawanapivalidation/repo_api_May16_01/git/commits{/sha}",
        "comments_url": "https://api.github.com/repos/orgpawanapivalidation/repo_api_May16_01/comments{/number}",
        "issue_comment_url": "https://api.github.com/repos/orgpawanapivalidation/repo_api_May16_01/issues/comments{/number}",
        "contents_url": "https://api.github.com/repos/orgpawanapivalidation/repo_api_May16_01/contents/{+path}",
        "compare_url": "https://api.github.com/repos/orgpawanapivalidation/repo_api_May16_01/compare/{base}...{head}",
        "merges_url": "https://api.github.com/repos/orgpawanapivalidation/repo_api_May16_01/merges",
        "archive_url": "https://api.github.com/repos/orgpawanapivalidation/repo_api_May16_01/{archive_format}{/ref}",
        "downloads_url": "https://api.github.com/repos/orgpawanapivalidation/repo_api_May16_01/downloads",
        "issues_url": "https://api.github.com/repos/orgpawanapivalidation/repo_api_May16_01/issues{/number}",
        "pulls_url": "https://api.github.com/repos/orgpawanapivalidation/repo_api_May16_01/pulls{/number}",
        "milestones_url": "https://api.github.com/repos/orgpawanapivalidation/repo_api_May16_01/milestones{/number}",
        "notifications_url": "https://api.github.com/repos/orgpawanapivalidation/repo_api_May16_01/notifications{?since,all,participating}",
        "labels_url": "https://api.github.com/repos/orgpawanapivalidation/repo_api_May16_01/labels{/name}",
        "releases_url": "https://api.github.com/repos/orgpawanapivalidation/repo_api_May16_01/releases{/id}",
        "deployments_url": "https://api.github.com/repos/orgpawanapivalidation/repo_api_May16_01/deployments",
        "created_at": "2023-05-16T03:09:21Z",
        "updated_at": "2023-05-16T03:09:22Z",
        "pushed_at": "2023-05-16T03:09:22Z",
        "git_url": "git://github.com/orgpawanapivalidation/repo_api_May16_01.git",
        "ssh_url": "git@github.com:orgpawanapivalidation/repo_api_May16_01.git",
        "clone_url": "https://github.com/orgpawanapivalidation/repo_api_May16_01.git",
        "svn_url": "https://github.com/orgpawanapivalidation/repo_api_May16_01",
        "homepage": null,
        "size": 0,
        "stargazers_count": 0,
        "watchers_count": 0,
        "language": null,
        "has_issues": true,
        "has_projects": true,
        "has_downloads": true,
        "has_wiki": true,
        "has_pages": false,
        "has_discussions": false,
        "forks_count": 0,
        "mirror_url": null,
        "archived": false,
        "disabled": false,
        "open_issues_count": 0,
        "license": null,
        "allow_forking": true,
        "is_template": false,
        "web_commit_signoff_required": false,
        "topics": [
            
        ],
        "visibility": "public",
        "forks": 0,
        "open_issues": 0,
        "watchers": 0,
        "default_branch": "main",
        "permissions": {
            "admin": false,
            "maintain": false,
            "push": false,
            "triage": false,
            "pull": true
        }
    },
    {
        "id": 641235843,
        "node_id": "R_kgDOJjh7gw",
        "name": "repoName",
        "full_name": "orgpawanapivalidation/repoName",
        "private": false,
        "owner": {
            "login": "orgpawanapivalidation",
            "id": 132034478,
            "node_id": "O_kgDOB96vrg",
            "avatar_url": "https://avatars.githubusercontent.com/u/132034478?v=4",
            "gravatar_id": "",
            "url": "https://api.github.com/users/orgpawanapivalidation",
            "html_url": "https://github.com/orgpawanapivalidation",
            "followers_url": "https://api.github.com/users/orgpawanapivalidation/followers",
            "following_url": "https://api.github.com/users/orgpawanapivalidation/following{/other_user}",
            "gists_url": "https://api.github.com/users/orgpawanapivalidation/gists{/gist_id}",
            "starred_url": "https://api.github.com/users/orgpawanapivalidation/starred{/owner}{/repo}",
            "subscriptions_url": "https://api.github.com/users/orgpawanapivalidation/subscriptions",
            "organizations_url": "https://api.github.com/users/orgpawanapivalidation/orgs",
            "repos_url": "https://api.github.com/users/orgpawanapivalidation/repos",
            "events_url": "https://api.github.com/users/orgpawanapivalidation/events{/privacy}",
            "received_events_url": "https://api.github.com/users/orgpawanapivalidation/received_events",
            "type": "Organization",
            "site_admin": false
        },
        "html_url": "https://github.com/orgpawanapivalidation/repoName",
        "description": null,
        "fork": false,
        "url": "https://api.github.com/repos/orgpawanapivalidation/repoName",
        "forks_url": "https://api.github.com/repos/orgpawanapivalidation/repoName/forks",
        "keys_url": "https://api.github.com/repos/orgpawanapivalidation/repoName/keys{/key_id}",
        "collaborators_url": "https://api.github.com/repos/orgpawanapivalidation/repoName/collaborators{/collaborator}",
        "teams_url": "https://api.github.com/repos/orgpawanapivalidation/repoName/teams",
        "hooks_url": "https://api.github.com/repos/orgpawanapivalidation/repoName/hooks",
        "issue_events_url": "https://api.github.com/repos/orgpawanapivalidation/repoName/issues/events{/number}",
        "events_url": "https://api.github.com/repos/orgpawanapivalidation/repoName/events",
        "assignees_url": "https://api.github.com/repos/orgpawanapivalidation/repoName/assignees{/user}",
        "branches_url": "https://api.github.com/repos/orgpawanapivalidation/repoName/branches{/branch}",
        "tags_url": "https://api.github.com/repos/orgpawanapivalidation/repoName/tags",
        "blobs_url": "https://api.github.com/repos/orgpawanapivalidation/repoName/git/blobs{/sha}",
        "git_tags_url": "https://api.github.com/repos/orgpawanapivalidation/repoName/git/tags{/sha}",
        "git_refs_url": "https://api.github.com/repos/orgpawanapivalidation/repoName/git/refs{/sha}",
        "trees_url": "https://api.github.com/repos/orgpawanapivalidation/repoName/git/trees{/sha}",
        "statuses_url": "https://api.github.com/repos/orgpawanapivalidation/repoName/statuses/{sha}",
        "languages_url": "https://api.github.com/repos/orgpawanapivalidation/repoName/languages",
        "stargazers_url": "https://api.github.com/repos/orgpawanapivalidation/repoName/stargazers",
        "contributors_url": "https://api.github.com/repos/orgpawanapivalidation/repoName/contributors",
        "subscribers_url": "https://api.github.com/repos/orgpawanapivalidation/repoName/subscribers",
        "subscription_url": "https://api.github.com/repos/orgpawanapivalidation/repoName/subscription",
        "commits_url": "https://api.github.com/repos/orgpawanapivalidation/repoName/commits{/sha}",
        "git_commits_url": "https://api.github.com/repos/orgpawanapivalidation/repoName/git/commits{/sha}",
        "comments_url": "https://api.github.com/repos/orgpawanapivalidation/repoName/comments{/number}",
        "issue_comment_url": "https://api.github.com/repos/orgpawanapivalidation/repoName/issues/comments{/number}",
        "contents_url": "https://api.github.com/repos/orgpawanapivalidation/repoName/contents/{+path}",
        "compare_url": "https://api.github.com/repos/orgpawanapivalidation/repoName/compare/{base}...{head}",
        "merges_url": "https://api.github.com/repos/orgpawanapivalidation/repoName/merges",
        "archive_url": "https://api.github.com/repos/orgpawanapivalidation/repoName/{archive_format}{/ref}",
        "downloads_url": "https://api.github.com/repos/orgpawanapivalidation/repoName/downloads",
        "issues_url": "https://api.github.com/repos/orgpawanapivalidation/repoName/issues{/number}",
        "pulls_url": "https://api.github.com/repos/orgpawanapivalidation/repoName/pulls{/number}",
        "milestones_url": "https://api.github.com/repos/orgpawanapivalidation/repoName/milestones{/number}",
        "notifications_url": "https://api.github.com/repos/orgpawanapivalidation/repoName/notifications{?since,all,participating}",
        "labels_url": "https://api.github.com/repos/orgpawanapivalidation/repoName/labels{/name}",
        "releases_url": "https://api.github.com/repos/orgpawanapivalidation/repoName/releases{/id}",
        "deployments_url": "https://api.github.com/repos/orgpawanapivalidation/repoName/deployments",
        "created_at": "2023-05-16T04:04:51Z",
        "updated_at": "2023-05-16T04:04:51Z",
        "pushed_at": "2023-05-16T04:04:51Z",
        "git_url": "git://github.com/orgpawanapivalidation/repoName.git",
        "ssh_url": "git@github.com:orgpawanapivalidation/repoName.git",
        "clone_url": "https://github.com/orgpawanapivalidation/repoName.git",
        "svn_url": "https://github.com/orgpawanapivalidation/repoName",
        "homepage": null,
        "size": 0,
        "stargazers_count": 0,
        "watchers_count": 0,
        "language": null,
        "has_issues": true,
        "has_projects": true,
        "has_downloads": true,
        "has_wiki": true,
        "has_pages": false,
        "has_discussions": false,
        "forks_count": 0,
        "mirror_url": null,
        "archived": false,
        "disabled": false,
        "open_issues_count": 0,
        "license": null,
        "allow_forking": true,
        "is_template": false,
        "web_commit_signoff_required": false,
        "topics": [
            
        ],
        "visibility": "public",
        "forks": 0,
        "open_issues": 0,
        "watchers": 0,
        "default_branch": "main",
        "permissions": {
            "admin": false,
            "maintain": false,
            "push": false,
            "triage": false,
            "pull": true
        }
    },
    {
        "id": 641236328,
        "node_id": "R_kgDOJjh9aA",
        "name": "repo_api_May16_02",
        "full_name": "orgpawanapivalidation/repo_api_May16_02",
        "private": false,
        "owner": {
            "login": "orgpawanapivalidation",
            "id": 132034478,
            "node_id": "O_kgDOB96vrg",
            "avatar_url": "https://avatars.githubusercontent.com/u/132034478?v=4",
            "gravatar_id": "",
            "url": "https://api.github.com/users/orgpawanapivalidation",
            "html_url": "https://github.com/orgpawanapivalidation",
            "followers_url": "https://api.github.com/users/orgpawanapivalidation/followers",
            "following_url": "https://api.github.com/users/orgpawanapivalidation/following{/other_user}",
            "gists_url": "https://api.github.com/users/orgpawanapivalidation/gists{/gist_id}",
            "starred_url": "https://api.github.com/users/orgpawanapivalidation/starred{/owner}{/repo}",
            "subscriptions_url": "https://api.github.com/users/orgpawanapivalidation/subscriptions",
            "organizations_url": "https://api.github.com/users/orgpawanapivalidation/orgs",
            "repos_url": "https://api.github.com/users/orgpawanapivalidation/repos",
            "events_url": "https://api.github.com/users/orgpawanapivalidation/events{/privacy}",
            "received_events_url": "https://api.github.com/users/orgpawanapivalidation/received_events",
            "type": "Organization",
            "site_admin": false
        },
        "html_url": "https://github.com/orgpawanapivalidation/repo_api_May16_02",
        "description": null,
        "fork": false,
        "url": "https://api.github.com/repos/orgpawanapivalidation/repo_api_May16_02",
        "forks_url": "https://api.github.com/repos/orgpawanapivalidation/repo_api_May16_02/forks",
        "keys_url": "https://api.github.com/repos/orgpawanapivalidation/repo_api_May16_02/keys{/key_id}",
        "collaborators_url": "https://api.github.com/repos/orgpawanapivalidation/repo_api_May16_02/collaborators{/collaborator}",
        "teams_url": "https://api.github.com/repos/orgpawanapivalidation/repo_api_May16_02/teams",
        "hooks_url": "https://api.github.com/repos/orgpawanapivalidation/repo_api_May16_02/hooks",
        "issue_events_url": "https://api.github.com/repos/orgpawanapivalidation/repo_api_May16_02/issues/events{/number}",
        "events_url": "https://api.github.com/repos/orgpawanapivalidation/repo_api_May16_02/events",
        "assignees_url": "https://api.github.com/repos/orgpawanapivalidation/repo_api_May16_02/assignees{/user}",
        "branches_url": "https://api.github.com/repos/orgpawanapivalidation/repo_api_May16_02/branches{/branch}",
        "tags_url": "https://api.github.com/repos/orgpawanapivalidation/repo_api_May16_02/tags",
        "blobs_url": "https://api.github.com/repos/orgpawanapivalidation/repo_api_May16_02/git/blobs{/sha}",
        "git_tags_url": "https://api.github.com/repos/orgpawanapivalidation/repo_api_May16_02/git/tags{/sha}",
        "git_refs_url": "https://api.github.com/repos/orgpawanapivalidation/repo_api_May16_02/git/refs{/sha}",
        "trees_url": "https://api.github.com/repos/orgpawanapivalidation/repo_api_May16_02/git/trees{/sha}",
        "statuses_url": "https://api.github.com/repos/orgpawanapivalidation/repo_api_May16_02/statuses/{sha}",
        "languages_url": "https://api.github.com/repos/orgpawanapivalidation/repo_api_May16_02/languages",
        "stargazers_url": "https://api.github.com/repos/orgpawanapivalidation/repo_api_May16_02/stargazers",
        "contributors_url": "https://api.github.com/repos/orgpawanapivalidation/repo_api_May16_02/contributors",
        "subscribers_url": "https://api.github.com/repos/orgpawanapivalidation/repo_api_May16_02/subscribers",
        "subscription_url": "https://api.github.com/repos/orgpawanapivalidation/repo_api_May16_02/subscription",
        "commits_url": "https://api.github.com/repos/orgpawanapivalidation/repo_api_May16_02/commits{/sha}",
        "git_commits_url": "https://api.github.com/repos/orgpawanapivalidation/repo_api_May16_02/git/commits{/sha}",
        "comments_url": "https://api.github.com/repos/orgpawanapivalidation/repo_api_May16_02/comments{/number}",
        "issue_comment_url": "https://api.github.com/repos/orgpawanapivalidation/repo_api_May16_02/issues/comments{/number}",
        "contents_url": "https://api.github.com/repos/orgpawanapivalidation/repo_api_May16_02/contents/{+path}",
        "compare_url": "https://api.github.com/repos/orgpawanapivalidation/repo_api_May16_02/compare/{base}...{head}",
        "merges_url": "https://api.github.com/repos/orgpawanapivalidation/repo_api_May16_02/merges",
        "archive_url": "https://api.github.com/repos/orgpawanapivalidation/repo_api_May16_02/{archive_format}{/ref}",
        "downloads_url": "https://api.github.com/repos/orgpawanapivalidation/repo_api_May16_02/downloads",
        "issues_url": "https://api.github.com/repos/orgpawanapivalidation/repo_api_May16_02/issues{/number}",
        "pulls_url": "https://api.github.com/repos/orgpawanapivalidation/repo_api_May16_02/pulls{/number}",
        "milestones_url": "https://api.github.com/repos/orgpawanapivalidation/repo_api_May16_02/milestones{/number}",
        "notifications_url": "https://api.github.com/repos/orgpawanapivalidation/repo_api_May16_02/notifications{?since,all,participating}",
        "labels_url": "https://api.github.com/repos/orgpawanapivalidation/repo_api_May16_02/labels{/name}",
        "releases_url": "https://api.github.com/repos/orgpawanapivalidation/repo_api_May16_02/releases{/id}",
        "deployments_url": "https://api.github.com/repos/orgpawanapivalidation/repo_api_May16_02/deployments",
        "created_at": "2023-05-16T04:06:38Z",
        "updated_at": "2023-05-16T04:06:39Z",
        "pushed_at": "2023-05-16T04:06:38Z",
        "git_url": "git://github.com/orgpawanapivalidation/repo_api_May16_02.git",
        "ssh_url": "git@github.com:orgpawanapivalidation/repo_api_May16_02.git",
        "clone_url": "https://github.com/orgpawanapivalidation/repo_api_May16_02.git",
        "svn_url": "https://github.com/orgpawanapivalidation/repo_api_May16_02",
        "homepage": null,
        "size": 0,
        "stargazers_count": 0,
        "watchers_count": 0,
        "language": null,
        "has_issues": true,
        "has_projects": true,
        "has_downloads": true,
        "has_wiki": true,
        "has_pages": false,
        "has_discussions": false,
        "forks_count": 0,
        "mirror_url": null,
        "archived": false,
        "disabled": false,
        "open_issues_count": 0,
        "license": null,
        "allow_forking": true,
        "is_template": false,
        "web_commit_signoff_required": false,
        "topics": [
            
        ],
        "visibility": "public",
        "forks": 0,
        "open_issues": 0,
        "watchers": 0,
        "default_branch": "main",
        "permissions": {
            "admin": false,
            "maintain": false,
            "push": false,
            "triage": false,
            "pull": true
        }
    },
    {
        "id": 641236680,
        "node_id": "R_kgDOJjh-yA",
        "name": "repo_api_May16_03",
        "full_name": "orgpawanapivalidation/repo_api_May16_03",
        "private": false,
        "owner": {
            "login": "orgpawanapivalidation",
            "id": 132034478,
            "node_id": "O_kgDOB96vrg",
            "avatar_url": "https://avatars.githubusercontent.com/u/132034478?v=4",
            "gravatar_id": "",
            "url": "https://api.github.com/users/orgpawanapivalidation",
            "html_url": "https://github.com/orgpawanapivalidation",
            "followers_url": "https://api.github.com/users/orgpawanapivalidation/followers",
            "following_url": "https://api.github.com/users/orgpawanapivalidation/following{/other_user}",
            "gists_url": "https://api.github.com/users/orgpawanapivalidation/gists{/gist_id}",
            "starred_url": "https://api.github.com/users/orgpawanapivalidation/starred{/owner}{/repo}",
            "subscriptions_url": "https://api.github.com/users/orgpawanapivalidation/subscriptions",
            "organizations_url": "https://api.github.com/users/orgpawanapivalidation/orgs",
            "repos_url": "https://api.github.com/users/orgpawanapivalidation/repos",
            "events_url": "https://api.github.com/users/orgpawanapivalidation/events{/privacy}",
            "received_events_url": "https://api.github.com/users/orgpawanapivalidation/received_events",
            "type": "Organization",
            "site_admin": false
        },
        "html_url": "https://github.com/orgpawanapivalidation/repo_api_May16_03",
        "description": null,
        "fork": false,
        "url": "https://api.github.com/repos/orgpawanapivalidation/repo_api_May16_03",
        "forks_url": "https://api.github.com/repos/orgpawanapivalidation/repo_api_May16_03/forks",
        "keys_url": "https://api.github.com/repos/orgpawanapivalidation/repo_api_May16_03/keys{/key_id}",
        "collaborators_url": "https://api.github.com/repos/orgpawanapivalidation/repo_api_May16_03/collaborators{/collaborator}",
        "teams_url": "https://api.github.com/repos/orgpawanapivalidation/repo_api_May16_03/teams",
        "hooks_url": "https://api.github.com/repos/orgpawanapivalidation/repo_api_May16_03/hooks",
        "issue_events_url": "https://api.github.com/repos/orgpawanapivalidation/repo_api_May16_03/issues/events{/number}",
        "events_url": "https://api.github.com/repos/orgpawanapivalidation/repo_api_May16_03/events",
        "assignees_url": "https://api.github.com/repos/orgpawanapivalidation/repo_api_May16_03/assignees{/user}",
        "branches_url": "https://api.github.com/repos/orgpawanapivalidation/repo_api_May16_03/branches{/branch}",
        "tags_url": "https://api.github.com/repos/orgpawanapivalidation/repo_api_May16_03/tags",
        "blobs_url": "https://api.github.com/repos/orgpawanapivalidation/repo_api_May16_03/git/blobs{/sha}",
        "git_tags_url": "https://api.github.com/repos/orgpawanapivalidation/repo_api_May16_03/git/tags{/sha}",
        "git_refs_url": "https://api.github.com/repos/orgpawanapivalidation/repo_api_May16_03/git/refs{/sha}",
        "trees_url": "https://api.github.com/repos/orgpawanapivalidation/repo_api_May16_03/git/trees{/sha}",
        "statuses_url": "https://api.github.com/repos/orgpawanapivalidation/repo_api_May16_03/statuses/{sha}",
        "languages_url": "https://api.github.com/repos/orgpawanapivalidation/repo_api_May16_03/languages",
        "stargazers_url": "https://api.github.com/repos/orgpawanapivalidation/repo_api_May16_03/stargazers",
        "contributors_url": "https://api.github.com/repos/orgpawanapivalidation/repo_api_May16_03/contributors",
        "subscribers_url": "https://api.github.com/repos/orgpawanapivalidation/repo_api_May16_03/subscribers",
        "subscription_url": "https://api.github.com/repos/orgpawanapivalidation/repo_api_May16_03/subscription",
        "commits_url": "https://api.github.com/repos/orgpawanapivalidation/repo_api_May16_03/commits{/sha}",
        "git_commits_url": "https://api.github.com/repos/orgpawanapivalidation/repo_api_May16_03/git/commits{/sha}",
        "comments_url": "https://api.github.com/repos/orgpawanapivalidation/repo_api_May16_03/comments{/number}",
        "issue_comment_url": "https://api.github.com/repos/orgpawanapivalidation/repo_api_May16_03/issues/comments{/number}",
        "contents_url": "https://api.github.com/repos/orgpawanapivalidation/repo_api_May16_03/contents/{+path}",
        "compare_url": "https://api.github.com/repos/orgpawanapivalidation/repo_api_May16_03/compare/{base}...{head}",
        "merges_url": "https://api.github.com/repos/orgpawanapivalidation/repo_api_May16_03/merges",
        "archive_url": "https://api.github.com/repos/orgpawanapivalidation/repo_api_May16_03/{archive_format}{/ref}",
        "downloads_url": "https://api.github.com/repos/orgpawanapivalidation/repo_api_May16_03/downloads",
        "issues_url": "https://api.github.com/repos/orgpawanapivalidation/repo_api_May16_03/issues{/number}",
        "pulls_url": "https://api.github.com/repos/orgpawanapivalidation/repo_api_May16_03/pulls{/number}",
        "milestones_url": "https://api.github.com/repos/orgpawanapivalidation/repo_api_May16_03/milestones{/number}",
        "notifications_url": "https://api.github.com/repos/orgpawanapivalidation/repo_api_May16_03/notifications{?since,all,participating}",
        "labels_url": "https://api.github.com/repos/orgpawanapivalidation/repo_api_May16_03/labels{/name}",
        "releases_url": "https://api.github.com/repos/orgpawanapivalidation/repo_api_May16_03/releases{/id}",
        "deployments_url": "https://api.github.com/repos/orgpawanapivalidation/repo_api_May16_03/deployments",
        "created_at": "2023-05-16T04:08:01Z",
        "updated_at": "2023-05-16T04:08:01Z",
        "pushed_at": "2023-05-16T04:08:01Z",
        "git_url": "git://github.com/orgpawanapivalidation/repo_api_May16_03.git",
        "ssh_url": "git@github.com:orgpawanapivalidation/repo_api_May16_03.git",
        "clone_url": "https://github.com/orgpawanapivalidation/repo_api_May16_03.git",
        "svn_url": "https://github.com/orgpawanapivalidation/repo_api_May16_03",
        "homepage": null,
        "size": 0,
        "stargazers_count": 0,
        "watchers_count": 0,
        "language": null,
        "has_issues": true,
        "has_projects": true,
        "has_downloads": true,
        "has_wiki": true,
        "has_pages": false,
        "has_discussions": false,
        "forks_count": 0,
        "mirror_url": null,
        "archived": false,
        "disabled": false,
        "open_issues_count": 0,
        "license": null,
        "allow_forking": true,
        "is_template": false,
        "web_commit_signoff_required": false,
        "topics": [
            
        ],
        "visibility": "public",
        "forks": 0,
        "open_issues": 0,
        "watchers": 0,
        "default_branch": "main",
        "permissions": {
            "admin": false,
            "maintain": false,
            "push": false,
            "triage": false,
            "pull": true
        }
    },
    {
        "id": 641768923,
        "node_id": "R_kgDOJkCd2w",
        "name": "repo_api_May17_05-Testing-is-in-progress-true",
        "full_name": "orgpawanapivalidation/repo_api_May17_05-Testing-is-in-progress-true",
        "private": false,
        "owner": {
            "login": "orgpawanapivalidation",
            "id": 132034478,
            "node_id": "O_kgDOB96vrg",
            "avatar_url": "https://avatars.githubusercontent.com/u/132034478?v=4",
            "gravatar_id": "",
            "url": "https://api.github.com/users/orgpawanapivalidation",
            "html_url": "https://github.com/orgpawanapivalidation",
            "followers_url": "https://api.github.com/users/orgpawanapivalidation/followers",
            "following_url": "https://api.github.com/users/orgpawanapivalidation/following{/other_user}",
            "gists_url": "https://api.github.com/users/orgpawanapivalidation/gists{/gist_id}",
            "starred_url": "https://api.github.com/users/orgpawanapivalidation/starred{/owner}{/repo}",
            "subscriptions_url": "https://api.github.com/users/orgpawanapivalidation/subscriptions",
            "organizations_url": "https://api.github.com/users/orgpawanapivalidation/orgs",
            "repos_url": "https://api.github.com/users/orgpawanapivalidation/repos",
            "events_url": "https://api.github.com/users/orgpawanapivalidation/events{/privacy}",
            "received_events_url": "https://api.github.com/users/orgpawanapivalidation/received_events",
            "type": "Organization",
            "site_admin": false
        },
        "html_url": "https://github.com/orgpawanapivalidation/repo_api_May17_05-Testing-is-in-progress-true",
        "description": null,
        "fork": false,
        "url": "https://api.github.com/repos/orgpawanapivalidation/repo_api_May17_05-Testing-is-in-progress-true",
        "forks_url": "https://api.github.com/repos/orgpawanapivalidation/repo_api_May17_05-Testing-is-in-progress-true/forks",
        "keys_url": "https://api.github.com/repos/orgpawanapivalidation/repo_api_May17_05-Testing-is-in-progress-true/keys{/key_id}",
        "collaborators_url": "https://api.github.com/repos/orgpawanapivalidation/repo_api_May17_05-Testing-is-in-progress-true/collaborators{/collaborator}",
        "teams_url": "https://api.github.com/repos/orgpawanapivalidation/repo_api_May17_05-Testing-is-in-progress-true/teams",
        "hooks_url": "https://api.github.com/repos/orgpawanapivalidation/repo_api_May17_05-Testing-is-in-progress-true/hooks",
        "issue_events_url": "https://api.github.com/repos/orgpawanapivalidation/repo_api_May17_05-Testing-is-in-progress-true/issues/events{/number}",
        "events_url": "https://api.github.com/repos/orgpawanapivalidation/repo_api_May17_05-Testing-is-in-progress-true/events",
        "assignees_url": "https://api.github.com/repos/orgpawanapivalidation/repo_api_May17_05-Testing-is-in-progress-true/assignees{/user}",
        "branches_url": "https://api.github.com/repos/orgpawanapivalidation/repo_api_May17_05-Testing-is-in-progress-true/branches{/branch}",
        "tags_url": "https://api.github.com/repos/orgpawanapivalidation/repo_api_May17_05-Testing-is-in-progress-true/tags",
        "blobs_url": "https://api.github.com/repos/orgpawanapivalidation/repo_api_May17_05-Testing-is-in-progress-true/git/blobs{/sha}",
        "git_tags_url": "https://api.github.com/repos/orgpawanapivalidation/repo_api_May17_05-Testing-is-in-progress-true/git/tags{/sha}",
        "git_refs_url": "https://api.github.com/repos/orgpawanapivalidation/repo_api_May17_05-Testing-is-in-progress-true/git/refs{/sha}",
        "trees_url": "https://api.github.com/repos/orgpawanapivalidation/repo_api_May17_05-Testing-is-in-progress-true/git/trees{/sha}",
        "statuses_url": "https://api.github.com/repos/orgpawanapivalidation/repo_api_May17_05-Testing-is-in-progress-true/statuses/{sha}",
        "languages_url": "https://api.github.com/repos/orgpawanapivalidation/repo_api_May17_05-Testing-is-in-progress-true/languages",
        "stargazers_url": "https://api.github.com/repos/orgpawanapivalidation/repo_api_May17_05-Testing-is-in-progress-true/stargazers",
        "contributors_url": "https://api.github.com/repos/orgpawanapivalidation/repo_api_May17_05-Testing-is-in-progress-true/contributors",
        "subscribers_url": "https://api.github.com/repos/orgpawanapivalidation/repo_api_May17_05-Testing-is-in-progress-true/subscribers",
        "subscription_url": "https://api.github.com/repos/orgpawanapivalidation/repo_api_May17_05-Testing-is-in-progress-true/subscription",
        "commits_url": "https://api.github.com/repos/orgpawanapivalidation/repo_api_May17_05-Testing-is-in-progress-true/commits{/sha}",
        "git_commits_url": "https://api.github.com/repos/orgpawanapivalidation/repo_api_May17_05-Testing-is-in-progress-true/git/commits{/sha}",
        "comments_url": "https://api.github.com/repos/orgpawanapivalidation/repo_api_May17_05-Testing-is-in-progress-true/comments{/number}",
        "issue_comment_url": "https://api.github.com/repos/orgpawanapivalidation/repo_api_May17_05-Testing-is-in-progress-true/issues/comments{/number}",
        "contents_url": "https://api.github.com/repos/orgpawanapivalidation/repo_api_May17_05-Testing-is-in-progress-true/contents/{+path}",
        "compare_url": "https://api.github.com/repos/orgpawanapivalidation/repo_api_May17_05-Testing-is-in-progress-true/compare/{base}...{head}",
        "merges_url": "https://api.github.com/repos/orgpawanapivalidation/repo_api_May17_05-Testing-is-in-progress-true/merges",
        "archive_url": "https://api.github.com/repos/orgpawanapivalidation/repo_api_May17_05-Testing-is-in-progress-true/{archive_format}{/ref}",
        "downloads_url": "https://api.github.com/repos/orgpawanapivalidation/repo_api_May17_05-Testing-is-in-progress-true/downloads",
        "issues_url": "https://api.github.com/repos/orgpawanapivalidation/repo_api_May17_05-Testing-is-in-progress-true/issues{/number}",
        "pulls_url": "https://api.github.com/repos/orgpawanapivalidation/repo_api_May17_05-Testing-is-in-progress-true/pulls{/number}",
        "milestones_url": "https://api.github.com/repos/orgpawanapivalidation/repo_api_May17_05-Testing-is-in-progress-true/milestones{/number}",
        "notifications_url": "https://api.github.com/repos/orgpawanapivalidation/repo_api_May17_05-Testing-is-in-progress-true/notifications{?since,all,participating}",
        "labels_url": "https://api.github.com/repos/orgpawanapivalidation/repo_api_May17_05-Testing-is-in-progress-true/labels{/name}",
        "releases_url": "https://api.github.com/repos/orgpawanapivalidation/repo_api_May17_05-Testing-is-in-progress-true/releases{/id}",
        "deployments_url": "https://api.github.com/repos/orgpawanapivalidation/repo_api_May17_05-Testing-is-in-progress-true/deployments",
        "created_at": "2023-05-17T06:11:02Z",
        "updated_at": "2023-05-17T06:11:02Z",
        "pushed_at": "2023-05-17T06:11:02Z",
        "git_url": "git://github.com/orgpawanapivalidation/repo_api_May17_05-Testing-is-in-progress-true.git",
        "ssh_url": "git@github.com:orgpawanapivalidation/repo_api_May17_05-Testing-is-in-progress-true.git",
        "clone_url": "https://github.com/orgpawanapivalidation/repo_api_May17_05-Testing-is-in-progress-true.git",
        "svn_url": "https://github.com/orgpawanapivalidation/repo_api_May17_05-Testing-is-in-progress-true",
        "homepage": null,
        "size": 0,
        "stargazers_count": 0,
        "watchers_count": 0,
        "language": null,
        "has_issues": true,
        "has_projects": true,
        "has_downloads": true,
        "has_wiki": true,
        "has_pages": false,
        "has_discussions": false,
        "forks_count": 0,
        "mirror_url": null,
        "archived": false,
        "disabled": false,
        "open_issues_count": 0,
        "license": null,
        "allow_forking": true,
        "is_template": false,
        "web_commit_signoff_required": false,
        "topics": [
            
        ],
        "visibility": "public",
        "forks": 0,
        "open_issues": 0,
        "watchers": 0,
        "default_branch": "main",
        "permissions": {
            "admin": false,
            "maintain": false,
            "push": false,
            "triage": false,
            "pull": true
        }
    },
    {
        "id": 641770609,
        "node_id": "R_kgDOJkCkcQ",
        "name": "repo_api_May17_06",
        "full_name": "orgpawanapivalidation/repo_api_May17_06",
        "private": false,
        "owner": {
            "login": "orgpawanapivalidation",
            "id": 132034478,
            "node_id": "O_kgDOB96vrg",
            "avatar_url": "https://avatars.githubusercontent.com/u/132034478?v=4",
            "gravatar_id": "",
            "url": "https://api.github.com/users/orgpawanapivalidation",
            "html_url": "https://github.com/orgpawanapivalidation",
            "followers_url": "https://api.github.com/users/orgpawanapivalidation/followers",
            "following_url": "https://api.github.com/users/orgpawanapivalidation/following{/other_user}",
            "gists_url": "https://api.github.com/users/orgpawanapivalidation/gists{/gist_id}",
            "starred_url": "https://api.github.com/users/orgpawanapivalidation/starred{/owner}{/repo}",
            "subscriptions_url": "https://api.github.com/users/orgpawanapivalidation/subscriptions",
            "organizations_url": "https://api.github.com/users/orgpawanapivalidation/orgs",
            "repos_url": "https://api.github.com/users/orgpawanapivalidation/repos",
            "events_url": "https://api.github.com/users/orgpawanapivalidation/events{/privacy}",
            "received_events_url": "https://api.github.com/users/orgpawanapivalidation/received_events",
            "type": "Organization",
            "site_admin": false
        },
        "html_url": "https://github.com/orgpawanapivalidation/repo_api_May17_06",
        "description": "Testing is in progress",
        "fork": false,
        "url": "https://api.github.com/repos/orgpawanapivalidation/repo_api_May17_06",
        "forks_url": "https://api.github.com/repos/orgpawanapivalidation/repo_api_May17_06/forks",
        "keys_url": "https://api.github.com/repos/orgpawanapivalidation/repo_api_May17_06/keys{/key_id}",
        "collaborators_url": "https://api.github.com/repos/orgpawanapivalidation/repo_api_May17_06/collaborators{/collaborator}",
        "teams_url": "https://api.github.com/repos/orgpawanapivalidation/repo_api_May17_06/teams",
        "hooks_url": "https://api.github.com/repos/orgpawanapivalidation/repo_api_May17_06/hooks",
        "issue_events_url": "https://api.github.com/repos/orgpawanapivalidation/repo_api_May17_06/issues/events{/number}",
        "events_url": "https://api.github.com/repos/orgpawanapivalidation/repo_api_May17_06/events",
        "assignees_url": "https://api.github.com/repos/orgpawanapivalidation/repo_api_May17_06/assignees{/user}",
        "branches_url": "https://api.github.com/repos/orgpawanapivalidation/repo_api_May17_06/branches{/branch}",
        "tags_url": "https://api.github.com/repos/orgpawanapivalidation/repo_api_May17_06/tags",
        "blobs_url": "https://api.github.com/repos/orgpawanapivalidation/repo_api_May17_06/git/blobs{/sha}",
        "git_tags_url": "https://api.github.com/repos/orgpawanapivalidation/repo_api_May17_06/git/tags{/sha}",
        "git_refs_url": "https://api.github.com/repos/orgpawanapivalidation/repo_api_May17_06/git/refs{/sha}",
        "trees_url": "https://api.github.com/repos/orgpawanapivalidation/repo_api_May17_06/git/trees{/sha}",
        "statuses_url": "https://api.github.com/repos/orgpawanapivalidation/repo_api_May17_06/statuses/{sha}",
        "languages_url": "https://api.github.com/repos/orgpawanapivalidation/repo_api_May17_06/languages",
        "stargazers_url": "https://api.github.com/repos/orgpawanapivalidation/repo_api_May17_06/stargazers",
        "contributors_url": "https://api.github.com/repos/orgpawanapivalidation/repo_api_May17_06/contributors",
        "subscribers_url": "https://api.github.com/repos/orgpawanapivalidation/repo_api_May17_06/subscribers",
        "subscription_url": "https://api.github.com/repos/orgpawanapivalidation/repo_api_May17_06/subscription",
        "commits_url": "https://api.github.com/repos/orgpawanapivalidation/repo_api_May17_06/commits{/sha}",
        "git_commits_url": "https://api.github.com/repos/orgpawanapivalidation/repo_api_May17_06/git/commits{/sha}",
        "comments_url": "https://api.github.com/repos/orgpawanapivalidation/repo_api_May17_06/comments{/number}",
        "issue_comment_url": "https://api.github.com/repos/orgpawanapivalidation/repo_api_May17_06/issues/comments{/number}",
        "contents_url": "https://api.github.com/repos/orgpawanapivalidation/repo_api_May17_06/contents/{+path}",
        "compare_url": "https://api.github.com/repos/orgpawanapivalidation/repo_api_May17_06/compare/{base}...{head}",
        "merges_url": "https://api.github.com/repos/orgpawanapivalidation/repo_api_May17_06/merges",
        "archive_url": "https://api.github.com/repos/orgpawanapivalidation/repo_api_May17_06/{archive_format}{/ref}",
        "downloads_url": "https://api.github.com/repos/orgpawanapivalidation/repo_api_May17_06/downloads",
        "issues_url": "https://api.github.com/repos/orgpawanapivalidation/repo_api_May17_06/issues{/number}",
        "pulls_url": "https://api.github.com/repos/orgpawanapivalidation/repo_api_May17_06/pulls{/number}",
        "milestones_url": "https://api.github.com/repos/orgpawanapivalidation/repo_api_May17_06/milestones{/number}",
        "notifications_url": "https://api.github.com/repos/orgpawanapivalidation/repo_api_May17_06/notifications{?since,all,participating}",
        "labels_url": "https://api.github.com/repos/orgpawanapivalidation/repo_api_May17_06/labels{/name}",
        "releases_url": "https://api.github.com/repos/orgpawanapivalidation/repo_api_May17_06/releases{/id}",
        "deployments_url": "https://api.github.com/repos/orgpawanapivalidation/repo_api_May17_06/deployments",
        "created_at": "2023-05-17T06:16:15Z",
        "updated_at": "2023-05-17T06:16:16Z",
        "pushed_at": "2023-05-17T06:16:16Z",
        "git_url": "git://github.com/orgpawanapivalidation/repo_api_May17_06.git",
        "ssh_url": "git@github.com:orgpawanapivalidation/repo_api_May17_06.git",
        "clone_url": "https://github.com/orgpawanapivalidation/repo_api_May17_06.git",
        "svn_url": "https://github.com/orgpawanapivalidation/repo_api_May17_06",
        "homepage": null,
        "size": 0,
        "stargazers_count": 0,
        "watchers_count": 0,
        "language": null,
        "has_issues": true,
        "has_projects": true,
        "has_downloads": true,
        "has_wiki": true,
        "has_pages": false,
        "has_discussions": false,
        "forks_count": 0,
        "mirror_url": null,
        "archived": false,
        "disabled": false,
        "open_issues_count": 0,
        "license": null,
        "allow_forking": true,
        "is_template": false,
        "web_commit_signoff_required": false,
        "topics": [
            
        ],
        "visibility": "public",
        "forks": 0,
        "open_issues": 0,
        "watchers": 0,
        "default_branch": "main",
        "permissions": {
            "admin": false,
            "maintain": false,
            "push": false,
            "triage": false,
            "pull": true
        }
    },
    {
        "id": 641773575,
        "node_id": "R_kgDOJkCwBw",
        "name": "repo_api_May17_07",
        "full_name": "orgpawanapivalidation/repo_api_May17_07",
        "private": false,
        "owner": {
            "login": "orgpawanapivalidation",
            "id": 132034478,
            "node_id": "O_kgDOB96vrg",
            "avatar_url": "https://avatars.githubusercontent.com/u/132034478?v=4",
            "gravatar_id": "",
            "url": "https://api.github.com/users/orgpawanapivalidation",
            "html_url": "https://github.com/orgpawanapivalidation",
            "followers_url": "https://api.github.com/users/orgpawanapivalidation/followers",
            "following_url": "https://api.github.com/users/orgpawanapivalidation/following{/other_user}",
            "gists_url": "https://api.github.com/users/orgpawanapivalidation/gists{/gist_id}",
            "starred_url": "https://api.github.com/users/orgpawanapivalidation/starred{/owner}{/repo}",
            "subscriptions_url": "https://api.github.com/users/orgpawanapivalidation/subscriptions",
            "organizations_url": "https://api.github.com/users/orgpawanapivalidation/orgs",
            "repos_url": "https://api.github.com/users/orgpawanapivalidation/repos",
            "events_url": "https://api.github.com/users/orgpawanapivalidation/events{/privacy}",
            "received_events_url": "https://api.github.com/users/orgpawanapivalidation/received_events",
            "type": "Organization",
            "site_admin": false
        },
        "html_url": "https://github.com/orgpawanapivalidation/repo_api_May17_07",
        "description": "Testing is in progress",
        "fork": false,
        "url": "https://api.github.com/repos/orgpawanapivalidation/repo_api_May17_07",
        "forks_url": "https://api.github.com/repos/orgpawanapivalidation/repo_api_May17_07/forks",
        "keys_url": "https://api.github.com/repos/orgpawanapivalidation/repo_api_May17_07/keys{/key_id}",
        "collaborators_url": "https://api.github.com/repos/orgpawanapivalidation/repo_api_May17_07/collaborators{/collaborator}",
        "teams_url": "https://api.github.com/repos/orgpawanapivalidation/repo_api_May17_07/teams",
        "hooks_url": "https://api.github.com/repos/orgpawanapivalidation/repo_api_May17_07/hooks",
        "issue_events_url": "https://api.github.com/repos/orgpawanapivalidation/repo_api_May17_07/issues/events{/number}",
        "events_url": "https://api.github.com/repos/orgpawanapivalidation/repo_api_May17_07/events",
        "assignees_url": "https://api.github.com/repos/orgpawanapivalidation/repo_api_May17_07/assignees{/user}",
        "branches_url": "https://api.github.com/repos/orgpawanapivalidation/repo_api_May17_07/branches{/branch}",
        "tags_url": "https://api.github.com/repos/orgpawanapivalidation/repo_api_May17_07/tags",
        "blobs_url": "https://api.github.com/repos/orgpawanapivalidation/repo_api_May17_07/git/blobs{/sha}",
        "git_tags_url": "https://api.github.com/repos/orgpawanapivalidation/repo_api_May17_07/git/tags{/sha}",
        "git_refs_url": "https://api.github.com/repos/orgpawanapivalidation/repo_api_May17_07/git/refs{/sha}",
        "trees_url": "https://api.github.com/repos/orgpawanapivalidation/repo_api_May17_07/git/trees{/sha}",
        "statuses_url": "https://api.github.com/repos/orgpawanapivalidation/repo_api_May17_07/statuses/{sha}",
        "languages_url": "https://api.github.com/repos/orgpawanapivalidation/repo_api_May17_07/languages",
        "stargazers_url": "https://api.github.com/repos/orgpawanapivalidation/repo_api_May17_07/stargazers",
        "contributors_url": "https://api.github.com/repos/orgpawanapivalidation/repo_api_May17_07/contributors",
        "subscribers_url": "https://api.github.com/repos/orgpawanapivalidation/repo_api_May17_07/subscribers",
        "subscription_url": "https://api.github.com/repos/orgpawanapivalidation/repo_api_May17_07/subscription",
        "commits_url": "https://api.github.com/repos/orgpawanapivalidation/repo_api_May17_07/commits{/sha}",
        "git_commits_url": "https://api.github.com/repos/orgpawanapivalidation/repo_api_May17_07/git/commits{/sha}",
        "comments_url": "https://api.github.com/repos/orgpawanapivalidation/repo_api_May17_07/comments{/number}",
        "issue_comment_url": "https://api.github.com/repos/orgpawanapivalidation/repo_api_May17_07/issues/comments{/number}",
        "contents_url": "https://api.github.com/repos/orgpawanapivalidation/repo_api_May17_07/contents/{+path}",
        "compare_url": "https://api.github.com/repos/orgpawanapivalidation/repo_api_May17_07/compare/{base}...{head}",
        "merges_url": "https://api.github.com/repos/orgpawanapivalidation/repo_api_May17_07/merges",
        "archive_url": "https://api.github.com/repos/orgpawanapivalidation/repo_api_May17_07/{archive_format}{/ref}",
        "downloads_url": "https://api.github.com/repos/orgpawanapivalidation/repo_api_May17_07/downloads",
        "issues_url": "https://api.github.com/repos/orgpawanapivalidation/repo_api_May17_07/issues{/number}",
        "pulls_url": "https://api.github.com/repos/orgpawanapivalidation/repo_api_May17_07/pulls{/number}",
        "milestones_url": "https://api.github.com/repos/orgpawanapivalidation/repo_api_May17_07/milestones{/number}",
        "notifications_url": "https://api.github.com/repos/orgpawanapivalidation/repo_api_May17_07/notifications{?since,all,participating}",
        "labels_url": "https://api.github.com/repos/orgpawanapivalidation/repo_api_May17_07/labels{/name}",
        "releases_url": "https://api.github.com/repos/orgpawanapivalidation/repo_api_May17_07/releases{/id}",
        "deployments_url": "https://api.github.com/repos/orgpawanapivalidation/repo_api_May17_07/deployments",
        "created_at": "2023-05-17T06:25:09Z",
        "updated_at": "2023-05-17T06:25:10Z",
        "pushed_at": "2023-05-17T06:25:10Z",
        "git_url": "git://github.com/orgpawanapivalidation/repo_api_May17_07.git",
        "ssh_url": "git@github.com:orgpawanapivalidation/repo_api_May17_07.git",
        "clone_url": "https://github.com/orgpawanapivalidation/repo_api_May17_07.git",
        "svn_url": "https://github.com/orgpawanapivalidation/repo_api_May17_07",
        "homepage": null,
        "size": 0,
        "stargazers_count": 0,
        "watchers_count": 0,
        "language": null,
        "has_issues": true,
        "has_projects": true,
        "has_downloads": true,
        "has_wiki": true,
        "has_pages": false,
        "has_discussions": false,
        "forks_count": 0,
        "mirror_url": null,
        "archived": false,
        "disabled": false,
        "open_issues_count": 0,
        "license": null,
        "allow_forking": true,
        "is_template": false,
        "web_commit_signoff_required": false,
        "topics": [
            
        ],
        "visibility": "public",
        "forks": 0,
        "open_issues": 0,
        "watchers": 0,
        "default_branch": "main",
        "permissions": {
            "admin": false,
            "maintain": false,
            "push": false,
            "triage": false,
            "pull": true
        }
    },
    {
        "id": 641798230,
        "node_id": "R_kgDOJkEQVg",
        "name": "repo_api_May17_08",
        "full_name": "orgpawanapivalidation/repo_api_May17_08",
        "private": false,
        "owner": {
            "login": "orgpawanapivalidation",
            "id": 132034478,
            "node_id": "O_kgDOB96vrg",
            "avatar_url": "https://avatars.githubusercontent.com/u/132034478?v=4",
            "gravatar_id": "",
            "url": "https://api.github.com/users/orgpawanapivalidation",
            "html_url": "https://github.com/orgpawanapivalidation",
            "followers_url": "https://api.github.com/users/orgpawanapivalidation/followers",
            "following_url": "https://api.github.com/users/orgpawanapivalidation/following{/other_user}",
            "gists_url": "https://api.github.com/users/orgpawanapivalidation/gists{/gist_id}",
            "starred_url": "https://api.github.com/users/orgpawanapivalidation/starred{/owner}{/repo}",
            "subscriptions_url": "https://api.github.com/users/orgpawanapivalidation/subscriptions",
            "organizations_url": "https://api.github.com/users/orgpawanapivalidation/orgs",
            "repos_url": "https://api.github.com/users/orgpawanapivalidation/repos",
            "events_url": "https://api.github.com/users/orgpawanapivalidation/events{/privacy}",
            "received_events_url": "https://api.github.com/users/orgpawanapivalidation/received_events",
            "type": "Organization",
            "site_admin": false
        },
        "html_url": "https://github.com/orgpawanapivalidation/repo_api_May17_08",
        "description": "Testing is in progress",
        "fork": false,
        "url": "https://api.github.com/repos/orgpawanapivalidation/repo_api_May17_08",
        "forks_url": "https://api.github.com/repos/orgpawanapivalidation/repo_api_May17_08/forks",
        "keys_url": "https://api.github.com/repos/orgpawanapivalidation/repo_api_May17_08/keys{/key_id}",
        "collaborators_url": "https://api.github.com/repos/orgpawanapivalidation/repo_api_May17_08/collaborators{/collaborator}",
        "teams_url": "https://api.github.com/repos/orgpawanapivalidation/repo_api_May17_08/teams",
        "hooks_url": "https://api.github.com/repos/orgpawanapivalidation/repo_api_May17_08/hooks",
        "issue_events_url": "https://api.github.com/repos/orgpawanapivalidation/repo_api_May17_08/issues/events{/number}",
        "events_url": "https://api.github.com/repos/orgpawanapivalidation/repo_api_May17_08/events",
        "assignees_url": "https://api.github.com/repos/orgpawanapivalidation/repo_api_May17_08/assignees{/user}",
        "branches_url": "https://api.github.com/repos/orgpawanapivalidation/repo_api_May17_08/branches{/branch}",
        "tags_url": "https://api.github.com/repos/orgpawanapivalidation/repo_api_May17_08/tags",
        "blobs_url": "https://api.github.com/repos/orgpawanapivalidation/repo_api_May17_08/git/blobs{/sha}",
        "git_tags_url": "https://api.github.com/repos/orgpawanapivalidation/repo_api_May17_08/git/tags{/sha}",
        "git_refs_url": "https://api.github.com/repos/orgpawanapivalidation/repo_api_May17_08/git/refs{/sha}",
        "trees_url": "https://api.github.com/repos/orgpawanapivalidation/repo_api_May17_08/git/trees{/sha}",
        "statuses_url": "https://api.github.com/repos/orgpawanapivalidation/repo_api_May17_08/statuses/{sha}",
        "languages_url": "https://api.github.com/repos/orgpawanapivalidation/repo_api_May17_08/languages",
        "stargazers_url": "https://api.github.com/repos/orgpawanapivalidation/repo_api_May17_08/stargazers",
        "contributors_url": "https://api.github.com/repos/orgpawanapivalidation/repo_api_May17_08/contributors",
        "subscribers_url": "https://api.github.com/repos/orgpawanapivalidation/repo_api_May17_08/subscribers",
        "subscription_url": "https://api.github.com/repos/orgpawanapivalidation/repo_api_May17_08/subscription",
        "commits_url": "https://api.github.com/repos/orgpawanapivalidation/repo_api_May17_08/commits{/sha}",
        "git_commits_url": "https://api.github.com/repos/orgpawanapivalidation/repo_api_May17_08/git/commits{/sha}",
        "comments_url": "https://api.github.com/repos/orgpawanapivalidation/repo_api_May17_08/comments{/number}",
        "issue_comment_url": "https://api.github.com/repos/orgpawanapivalidation/repo_api_May17_08/issues/comments{/number}",
        "contents_url": "https://api.github.com/repos/orgpawanapivalidation/repo_api_May17_08/contents/{+path}",
        "compare_url": "https://api.github.com/repos/orgpawanapivalidation/repo_api_May17_08/compare/{base}...{head}",
        "merges_url": "https://api.github.com/repos/orgpawanapivalidation/repo_api_May17_08/merges",
        "archive_url": "https://api.github.com/repos/orgpawanapivalidation/repo_api_May17_08/{archive_format}{/ref}",
        "downloads_url": "https://api.github.com/repos/orgpawanapivalidation/repo_api_May17_08/downloads",
        "issues_url": "https://api.github.com/repos/orgpawanapivalidation/repo_api_May17_08/issues{/number}",
        "pulls_url": "https://api.github.com/repos/orgpawanapivalidation/repo_api_May17_08/pulls{/number}",
        "milestones_url": "https://api.github.com/repos/orgpawanapivalidation/repo_api_May17_08/milestones{/number}",
        "notifications_url": "https://api.github.com/repos/orgpawanapivalidation/repo_api_May17_08/notifications{?since,all,participating}",
        "labels_url": "https://api.github.com/repos/orgpawanapivalidation/repo_api_May17_08/labels{/name}",
        "releases_url": "https://api.github.com/repos/orgpawanapivalidation/repo_api_May17_08/releases{/id}",
        "deployments_url": "https://api.github.com/repos/orgpawanapivalidation/repo_api_May17_08/deployments",
        "created_at": "2023-05-17T07:32:27Z",
        "updated_at": "2023-05-17T07:32:28Z",
        "pushed_at": "2023-05-17T07:32:28Z",
        "git_url": "git://github.com/orgpawanapivalidation/repo_api_May17_08.git",
        "ssh_url": "git@github.com:orgpawanapivalidation/repo_api_May17_08.git",
        "clone_url": "https://github.com/orgpawanapivalidation/repo_api_May17_08.git",
        "svn_url": "https://github.com/orgpawanapivalidation/repo_api_May17_08",
        "homepage": null,
        "size": 0,
        "stargazers_count": 0,
        "watchers_count": 0,
        "language": null,
        "has_issues": true,
        "has_projects": true,
        "has_downloads": true,
        "has_wiki": true,
        "has_pages": false,
        "has_discussions": false,
        "forks_count": 0,
        "mirror_url": null,
        "archived": false,
        "disabled": false,
        "open_issues_count": 0,
        "license": null,
        "allow_forking": true,
        "is_template": false,
        "web_commit_signoff_required": false,
        "topics": [
            
        ],
        "visibility": "public",
        "forks": 0,
        "open_issues": 0,
        "watchers": 0,
        "default_branch": "main",
        "permissions": {
            "admin": false,
            "maintain": false,
            "push": false,
            "triage": false,
            "pull": true
        }
    },
    {
        "id": 641801582,
        "node_id": "R_kgDOJkEdbg",
        "name": "repo_api_May17_09",
        "full_name": "orgpawanapivalidation/repo_api_May17_09",
        "private": false,
        "owner": {
            "login": "orgpawanapivalidation",
            "id": 132034478,
            "node_id": "O_kgDOB96vrg",
            "avatar_url": "https://avatars.githubusercontent.com/u/132034478?v=4",
            "gravatar_id": "",
            "url": "https://api.github.com/users/orgpawanapivalidation",
            "html_url": "https://github.com/orgpawanapivalidation",
            "followers_url": "https://api.github.com/users/orgpawanapivalidation/followers",
            "following_url": "https://api.github.com/users/orgpawanapivalidation/following{/other_user}",
            "gists_url": "https://api.github.com/users/orgpawanapivalidation/gists{/gist_id}",
            "starred_url": "https://api.github.com/users/orgpawanapivalidation/starred{/owner}{/repo}",
            "subscriptions_url": "https://api.github.com/users/orgpawanapivalidation/subscriptions",
            "organizations_url": "https://api.github.com/users/orgpawanapivalidation/orgs",
            "repos_url": "https://api.github.com/users/orgpawanapivalidation/repos",
            "events_url": "https://api.github.com/users/orgpawanapivalidation/events{/privacy}",
            "received_events_url": "https://api.github.com/users/orgpawanapivalidation/received_events",
            "type": "Organization",
            "site_admin": false
        },
        "html_url": "https://github.com/orgpawanapivalidation/repo_api_May17_09",
        "description": "Testing is in progress",
        "fork": false,
        "url": "https://api.github.com/repos/orgpawanapivalidation/repo_api_May17_09",
        "forks_url": "https://api.github.com/repos/orgpawanapivalidation/repo_api_May17_09/forks",
        "keys_url": "https://api.github.com/repos/orgpawanapivalidation/repo_api_May17_09/keys{/key_id}",
        "collaborators_url": "https://api.github.com/repos/orgpawanapivalidation/repo_api_May17_09/collaborators{/collaborator}",
        "teams_url": "https://api.github.com/repos/orgpawanapivalidation/repo_api_May17_09/teams",
        "hooks_url": "https://api.github.com/repos/orgpawanapivalidation/repo_api_May17_09/hooks",
        "issue_events_url": "https://api.github.com/repos/orgpawanapivalidation/repo_api_May17_09/issues/events{/number}",
        "events_url": "https://api.github.com/repos/orgpawanapivalidation/repo_api_May17_09/events",
        "assignees_url": "https://api.github.com/repos/orgpawanapivalidation/repo_api_May17_09/assignees{/user}",
        "branches_url": "https://api.github.com/repos/orgpawanapivalidation/repo_api_May17_09/branches{/branch}",
        "tags_url": "https://api.github.com/repos/orgpawanapivalidation/repo_api_May17_09/tags",
        "blobs_url": "https://api.github.com/repos/orgpawanapivalidation/repo_api_May17_09/git/blobs{/sha}",
        "git_tags_url": "https://api.github.com/repos/orgpawanapivalidation/repo_api_May17_09/git/tags{/sha}",
        "git_refs_url": "https://api.github.com/repos/orgpawanapivalidation/repo_api_May17_09/git/refs{/sha}",
        "trees_url": "https://api.github.com/repos/orgpawanapivalidation/repo_api_May17_09/git/trees{/sha}",
        "statuses_url": "https://api.github.com/repos/orgpawanapivalidation/repo_api_May17_09/statuses/{sha}",
        "languages_url": "https://api.github.com/repos/orgpawanapivalidation/repo_api_May17_09/languages",
        "stargazers_url": "https://api.github.com/repos/orgpawanapivalidation/repo_api_May17_09/stargazers",
        "contributors_url": "https://api.github.com/repos/orgpawanapivalidation/repo_api_May17_09/contributors",
        "subscribers_url": "https://api.github.com/repos/orgpawanapivalidation/repo_api_May17_09/subscribers",
        "subscription_url": "https://api.github.com/repos/orgpawanapivalidation/repo_api_May17_09/subscription",
        "commits_url": "https://api.github.com/repos/orgpawanapivalidation/repo_api_May17_09/commits{/sha}",
        "git_commits_url": "https://api.github.com/repos/orgpawanapivalidation/repo_api_May17_09/git/commits{/sha}",
        "comments_url": "https://api.github.com/repos/orgpawanapivalidation/repo_api_May17_09/comments{/number}",
        "issue_comment_url": "https://api.github.com/repos/orgpawanapivalidation/repo_api_May17_09/issues/comments{/number}",
        "contents_url": "https://api.github.com/repos/orgpawanapivalidation/repo_api_May17_09/contents/{+path}",
        "compare_url": "https://api.github.com/repos/orgpawanapivalidation/repo_api_May17_09/compare/{base}...{head}",
        "merges_url": "https://api.github.com/repos/orgpawanapivalidation/repo_api_May17_09/merges",
        "archive_url": "https://api.github.com/repos/orgpawanapivalidation/repo_api_May17_09/{archive_format}{/ref}",
        "downloads_url": "https://api.github.com/repos/orgpawanapivalidation/repo_api_May17_09/downloads",
        "issues_url": "https://api.github.com/repos/orgpawanapivalidation/repo_api_May17_09/issues{/number}",
        "pulls_url": "https://api.github.com/repos/orgpawanapivalidation/repo_api_May17_09/pulls{/number}",
        "milestones_url": "https://api.github.com/repos/orgpawanapivalidation/repo_api_May17_09/milestones{/number}",
        "notifications_url": "https://api.github.com/repos/orgpawanapivalidation/repo_api_May17_09/notifications{?since,all,participating}",
        "labels_url": "https://api.github.com/repos/orgpawanapivalidation/repo_api_May17_09/labels{/name}",
        "releases_url": "https://api.github.com/repos/orgpawanapivalidation/repo_api_May17_09/releases{/id}",
        "deployments_url": "https://api.github.com/repos/orgpawanapivalidation/repo_api_May17_09/deployments",
        "created_at": "2023-05-17T07:40:54Z",
        "updated_at": "2023-05-17T07:40:54Z",
        "pushed_at": "2023-05-17T07:40:54Z",
        "git_url": "git://github.com/orgpawanapivalidation/repo_api_May17_09.git",
        "ssh_url": "git@github.com:orgpawanapivalidation/repo_api_May17_09.git",
        "clone_url": "https://github.com/orgpawanapivalidation/repo_api_May17_09.git",
        "svn_url": "https://github.com/orgpawanapivalidation/repo_api_May17_09",
        "homepage": null,
        "size": 0,
        "stargazers_count": 0,
        "watchers_count": 0,
        "language": null,
        "has_issues": true,
        "has_projects": true,
        "has_downloads": true,
        "has_wiki": true,
        "has_pages": false,
        "has_discussions": false,
        "forks_count": 0,
        "mirror_url": null,
        "archived": false,
        "disabled": false,
        "open_issues_count": 0,
        "license": null,
        "allow_forking": true,
        "is_template": false,
        "web_commit_signoff_required": false,
        "topics": [
            
        ],
        "visibility": "public",
        "forks": 0,
        "open_issues": 0,
        "watchers": 0,
        "default_branch": "main",
        "permissions": {
            "admin": false,
            "maintain": false,
            "push": false,
            "triage": false,
            "pull": true
        }
    },
    {
        "id": 643917045,
        "node_id": "R_kgDOJmFk9Q",
        "name": "repo_api_May17_10",
        "full_name": "orgpawanapivalidation/repo_api_May17_10",
        "private": false,
        "owner": {
            "login": "orgpawanapivalidation",
            "id": 132034478,
            "node_id": "O_kgDOB96vrg",
            "avatar_url": "https://avatars.githubusercontent.com/u/132034478?v=4",
            "gravatar_id": "",
            "url": "https://api.github.com/users/orgpawanapivalidation",
            "html_url": "https://github.com/orgpawanapivalidation",
            "followers_url": "https://api.github.com/users/orgpawanapivalidation/followers",
            "following_url": "https://api.github.com/users/orgpawanapivalidation/following{/other_user}",
            "gists_url": "https://api.github.com/users/orgpawanapivalidation/gists{/gist_id}",
            "starred_url": "https://api.github.com/users/orgpawanapivalidation/starred{/owner}{/repo}",
            "subscriptions_url": "https://api.github.com/users/orgpawanapivalidation/subscriptions",
            "organizations_url": "https://api.github.com/users/orgpawanapivalidation/orgs",
            "repos_url": "https://api.github.com/users/orgpawanapivalidation/repos",
            "events_url": "https://api.github.com/users/orgpawanapivalidation/events{/privacy}",
            "received_events_url": "https://api.github.com/users/orgpawanapivalidation/received_events",
            "type": "Organization",
            "site_admin": false
        },
        "html_url": "https://github.com/orgpawanapivalidation/repo_api_May17_10",
        "description": "Testing is in progress",
        "fork": false,
        "url": "https://api.github.com/repos/orgpawanapivalidation/repo_api_May17_10",
        "forks_url": "https://api.github.com/repos/orgpawanapivalidation/repo_api_May17_10/forks",
        "keys_url": "https://api.github.com/repos/orgpawanapivalidation/repo_api_May17_10/keys{/key_id}",
        "collaborators_url": "https://api.github.com/repos/orgpawanapivalidation/repo_api_May17_10/collaborators{/collaborator}",
        "teams_url": "https://api.github.com/repos/orgpawanapivalidation/repo_api_May17_10/teams",
        "hooks_url": "https://api.github.com/repos/orgpawanapivalidation/repo_api_May17_10/hooks",
        "issue_events_url": "https://api.github.com/repos/orgpawanapivalidation/repo_api_May17_10/issues/events{/number}",
        "events_url": "https://api.github.com/repos/orgpawanapivalidation/repo_api_May17_10/events",
        "assignees_url": "https://api.github.com/repos/orgpawanapivalidation/repo_api_May17_10/assignees{/user}",
        "branches_url": "https://api.github.com/repos/orgpawanapivalidation/repo_api_May17_10/branches{/branch}",
        "tags_url": "https://api.github.com/repos/orgpawanapivalidation/repo_api_May17_10/tags",
        "blobs_url": "https://api.github.com/repos/orgpawanapivalidation/repo_api_May17_10/git/blobs{/sha}",
        "git_tags_url": "https://api.github.com/repos/orgpawanapivalidation/repo_api_May17_10/git/tags{/sha}",
        "git_refs_url": "https://api.github.com/repos/orgpawanapivalidation/repo_api_May17_10/git/refs{/sha}",
        "trees_url": "https://api.github.com/repos/orgpawanapivalidation/repo_api_May17_10/git/trees{/sha}",
        "statuses_url": "https://api.github.com/repos/orgpawanapivalidation/repo_api_May17_10/statuses/{sha}",
        "languages_url": "https://api.github.com/repos/orgpawanapivalidation/repo_api_May17_10/languages",
        "stargazers_url": "https://api.github.com/repos/orgpawanapivalidation/repo_api_May17_10/stargazers",
        "contributors_url": "https://api.github.com/repos/orgpawanapivalidation/repo_api_May17_10/contributors",
        "subscribers_url": "https://api.github.com/repos/orgpawanapivalidation/repo_api_May17_10/subscribers",
        "subscription_url": "https://api.github.com/repos/orgpawanapivalidation/repo_api_May17_10/subscription",
        "commits_url": "https://api.github.com/repos/orgpawanapivalidation/repo_api_May17_10/commits{/sha}",
        "git_commits_url": "https://api.github.com/repos/orgpawanapivalidation/repo_api_May17_10/git/commits{/sha}",
        "comments_url": "https://api.github.com/repos/orgpawanapivalidation/repo_api_May17_10/comments{/number}",
        "issue_comment_url": "https://api.github.com/repos/orgpawanapivalidation/repo_api_May17_10/issues/comments{/number}",
        "contents_url": "https://api.github.com/repos/orgpawanapivalidation/repo_api_May17_10/contents/{+path}",
        "compare_url": "https://api.github.com/repos/orgpawanapivalidation/repo_api_May17_10/compare/{base}...{head}",
        "merges_url": "https://api.github.com/repos/orgpawanapivalidation/repo_api_May17_10/merges",
        "archive_url": "https://api.github.com/repos/orgpawanapivalidation/repo_api_May17_10/{archive_format}{/ref}",
        "downloads_url": "https://api.github.com/repos/orgpawanapivalidation/repo_api_May17_10/downloads",
        "issues_url": "https://api.github.com/repos/orgpawanapivalidation/repo_api_May17_10/issues{/number}",
        "pulls_url": "https://api.github.com/repos/orgpawanapivalidation/repo_api_May17_10/pulls{/number}",
        "milestones_url": "https://api.github.com/repos/orgpawanapivalidation/repo_api_May17_10/milestones{/number}",
        "notifications_url": "https://api.github.com/repos/orgpawanapivalidation/repo_api_May17_10/notifications{?since,all,participating}",
        "labels_url": "https://api.github.com/repos/orgpawanapivalidation/repo_api_May17_10/labels{/name}",
        "releases_url": "https://api.github.com/repos/orgpawanapivalidation/repo_api_May17_10/releases{/id}",
        "deployments_url": "https://api.github.com/repos/orgpawanapivalidation/repo_api_May17_10/deployments",
        "created_at": "2023-05-22T12:27:36Z",
        "updated_at": "2023-05-22T12:27:37Z",
        "pushed_at": "2023-05-22T12:27:37Z",
        "git_url": "git://github.com/orgpawanapivalidation/repo_api_May17_10.git",
        "ssh_url": "git@github.com:orgpawanapivalidation/repo_api_May17_10.git",
        "clone_url": "https://github.com/orgpawanapivalidation/repo_api_May17_10.git",
        "svn_url": "https://github.com/orgpawanapivalidation/repo_api_May17_10",
        "homepage": null,
        "size": 0,
        "stargazers_count": 0,
        "watchers_count": 0,
        "language": null,
        "has_issues": true,
        "has_projects": true,
        "has_downloads": true,
        "has_wiki": true,
        "has_pages": false,
        "has_discussions": false,
        "forks_count": 0,
        "mirror_url": null,
        "archived": false,
        "disabled": false,
        "open_issues_count": 0,
        "license": null,
        "allow_forking": true,
        "is_template": false,
        "web_commit_signoff_required": false,
        "topics": [
            
        ],
        "visibility": "public",
        "forks": 0,
        "open_issues": 0,
        "watchers": 0,
        "default_branch": "main",
        "permissions": {
            "admin": false,
            "maintain": false,
            "push": false,
            "triage": false,
            "pull": true
        }
    }
]
=============== After any scenarios ==============
=============== After Execute perticular tags ==============
]]></system-out>
  </testcase>
  <testcase name="List org repo scenarios #2" classname="List organization repositories" time="0.528">
    <system-out><![CDATA[=============== Execute perticular tags ==============
=============== Before any scenarios ==============
Executing Given
Executing When
Request method:	GET
Request URI:	https://api.github.com/orgs/pkgl/repos?type=public
Proxy:			<none>
Request params:	<none>
Query params:	type=public
Form params:	<none>
Path params:	org=pkgl
Headers:		Authorization=
				Accept=*/*
Cookies:		<none>
Multiparts:		<none>
Body:			<none>
Executing Then
{
    "message": "Not Found",
    "documentation_url": "https://docs.github.com/rest/reference/repos#list-organization-repositories"
}
=============== After any scenarios ==============
=============== After Execute perticular tags ==============
]]></system-out>
  </testcase>
  <testcase name="List org repo scenarios #3" classname="List organization repositories" time="0.493">
    <system-out><![CDATA[=============== Execute perticular tags ==============
=============== Before any scenarios ==============
Executing Given
Executing When
Request method:	GET
Request URI:	https://api.github.com/orgs/orgpawanapivalidation/repos?type=private
Proxy:			<none>
Request params:	<none>
Query params:	type=private
Form params:	<none>
Path params:	org=orgpawanapivalidation
Headers:		Authorization=Bearer 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
				Accept=*/*
Cookies:		<none>
Multiparts:		<none>
Body:			<none>
Executing Then
[
    {
        "id": 633700868,
        "node_id": "R_kgDOJcWCBA",
        "name": "repo_api_April23",
        "full_name": "orgpawanapivalidation/repo_api_April23",
        "private": true,
        "owner": {
            "login": "orgpawanapivalidation",
            "id": 132034478,
            "node_id": "O_kgDOB96vrg",
            "avatar_url": "https://avatars.githubusercontent.com/u/132034478?v=4",
            "gravatar_id": "",
            "url": "https://api.github.com/users/orgpawanapivalidation",
            "html_url": "https://github.com/orgpawanapivalidation",
            "followers_url": "https://api.github.com/users/orgpawanapivalidation/followers",
            "following_url": "https://api.github.com/users/orgpawanapivalidation/following{/other_user}",
            "gists_url": "https://api.github.com/users/orgpawanapivalidation/gists{/gist_id}",
            "starred_url": "https://api.github.com/users/orgpawanapivalidation/starred{/owner}{/repo}",
            "subscriptions_url": "https://api.github.com/users/orgpawanapivalidation/subscriptions",
            "organizations_url": "https://api.github.com/users/orgpawanapivalidation/orgs",
            "repos_url": "https://api.github.com/users/orgpawanapivalidation/repos",
            "events_url": "https://api.github.com/users/orgpawanapivalidation/events{/privacy}",
            "received_events_url": "https://api.github.com/users/orgpawanapivalidation/received_events",
            "type": "Organization",
            "site_admin": false
        },
        "html_url": "https://github.com/orgpawanapivalidation/repo_api_April23",
        "description": null,
        "fork": false,
        "url": "https://api.github.com/repos/orgpawanapivalidation/repo_api_April23",
        "forks_url": "https://api.github.com/repos/orgpawanapivalidation/repo_api_April23/forks",
        "keys_url": "https://api.github.com/repos/orgpawanapivalidation/repo_api_April23/keys{/key_id}",
        "collaborators_url": "https://api.github.com/repos/orgpawanapivalidation/repo_api_April23/collaborators{/collaborator}",
        "teams_url": "https://api.github.com/repos/orgpawanapivalidation/repo_api_April23/teams",
        "hooks_url": "https://api.github.com/repos/orgpawanapivalidation/repo_api_April23/hooks",
        "issue_events_url": "https://api.github.com/repos/orgpawanapivalidation/repo_api_April23/issues/events{/number}",
        "events_url": "https://api.github.com/repos/orgpawanapivalidation/repo_api_April23/events",
        "assignees_url": "https://api.github.com/repos/orgpawanapivalidation/repo_api_April23/assignees{/user}",
        "branches_url": "https://api.github.com/repos/orgpawanapivalidation/repo_api_April23/branches{/branch}",
        "tags_url": "https://api.github.com/repos/orgpawanapivalidation/repo_api_April23/tags",
        "blobs_url": "https://api.github.com/repos/orgpawanapivalidation/repo_api_April23/git/blobs{/sha}",
        "git_tags_url": "https://api.github.com/repos/orgpawanapivalidation/repo_api_April23/git/tags{/sha}",
        "git_refs_url": "https://api.github.com/repos/orgpawanapivalidation/repo_api_April23/git/refs{/sha}",
        "trees_url": "https://api.github.com/repos/orgpawanapivalidation/repo_api_April23/git/trees{/sha}",
        "statuses_url": "https://api.github.com/repos/orgpawanapivalidation/repo_api_April23/statuses/{sha}",
        "languages_url": "https://api.github.com/repos/orgpawanapivalidation/repo_api_April23/languages",
        "stargazers_url": "https://api.github.com/repos/orgpawanapivalidation/repo_api_April23/stargazers",
        "contributors_url": "https://api.github.com/repos/orgpawanapivalidation/repo_api_April23/contributors",
        "subscribers_url": "https://api.github.com/repos/orgpawanapivalidation/repo_api_April23/subscribers",
        "subscription_url": "https://api.github.com/repos/orgpawanapivalidation/repo_api_April23/subscription",
        "commits_url": "https://api.github.com/repos/orgpawanapivalidation/repo_api_April23/commits{/sha}",
        "git_commits_url": "https://api.github.com/repos/orgpawanapivalidation/repo_api_April23/git/commits{/sha}",
        "comments_url": "https://api.github.com/repos/orgpawanapivalidation/repo_api_April23/comments{/number}",
        "issue_comment_url": "https://api.github.com/repos/orgpawanapivalidation/repo_api_April23/issues/comments{/number}",
        "contents_url": "https://api.github.com/repos/orgpawanapivalidation/repo_api_April23/contents/{+path}",
        "compare_url": "https://api.github.com/repos/orgpawanapivalidation/repo_api_April23/compare/{base}...{head}",
        "merges_url": "https://api.github.com/repos/orgpawanapivalidation/repo_api_April23/merges",
        "archive_url": "https://api.github.com/repos/orgpawanapivalidation/repo_api_April23/{archive_format}{/ref}",
        "downloads_url": "https://api.github.com/repos/orgpawanapivalidation/repo_api_April23/downloads",
        "issues_url": "https://api.github.com/repos/orgpawanapivalidation/repo_api_April23/issues{/number}",
        "pulls_url": "https://api.github.com/repos/orgpawanapivalidation/repo_api_April23/pulls{/number}",
        "milestones_url": "https://api.github.com/repos/orgpawanapivalidation/repo_api_April23/milestones{/number}",
        "notifications_url": "https://api.github.com/repos/orgpawanapivalidation/repo_api_April23/notifications{?since,all,participating}",
        "labels_url": "https://api.github.com/repos/orgpawanapivalidation/repo_api_April23/labels{/name}",
        "releases_url": "https://api.github.com/repos/orgpawanapivalidation/repo_api_April23/releases{/id}",
        "deployments_url": "https://api.github.com/repos/orgpawanapivalidation/repo_api_April23/deployments",
        "created_at": "2023-04-28T04:57:07Z",
        "updated_at": "2023-04-28T04:57:08Z",
        "pushed_at": "2023-04-28T04:57:08Z",
        "git_url": "git://github.com/orgpawanapivalidation/repo_api_April23.git",
        "ssh_url": "git@github.com:orgpawanapivalidation/repo_api_April23.git",
        "clone_url": "https://github.com/orgpawanapivalidation/repo_api_April23.git",
        "svn_url": "https://github.com/orgpawanapivalidation/repo_api_April23",
        "homepage": null,
        "size": 0,
        "stargazers_count": 0,
        "watchers_count": 0,
        "language": null,
        "has_issues": true,
        "has_projects": true,
        "has_downloads": true,
        "has_wiki": false,
        "has_pages": false,
        "has_discussions": false,
        "forks_count": 0,
        "mirror_url": null,
        "archived": false,
        "disabled": false,
        "open_issues_count": 0,
        "license": null,
        "allow_forking": false,
        "is_template": false,
        "web_commit_signoff_required": false,
        "topics": [
            
        ],
        "visibility": "private",
        "forks": 0,
        "open_issues": 0,
        "watchers": 0,
        "default_branch": "main",
        "permissions": {
            "admin": true,
            "maintain": true,
            "push": true,
            "triage": true,
            "pull": true
        }
    },
    {
        "id": 641220890,
        "node_id": "R_kgDOJjhBGg",
        "name": "repo_api_April23_001",
        "full_name": "orgpawanapivalidation/repo_api_April23_001",
        "private": true,
        "owner": {
            "login": "orgpawanapivalidation",
            "id": 132034478,
            "node_id": "O_kgDOB96vrg",
            "avatar_url": "https://avatars.githubusercontent.com/u/132034478?v=4",
            "gravatar_id": "",
            "url": "https://api.github.com/users/orgpawanapivalidation",
            "html_url": "https://github.com/orgpawanapivalidation",
            "followers_url": "https://api.github.com/users/orgpawanapivalidation/followers",
            "following_url": "https://api.github.com/users/orgpawanapivalidation/following{/other_user}",
            "gists_url": "https://api.github.com/users/orgpawanapivalidation/gists{/gist_id}",
            "starred_url": "https://api.github.com/users/orgpawanapivalidation/starred{/owner}{/repo}",
            "subscriptions_url": "https://api.github.com/users/orgpawanapivalidation/subscriptions",
            "organizations_url": "https://api.github.com/users/orgpawanapivalidation/orgs",
            "repos_url": "https://api.github.com/users/orgpawanapivalidation/repos",
            "events_url": "https://api.github.com/users/orgpawanapivalidation/events{/privacy}",
            "received_events_url": "https://api.github.com/users/orgpawanapivalidation/received_events",
            "type": "Organization",
            "site_admin": false
        },
        "html_url": "https://github.com/orgpawanapivalidation/repo_api_April23_001",
        "description": null,
        "fork": false,
        "url": "https://api.github.com/repos/orgpawanapivalidation/repo_api_April23_001",
        "forks_url": "https://api.github.com/repos/orgpawanapivalidation/repo_api_April23_001/forks",
        "keys_url": "https://api.github.com/repos/orgpawanapivalidation/repo_api_April23_001/keys{/key_id}",
        "collaborators_url": "https://api.github.com/repos/orgpawanapivalidation/repo_api_April23_001/collaborators{/collaborator}",
        "teams_url": "https://api.github.com/repos/orgpawanapivalidation/repo_api_April23_001/teams",
        "hooks_url": "https://api.github.com/repos/orgpawanapivalidation/repo_api_April23_001/hooks",
        "issue_events_url": "https://api.github.com/repos/orgpawanapivalidation/repo_api_April23_001/issues/events{/number}",
        "events_url": "https://api.github.com/repos/orgpawanapivalidation/repo_api_April23_001/events",
        "assignees_url": "https://api.github.com/repos/orgpawanapivalidation/repo_api_April23_001/assignees{/user}",
        "branches_url": "https://api.github.com/repos/orgpawanapivalidation/repo_api_April23_001/branches{/branch}",
        "tags_url": "https://api.github.com/repos/orgpawanapivalidation/repo_api_April23_001/tags",
        "blobs_url": "https://api.github.com/repos/orgpawanapivalidation/repo_api_April23_001/git/blobs{/sha}",
        "git_tags_url": "https://api.github.com/repos/orgpawanapivalidation/repo_api_April23_001/git/tags{/sha}",
        "git_refs_url": "https://api.github.com/repos/orgpawanapivalidation/repo_api_April23_001/git/refs{/sha}",
        "trees_url": "https://api.github.com/repos/orgpawanapivalidation/repo_api_April23_001/git/trees{/sha}",
        "statuses_url": "https://api.github.com/repos/orgpawanapivalidation/repo_api_April23_001/statuses/{sha}",
        "languages_url": "https://api.github.com/repos/orgpawanapivalidation/repo_api_April23_001/languages",
        "stargazers_url": "https://api.github.com/repos/orgpawanapivalidation/repo_api_April23_001/stargazers",
        "contributors_url": "https://api.github.com/repos/orgpawanapivalidation/repo_api_April23_001/contributors",
        "subscribers_url": "https://api.github.com/repos/orgpawanapivalidation/repo_api_April23_001/subscribers",
        "subscription_url": "https://api.github.com/repos/orgpawanapivalidation/repo_api_April23_001/subscription",
        "commits_url": "https://api.github.com/repos/orgpawanapivalidation/repo_api_April23_001/commits{/sha}",
        "git_commits_url": "https://api.github.com/repos/orgpawanapivalidation/repo_api_April23_001/git/commits{/sha}",
        "comments_url": "https://api.github.com/repos/orgpawanapivalidation/repo_api_April23_001/comments{/number}",
        "issue_comment_url": "https://api.github.com/repos/orgpawanapivalidation/repo_api_April23_001/issues/comments{/number}",
        "contents_url": "https://api.github.com/repos/orgpawanapivalidation/repo_api_April23_001/contents/{+path}",
        "compare_url": "https://api.github.com/repos/orgpawanapivalidation/repo_api_April23_001/compare/{base}...{head}",
        "merges_url": "https://api.github.com/repos/orgpawanapivalidation/repo_api_April23_001/merges",
        "archive_url": "https://api.github.com/repos/orgpawanapivalidation/repo_api_April23_001/{archive_format}{/ref}",
        "downloads_url": "https://api.github.com/repos/orgpawanapivalidation/repo_api_April23_001/downloads",
        "issues_url": "https://api.github.com/repos/orgpawanapivalidation/repo_api_April23_001/issues{/number}",
        "pulls_url": "https://api.github.com/repos/orgpawanapivalidation/repo_api_April23_001/pulls{/number}",
        "milestones_url": "https://api.github.com/repos/orgpawanapivalidation/repo_api_April23_001/milestones{/number}",
        "notifications_url": "https://api.github.com/repos/orgpawanapivalidation/repo_api_April23_001/notifications{?since,all,participating}",
        "labels_url": "https://api.github.com/repos/orgpawanapivalidation/repo_api_April23_001/labels{/name}",
        "releases_url": "https://api.github.com/repos/orgpawanapivalidation/repo_api_April23_001/releases{/id}",
        "deployments_url": "https://api.github.com/repos/orgpawanapivalidation/repo_api_April23_001/deployments",
        "created_at": "2023-05-16T03:07:15Z",
        "updated_at": "2023-05-16T03:07:15Z",
        "pushed_at": "2023-05-16T03:07:15Z",
        "git_url": "git://github.com/orgpawanapivalidation/repo_api_April23_001.git",
        "ssh_url": "git@github.com:orgpawanapivalidation/repo_api_April23_001.git",
        "clone_url": "https://github.com/orgpawanapivalidation/repo_api_April23_001.git",
        "svn_url": "https://github.com/orgpawanapivalidation/repo_api_April23_001",
        "homepage": null,
        "size": 0,
        "stargazers_count": 0,
        "watchers_count": 0,
        "language": null,
        "has_issues": true,
        "has_projects": true,
        "has_downloads": true,
        "has_wiki": false,
        "has_pages": false,
        "has_discussions": false,
        "forks_count": 0,
        "mirror_url": null,
        "archived": false,
        "disabled": false,
        "open_issues_count": 0,
        "license": null,
        "allow_forking": false,
        "is_template": false,
        "web_commit_signoff_required": false,
        "topics": [
            
        ],
        "visibility": "private",
        "forks": 0,
        "open_issues": 0,
        "watchers": 0,
        "default_branch": "main",
        "permissions": {
            "admin": true,
            "maintain": true,
            "push": true,
            "triage": true,
            "pull": true
        }
    }
]
=============== After any scenarios ==============
=============== After Execute perticular tags ==============
]]></system-out>
  </testcase>
</testsuite>